#
# There is insufficient memory for the Java Runtime Environment to continue.
# Native memory allocation (malloc) failed to allocate 155568 bytes. Error detail: Chunk::new
# Possible reasons:
#   The system is out of physical RAM or swap space
#   This process is running with CompressedOops enabled, and the Java Heap may be blocking the growth of the native heap
# Possible solutions:
#   Reduce memory load on the system
#   Increase physical memory or swap space
#   Check if swap backing store is full
#   Decrease Java heap size (-Xmx/-Xms)
#   Decrease number of Java threads
#   Decrease Java thread stack sizes (-Xss)
#   Set larger code cache with -XX:ReservedCodeCacheSize=
#   JVM is running with Unscaled Compressed Oops mode in which the Java heap is
#     placed in the first 4GB address space. The Java Heap base address is the
#     maximum limit for the native heap growth. Please use -XX:HeapBaseMinAddress
#     to set the Java Heap base and to place the Java Heap above 4GB virtual address.
# This output file may be truncated or incomplete.
#
#  Out of Memory Error (arena.cpp:191), pid=23944, tid=16728
#
# JRE version: OpenJDK Runtime Environment Microsoft-10376486 (17.0.13+11) (build 17.0.13+11-LTS)
# Java VM: OpenJDK 64-Bit Server VM Microsoft-10376486 (17.0.13+11-LTS, mixed mode, sharing, tiered, compressed oops, compressed class ptrs, g1 gc, windows-amd64)
# No core dump will be written. Minidumps are not enabled by default on client versions of Windows
#

---------------  S U M M A R Y ------------

Command Line: -XX:MaxMetaspaceSize=512m --add-opens=java.base/java.util=ALL-UNNAMED --add-opens=java.base/java.lang=ALL-UNNAMED --add-opens=java.base/java.lang.invoke=ALL-UNNAMED --add-opens=java.prefs/java.util.prefs=ALL-UNNAMED --add-exports=jdk.compiler/com.sun.tools.javac.api=ALL-UNNAMED --add-exports=jdk.compiler/com.sun.tools.javac.util=ALL-UNNAMED --add-opens=java.base/java.nio.charset=ALL-UNNAMED --add-opens=java.base/java.net=ALL-UNNAMED --add-opens=java.base/java.util.concurrent.atomic=ALL-UNNAMED -Xmx2048m -Dfile.encoding=utf8 -Duser.country=US -Duser.language=en -Duser.variant -javaagent:C:\Users\Tayyab Sattar\.gradle\wrapper\dists\gradle-8.10.2-all\7iv73wktx1xtkvlq19urqw1wm\gradle-8.10.2\lib\agents\gradle-instrumentation-agent-8.10.2.jar org.gradle.launcher.daemon.bootstrap.GradleDaemon 8.10.2

Host: Intel(R) Core(TM) i5-8265U CPU @ 1.60GHz, 8 cores, 7G,  Windows 11 , 64 bit Build 22621 (10.0.22621.4391)
Time: Mon Jan 27 19:20:54 2025 Pakistan Standard Time elapsed time: 8816.086206 seconds (0d 2h 26m 56s)

---------------  T H R E A D  ---------------

Current thread (0x000001eb6ba39250):  JavaThread "C2 CompilerThread1" daemon [_thread_in_native, id=16728, stack(0x0000004ed0000000,0x0000004ed0100000)]


Current CompileTask:
C2:8816086 8102       4       org.gradle.internal.service.DefaultServiceRegistry$OwnServices::collectProvidersForClassHierarchy (129 bytes)

Stack: [0x0000004ed0000000,0x0000004ed0100000]
Native frames: (J=compiled Java code, j=interpreted, Vv=VM code, C=native code)
V  [jvm.dll+0x687fc9]
V  [jvm.dll+0x83eeb8]
V  [jvm.dll+0x840963]
V  [jvm.dll+0x840fd3]
V  [jvm.dll+0x24951f]
V  [jvm.dll+0xad0c4]
V  [jvm.dll+0xad75c]
V  [jvm.dll+0x11efd4]
V  [jvm.dll+0x613c02]
V  [jvm.dll+0x617cf4]
V  [jvm.dll+0x21a5c0]
V  [jvm.dll+0x219b7f]
V  [jvm.dll+0x1a5506]
V  [jvm.dll+0x22a1ca]
V  [jvm.dll+0x22830b]
V  [jvm.dll+0x7f4708]
V  [jvm.dll+0x7eea6c]
V  [jvm.dll+0x686ea7]
C  [ucrtbase.dll+0x29333]
C  [KERNEL32.DLL+0x1259d]
C  [ntdll.dll+0x5af38]


---------------  P R O C E S S  ---------------

Threads class SMR info:
_java_thread_list=0x000001eb6ea0e1d0, length=50, elements={
0x000001eb2d0ec630, 0x000001eb4b560cb0, 0x000001eb4b561b30, 0x000001eb4b573fb0,
0x000001eb4b574a80, 0x000001eb4b57c470, 0x000001eb4b57ce30, 0x000001eb4b57db20,
0x000001eb4b57e520, 0x000001eb4b581f40, 0x000001eb4b54a130, 0x000001eb4b746390,
0x000001eb6bd16960, 0x000001eb6c75d500, 0x000001eb6ca59e30, 0x000001eb6b92eb60,
0x000001eb6b92f070, 0x000001eb6b92bdd0, 0x000001eb6b92d720, 0x000001eb6b92d210,
0x000001eb6ee97670, 0x000001eb6ee96740, 0x000001eb6ee93ec0, 0x000001eb6ee994d0,
0x000001eb6ee98ab0, 0x000001eb6ee92060, 0x000001eb6ee999e0, 0x000001eb6ee97160,
0x000001eb6ee97b80, 0x000001eb6ee92a80, 0x000001eb6ee948e0, 0x000001eb6ee92f90,
0x000001eb6ee943d0, 0x000001eb6ee94df0, 0x000001eb6ee95300, 0x000001eb6ee95810,
0x000001eb6ee98fc0, 0x000001eb6ee96230, 0x000001eb6ee985a0, 0x000001eb6ee96c50,
0x000001eb6ee98090, 0x000001eb6b92dc30, 0x000001eb6b92e650, 0x000001eb6b92b8c0,
0x000001eb6b92cd00, 0x000001eb6b92c2e0, 0x000001eb6e350bf0, 0x000001eb6e3506e0,
0x000001eb6ba39250, 0x000001eb6ba36d20
}

Java Threads: ( => current thread )
  0x000001eb2d0ec630 JavaThread "main" [_thread_blocked, id=23212, stack(0x0000004ecc400000,0x0000004ecc500000)]
  0x000001eb4b560cb0 JavaThread "Reference Handler" daemon [_thread_blocked, id=6388, stack(0x0000004eccb00000,0x0000004eccc00000)]
  0x000001eb4b561b30 JavaThread "Finalizer" daemon [_thread_blocked, id=24152, stack(0x0000004eccc00000,0x0000004eccd00000)]
  0x000001eb4b573fb0 JavaThread "Signal Dispatcher" daemon [_thread_blocked, id=15276, stack(0x0000004eccd00000,0x0000004ecce00000)]
  0x000001eb4b574a80 JavaThread "Attach Listener" daemon [_thread_blocked, id=7752, stack(0x0000004ecce00000,0x0000004eccf00000)]
  0x000001eb4b57c470 JavaThread "Service Thread" daemon [_thread_blocked, id=18604, stack(0x0000004eccf00000,0x0000004ecd000000)]
  0x000001eb4b57ce30 JavaThread "Monitor Deflation Thread" daemon [_thread_blocked, id=11192, stack(0x0000004ecd000000,0x0000004ecd100000)]
  0x000001eb4b57db20 JavaThread "C2 CompilerThread0" daemon [_thread_in_native, id=3872, stack(0x0000004ecd100000,0x0000004ecd200000)]
  0x000001eb4b57e520 JavaThread "C1 CompilerThread0" daemon [_thread_in_native, id=17276, stack(0x0000004ecd200000,0x0000004ecd300000)]
  0x000001eb4b581f40 JavaThread "Sweeper thread" daemon [_thread_blocked, id=7612, stack(0x0000004ecd300000,0x0000004ecd400000)]
  0x000001eb4b54a130 JavaThread "Common-Cleaner" daemon [_thread_blocked, id=15320, stack(0x0000004ecd400000,0x0000004ecd500000)]
  0x000001eb4b746390 JavaThread "Notification Thread" daemon [_thread_blocked, id=21804, stack(0x0000004ecd600000,0x0000004ecd700000)]
  0x000001eb6bd16960 JavaThread "Daemon health stats" [_thread_blocked, id=15196, stack(0x0000004ecdd00000,0x0000004ecde00000)]
  0x000001eb6c75d500 JavaThread "Incoming local TCP Connector on port 59137" [_thread_in_native, id=14020, stack(0x0000004ecd800000,0x0000004ecd900000)]
  0x000001eb6ca59e30 JavaThread "Daemon periodic checks" [_thread_blocked, id=7172, stack(0x0000004ecdf00000,0x0000004ece000000)]
  0x000001eb6b92eb60 JavaThread "Cache worker for journal cache (C:\Users\Tayyab Sattar\.gradle\caches\journal-1)" [_thread_blocked, id=24064, stack(0x0000004ece700000,0x0000004ece800000)]
  0x000001eb6b92f070 JavaThread "File lock request listener" [_thread_in_native, id=14764, stack(0x0000004ece800000,0x0000004ece900000)]
  0x000001eb6b92bdd0 JavaThread "Cache worker for file hash cache (C:\Users\Tayyab Sattar\.gradle\caches\8.10.2\fileHashes)" [_thread_blocked, id=12200, stack(0x0000004ece900000,0x0000004ecea00000)]
  0x000001eb6b92d720 JavaThread "File watcher server" daemon [_thread_in_native, id=6168, stack(0x0000004ecf100000,0x0000004ecf200000)]
  0x000001eb6b92d210 JavaThread "File watcher consumer" daemon [_thread_blocked, id=12980, stack(0x0000004ecf200000,0x0000004ecf300000)]
  0x000001eb6ee97670 JavaThread "jar transforms" [_thread_blocked, id=1880, stack(0x0000004ecf300000,0x0000004ecf400000)]
  0x000001eb6ee96740 JavaThread "jar transforms Thread 2" [_thread_blocked, id=5448, stack(0x0000004ecf400000,0x0000004ecf500000)]
  0x000001eb6ee93ec0 JavaThread "jar transforms Thread 3" [_thread_blocked, id=20004, stack(0x0000004ecf500000,0x0000004ecf600000)]
  0x000001eb6ee994d0 JavaThread "Cache worker for file content cache (C:\Users\Tayyab Sattar\.gradle\caches\8.10.2\fileContent)" [_thread_blocked, id=4824, stack(0x0000004ecf600000,0x0000004ecf700000)]
  0x000001eb6ee98ab0 JavaThread "jar transforms Thread 4" [_thread_blocked, id=17328, stack(0x0000004ecf900000,0x0000004ecfa00000)]
  0x000001eb6ee92060 JavaThread "jar transforms Thread 5" [_thread_blocked, id=18784, stack(0x0000004ecfa00000,0x0000004ecfb00000)]
  0x000001eb6ee999e0 JavaThread "jar transforms Thread 6" [_thread_blocked, id=10408, stack(0x0000004ecfc00000,0x0000004ecfd00000)]
  0x000001eb6ee97160 JavaThread "jar transforms Thread 7" [_thread_blocked, id=14696, stack(0x0000004ecfd00000,0x0000004ecfe00000)]
  0x000001eb6ee97b80 JavaThread "jar transforms Thread 8" [_thread_blocked, id=6432, stack(0x0000004ecfe00000,0x0000004ecff00000)]
  0x000001eb6ee92a80 JavaThread "Daemon Thread 2" [_thread_blocked, id=8776, stack(0x0000004ecc300000,0x0000004ecc400000)]
  0x000001eb6ee948e0 JavaThread "Handler for socket connection from /127.0.0.1:59137 to /127.0.0.1:50990" [_thread_in_native, id=10264, stack(0x0000004ecd500000,0x0000004ecd600000)]
  0x000001eb6ee92f90 JavaThread "Cancel handler" [_thread_blocked, id=21172, stack(0x0000004ecde00000,0x0000004ecdf00000)]
  0x000001eb6ee943d0 JavaThread "Daemon worker Thread 2" [_thread_in_vm, id=15504, stack(0x0000004ece000000,0x0000004ece100000)]
  0x000001eb6ee94df0 JavaThread "Asynchronous log dispatcher for DefaultDaemonConnection: socket connection from /127.0.0.1:59137 to /127.0.0.1:50990" [_thread_blocked, id=22672, stack(0x0000004ece100000,0x0000004ece200000)]
  0x000001eb6ee95300 JavaThread "Stdin handler" [_thread_blocked, id=12932, stack(0x0000004ece200000,0x0000004ece300000)]
  0x000001eb6ee95810 JavaThread "Daemon client event forwarder" [_thread_blocked, id=18664, stack(0x0000004ece300000,0x0000004ece400000)]
  0x000001eb6ee98fc0 JavaThread "Cache worker for file hash cache (D:\Bootcamp-Techloset\expense\android\.gradle\8.10.2\fileHashes)" [_thread_blocked, id=19376, stack(0x0000004ece400000,0x0000004ece500000)]
  0x000001eb6ee96230 JavaThread "Cache worker for Build Output Cleanup Cache (D:\Bootcamp-Techloset\expense\android\.gradle\buildOutputCleanup)" [_thread_blocked, id=19552, stack(0x0000004ece500000,0x0000004ece600000)]
  0x000001eb6ee985a0 JavaThread "Cache worker for checksums cache (D:\Bootcamp-Techloset\expense\android\.gradle\8.10.2\checksums)" [_thread_blocked, id=16444, stack(0x0000004eced00000,0x0000004ecee00000)]
  0x000001eb6ee96c50 JavaThread "Cache worker for cache directory md-rule (C:\Users\Tayyab Sattar\.gradle\caches\8.10.2\md-rule)" [_thread_blocked, id=21476, stack(0x0000004ecee00000,0x0000004ecef00000)]
  0x000001eb6ee98090 JavaThread "Cache worker for cache directory md-supplier (C:\Users\Tayyab Sattar\.gradle\caches\8.10.2\md-supplier)" [_thread_blocked, id=23040, stack(0x0000004ecef00000,0x0000004ecf000000)]
  0x000001eb6b92dc30 JavaThread "Cache worker for Build Output Cleanup Cache (D:\Bootcamp-Techloset\expense\node_modules\@react-native\gradle-plugin\.gradle\buildOutputCleanup)" [_thread_blocked, id=9248, stack(0x0000004ece600000,0x0000004ece700000)]
  0x000001eb6b92e650 JavaThread "Unconstrained build operations" [_thread_blocked, id=18524, stack(0x0000004ecf700000,0x0000004ecf800000)]
  0x000001eb6b92b8c0 JavaThread "Unconstrained build operations Thread 2" [_thread_blocked, id=18928, stack(0x0000004ecf800000,0x0000004ecf900000)]
  0x000001eb6b92cd00 JavaThread "Unconstrained build operations Thread 3" [_thread_blocked, id=4432, stack(0x0000004ecfb00000,0x0000004ecfc00000)]
  0x000001eb6b92c2e0 JavaThread "Unconstrained build operations Thread 4" [_thread_blocked, id=19740, stack(0x0000004ecff00000,0x0000004ed0000000)]
  0x000001eb6e350bf0 JavaThread "Unconstrained build operations Thread 5" [_thread_blocked, id=12908, stack(0x0000004ed0100000,0x0000004ed0200000)]
  0x000001eb6e3506e0 JavaThread "Unconstrained build operations Thread 6" [_thread_blocked, id=17400, stack(0x0000004ed0200000,0x0000004ed0300000)]
=>0x000001eb6ba39250 JavaThread "C2 CompilerThread1" daemon [_thread_in_native, id=16728, stack(0x0000004ed0000000,0x0000004ed0100000)]
  0x000001eb6ba36d20 JavaThread "C2 CompilerThread2" daemon [_thread_in_native, id=18192, stack(0x0000004ed0300000,0x0000004ed0400000)]

Other Threads:
  0x000001eb4b5582a0 VMThread "VM Thread" [stack: 0x0000004ecca00000,0x0000004eccb00000] [id=8112]
  0x000001eb2d0ed4b0 WatcherThread [stack: 0x0000004ecd700000,0x0000004ecd800000] [id=24164]
  0x000001eb2d1476c0 GCTaskThread "GC Thread#0" [stack: 0x0000004ecc500000,0x0000004ecc600000] [id=15132]
  0x000001eb6b488740 GCTaskThread "GC Thread#1" [stack: 0x0000004ecda00000,0x0000004ecdb00000] [id=3732]
  0x000001eb6b488a00 GCTaskThread "GC Thread#2" [stack: 0x0000004ecdb00000,0x0000004ecdc00000] [id=15004]
  0x000001eb6b776770 GCTaskThread "GC Thread#3" [stack: 0x0000004ecd900000,0x0000004ecda00000] [id=14960]
  0x000001eb6bb25520 GCTaskThread "GC Thread#4" [stack: 0x0000004ecdc00000,0x0000004ecdd00000] [id=11720]
  0x000001eb6c9df890 GCTaskThread "GC Thread#5" [stack: 0x0000004ecea00000,0x0000004eceb00000] [id=4528]
  0x000001eb6bd53020 GCTaskThread "GC Thread#6" [stack: 0x0000004eceb00000,0x0000004ecec00000] [id=23592]
  0x000001eb6ba996b0 GCTaskThread "GC Thread#7" [stack: 0x0000004ecec00000,0x0000004eced00000] [id=3968]
  0x000001eb2d158610 ConcurrentGCThread "G1 Main Marker" [stack: 0x0000004ecc600000,0x0000004ecc700000] [id=5076]
  0x000001eb2d159030 ConcurrentGCThread "G1 Conc#0" [stack: 0x0000004ecc700000,0x0000004ecc800000] [id=2268]
  0x000001eb6d448b90 ConcurrentGCThread "G1 Conc#1" [stack: 0x0000004ecf000000,0x0000004ecf100000] [id=14820]
  0x000001eb4b4134e0 ConcurrentGCThread "G1 Refine#0" [stack: 0x0000004ecc800000,0x0000004ecc900000] [id=3584]
  0x000001eb6d7376a0 ConcurrentGCThread "G1 Refine#1" [stack: 0x0000004ecc200000,0x0000004ecc300000] [id=20124]
  0x000001eb4b414e30 ConcurrentGCThread "G1 Service" [stack: 0x0000004ecc900000,0x0000004ecca00000] [id=21096]

Threads with active compile tasks:
C2 CompilerThread0  8816138 8113       4       java.lang.reflect.Method::getTypeParameters (19 bytes)
C2 CompilerThread1  8816138 8102       4       org.gradle.internal.service.DefaultServiceRegistry$OwnServices::collectProvidersForClassHierarchy (129 bytes)
C2 CompilerThread2  8816139 8121   !   4       java.lang.reflect.Executable::sharedToGenericString (255 bytes)

VM state: not at safepoint (normal execution)

VM Mutex/Monitor currently owned by a thread: None

Heap address: 0x0000000080000000, size: 2048 MB, Compressed Oops mode: 32-bit

CDS archive(s) mapped at: [0x000001eb4c000000-0x000001eb4cbb0000-0x000001eb4cbb0000), size 12255232, SharedBaseAddress: 0x000001eb4c000000, ArchiveRelocationMode: 1.
Compressed class space mapped at: 0x000001eb4d000000-0x000001eb67000000, reserved size: 436207616
Narrow klass base: 0x000001eb4c000000, Narrow klass shift: 0, Narrow klass range: 0x100000000

GC Precious Log:
 CPUs: 8 total, 8 available
 Memory: 7998M
 Large Page Support: Disabled
 NUMA Support: Disabled
 Compressed Oops: Enabled (32-bit)
 Heap Region Size: 1M
 Heap Min Capacity: 8M
 Heap Initial Capacity: 126M
 Heap Max Capacity: 2G
 Pre-touch: Disabled
 Parallel Workers: 8
 Concurrent Workers: 2
 Concurrent Refinement Workers: 8
 Periodic GC: Disabled

Heap:
 garbage-first heap   total 184320K, used 64038K [0x0000000080000000, 0x0000000100000000)
  region size 1024K, 17 young (17408K), 2 survivors (2048K)
 Metaspace       used 61928K, committed 62656K, reserved 491520K
  class space    used 8717K, committed 9088K, reserved 425984K

Heap Regions: E=young(eden), S=young(survivor), O=old, HS=humongous(starts), HC=humongous(continues), CS=collection set, F=free, OA=open archive, CA=closed archive, TAMS=top-at-mark-start (previous, next)
|   0|0x0000000080000000, 0x0000000080100000, 0x0000000080100000|100%| O|  |TAMS 0x0000000080100000, 0x0000000080000000| Untracked 
|   1|0x0000000080100000, 0x0000000080200000, 0x0000000080200000|100%| O|  |TAMS 0x0000000080200000, 0x0000000080100000| Untracked 
|   2|0x0000000080200000, 0x0000000080300000, 0x0000000080300000|100%|HS|  |TAMS 0x0000000080300000, 0x0000000080200000| Complete 
|   3|0x0000000080300000, 0x0000000080400000, 0x0000000080400000|100%|HC|  |TAMS 0x0000000080400000, 0x0000000080300000| Complete 
|   4|0x0000000080400000, 0x0000000080500000, 0x0000000080500000|100%|HC|  |TAMS 0x0000000080500000, 0x0000000080400000| Complete 
|   5|0x0000000080500000, 0x0000000080600000, 0x0000000080600000|100%|HC|  |TAMS 0x0000000080600000, 0x0000000080500000| Complete 
|   6|0x0000000080600000, 0x0000000080700000, 0x0000000080700000|100%| O|  |TAMS 0x0000000080700000, 0x0000000080600000| Untracked 
|   7|0x0000000080700000, 0x0000000080800000, 0x0000000080800000|100%| O|  |TAMS 0x0000000080800000, 0x0000000080700000| Untracked 
|   8|0x0000000080800000, 0x0000000080900000, 0x0000000080900000|100%| O|  |TAMS 0x0000000080900000, 0x0000000080800000| Untracked 
|   9|0x0000000080900000, 0x0000000080a00000, 0x0000000080a00000|100%|HS|  |TAMS 0x0000000080a00000, 0x0000000080900000| Complete 
|  10|0x0000000080a00000, 0x0000000080b00000, 0x0000000080b00000|100%| O|  |TAMS 0x0000000080b00000, 0x0000000080a00000| Untracked 
|  11|0x0000000080b00000, 0x0000000080c00000, 0x0000000080c00000|100%| O|  |TAMS 0x0000000080c00000, 0x0000000080b00000| Untracked 
|  12|0x0000000080c00000, 0x0000000080c00000, 0x0000000080d00000|  0%| F|  |TAMS 0x0000000080c00000, 0x0000000080c00000| Untracked 
|  13|0x0000000080d00000, 0x0000000080e00000, 0x0000000080e00000|100%| O|  |TAMS 0x0000000080e00000, 0x0000000080d00000| Untracked 
|  14|0x0000000080e00000, 0x0000000080f00000, 0x0000000080f00000|100%| O|  |TAMS 0x0000000080f00000, 0x0000000080e00000| Untracked 
|  15|0x0000000080f00000, 0x0000000081000000, 0x0000000081000000|100%| O|  |TAMS 0x0000000081000000, 0x0000000080f00000| Untracked 
|  16|0x0000000081000000, 0x0000000081100000, 0x0000000081100000|100%| O|  |TAMS 0x0000000081100000, 0x0000000081000000| Untracked 
|  17|0x0000000081100000, 0x0000000081200000, 0x0000000081200000|100%| O|  |TAMS 0x0000000081200000, 0x0000000081100000| Untracked 
|  18|0x0000000081200000, 0x0000000081300000, 0x0000000081300000|100%| O|  |TAMS 0x0000000081300000, 0x0000000081200000| Untracked 
|  19|0x0000000081300000, 0x0000000081400000, 0x0000000081400000|100%| O|  |TAMS 0x0000000081400000, 0x0000000081300000| Untracked 
|  20|0x0000000081400000, 0x0000000081500000, 0x0000000081500000|100%| O|  |TAMS 0x0000000081500000, 0x0000000081400000| Untracked 
|  21|0x0000000081500000, 0x0000000081600000, 0x0000000081600000|100%| O|  |TAMS 0x0000000081600000, 0x0000000081500000| Untracked 
|  22|0x0000000081600000, 0x0000000081700000, 0x0000000081700000|100%| O|  |TAMS 0x0000000081700000, 0x0000000081600000| Untracked 
|  23|0x0000000081700000, 0x0000000081800000, 0x0000000081800000|100%| O|  |TAMS 0x0000000081800000, 0x0000000081700000| Untracked 
|  24|0x0000000081800000, 0x0000000081900000, 0x0000000081900000|100%| O|  |TAMS 0x0000000081900000, 0x0000000081800000| Untracked 
|  25|0x0000000081900000, 0x0000000081a00000, 0x0000000081a00000|100%| O|  |TAMS 0x0000000081a00000, 0x0000000081900000| Untracked 
|  26|0x0000000081a00000, 0x0000000081b00000, 0x0000000081b00000|100%| O|  |TAMS 0x0000000081b00000, 0x0000000081a00000| Untracked 
|  27|0x0000000081b00000, 0x0000000081b00000, 0x0000000081c00000|  0%| F|  |TAMS 0x0000000081b00000, 0x0000000081b00000| Untracked 
|  28|0x0000000081c00000, 0x0000000081d00000, 0x0000000081d00000|100%| O|  |TAMS 0x0000000081d00000, 0x0000000081c00000| Untracked 
|  29|0x0000000081d00000, 0x0000000081e00000, 0x0000000081e00000|100%| O|  |TAMS 0x0000000081e00000, 0x0000000081d00000| Untracked 
|  30|0x0000000081e00000, 0x0000000081f00000, 0x0000000081f00000|100%| O|  |TAMS 0x0000000081f00000, 0x0000000081e00000| Untracked 
|  31|0x0000000081f00000, 0x0000000082000000, 0x0000000082000000|100%| O|  |TAMS 0x0000000082000000, 0x0000000081f00000| Untracked 
|  32|0x0000000082000000, 0x0000000082100000, 0x0000000082100000|100%| O|  |TAMS 0x0000000082100000, 0x0000000082000000| Untracked 
|  33|0x0000000082100000, 0x0000000082200000, 0x0000000082200000|100%| O|  |TAMS 0x0000000082200000, 0x0000000082100000| Untracked 
|  34|0x0000000082200000, 0x0000000082300000, 0x0000000082300000|100%| O|  |TAMS 0x0000000082300000, 0x0000000082200000| Untracked 
|  35|0x0000000082300000, 0x0000000082400000, 0x0000000082400000|100%| O|  |TAMS 0x0000000082400000, 0x0000000082300000| Untracked 
|  36|0x0000000082400000, 0x0000000082500000, 0x0000000082500000|100%| O|  |TAMS 0x0000000082500000, 0x0000000082400000| Untracked 
|  37|0x0000000082500000, 0x0000000082600000, 0x0000000082600000|100%| O|  |TAMS 0x0000000082600000, 0x0000000082500000| Untracked 
|  38|0x0000000082600000, 0x0000000082700000, 0x0000000082700000|100%| O|  |TAMS 0x0000000082700000, 0x0000000082600000| Untracked 
|  39|0x0000000082700000, 0x0000000082800000, 0x0000000082800000|100%| O|  |TAMS 0x0000000082800000, 0x0000000082700000| Untracked 
|  40|0x0000000082800000, 0x0000000082900000, 0x0000000082900000|100%| O|  |TAMS 0x0000000082900000, 0x0000000082800000| Complete 
|  41|0x0000000082900000, 0x0000000082a00000, 0x0000000082a00000|100%| O|  |TAMS 0x0000000082a00000, 0x0000000082900000| Untracked 
|  42|0x0000000082a00000, 0x0000000082b00000, 0x0000000082b00000|100%| O|  |TAMS 0x0000000082b00000, 0x0000000082a00000| Untracked 
|  43|0x0000000082b00000, 0x0000000082c00000, 0x0000000082c00000|100%| O|  |TAMS 0x0000000082c00000, 0x0000000082b00000| Untracked 
|  44|0x0000000082c00000, 0x0000000082d00000, 0x0000000082d00000|100%| O|  |TAMS 0x0000000082d00000, 0x0000000082c00000| Untracked 
|  45|0x0000000082d00000, 0x0000000082e00000, 0x0000000082e00000|100%| O|  |TAMS 0x0000000082e00000, 0x0000000082d00000| Untracked 
|  46|0x0000000082e00000, 0x0000000082f00000, 0x0000000082f00000|100%| O|  |TAMS 0x0000000082f00000, 0x0000000082e00000| Untracked 
|  47|0x0000000082f00000, 0x0000000083000000, 0x0000000083000000|100%| O|  |TAMS 0x0000000083000000, 0x0000000082f00000| Untracked 
|  48|0x0000000083000000, 0x00000000830bfe00, 0x0000000083100000| 74%| O|  |TAMS 0x00000000830bfe00, 0x0000000083000000| Untracked 
|  49|0x0000000083100000, 0x0000000083100000, 0x0000000083200000|  0%| F|  |TAMS 0x0000000083100000, 0x0000000083100000| Untracked 
|  50|0x0000000083200000, 0x0000000083200000, 0x0000000083300000|  0%| F|  |TAMS 0x0000000083200000, 0x0000000083200000| Untracked 
|  51|0x0000000083300000, 0x0000000083300000, 0x0000000083400000|  0%| F|  |TAMS 0x0000000083300000, 0x0000000083300000| Untracked 
|  52|0x0000000083400000, 0x0000000083400000, 0x0000000083500000|  0%| F|  |TAMS 0x0000000083400000, 0x0000000083400000| Untracked 
|  53|0x0000000083500000, 0x0000000083500000, 0x0000000083600000|  0%| F|  |TAMS 0x0000000083500000, 0x0000000083500000| Untracked 
|  54|0x0000000083600000, 0x0000000083600000, 0x0000000083700000|  0%| F|  |TAMS 0x0000000083600000, 0x0000000083600000| Untracked 
|  55|0x0000000083700000, 0x0000000083700000, 0x0000000083800000|  0%| F|  |TAMS 0x0000000083700000, 0x0000000083700000| Untracked 
|  56|0x0000000083800000, 0x0000000083800000, 0x0000000083900000|  0%| F|  |TAMS 0x0000000083800000, 0x0000000083800000| Untracked 
|  57|0x0000000083900000, 0x0000000083900000, 0x0000000083a00000|  0%| F|  |TAMS 0x0000000083900000, 0x0000000083900000| Untracked 
|  58|0x0000000083a00000, 0x0000000083a00000, 0x0000000083b00000|  0%| F|  |TAMS 0x0000000083a00000, 0x0000000083a00000| Untracked 
|  59|0x0000000083b00000, 0x0000000083bc9d88, 0x0000000083c00000| 78%| S|CS|TAMS 0x0000000083b00000, 0x0000000083b00000| Complete 
|  60|0x0000000083c00000, 0x0000000083d00000, 0x0000000083d00000|100%| S|CS|TAMS 0x0000000083c00000, 0x0000000083c00000| Complete 
|  61|0x0000000083d00000, 0x0000000083d00000, 0x0000000083e00000|  0%| F|  |TAMS 0x0000000083d00000, 0x0000000083d00000| Untracked 
|  62|0x0000000083e00000, 0x0000000083e00000, 0x0000000083f00000|  0%| F|  |TAMS 0x0000000083e00000, 0x0000000083e00000| Untracked 
|  63|0x0000000083f00000, 0x0000000083f00000, 0x0000000084000000|  0%| F|  |TAMS 0x0000000083f00000, 0x0000000083f00000| Untracked 
|  64|0x0000000084000000, 0x0000000084000000, 0x0000000084100000|  0%| F|  |TAMS 0x0000000084000000, 0x0000000084000000| Untracked 
|  65|0x0000000084100000, 0x0000000084100000, 0x0000000084200000|  0%| F|  |TAMS 0x0000000084100000, 0x0000000084100000| Untracked 
|  66|0x0000000084200000, 0x0000000084200000, 0x0000000084300000|  0%| F|  |TAMS 0x0000000084200000, 0x0000000084200000| Untracked 
|  67|0x0000000084300000, 0x0000000084300000, 0x0000000084400000|  0%| F|  |TAMS 0x0000000084300000, 0x0000000084300000| Untracked 
|  68|0x0000000084400000, 0x0000000084400000, 0x0000000084500000|  0%| F|  |TAMS 0x0000000084400000, 0x0000000084400000| Untracked 
|  69|0x0000000084500000, 0x0000000084500000, 0x0000000084600000|  0%| F|  |TAMS 0x0000000084500000, 0x0000000084500000| Untracked 
|  70|0x0000000084600000, 0x0000000084600000, 0x0000000084700000|  0%| F|  |TAMS 0x0000000084600000, 0x0000000084600000| Untracked 
|  71|0x0000000084700000, 0x0000000084700000, 0x0000000084800000|  0%| F|  |TAMS 0x0000000084700000, 0x0000000084700000| Untracked 
|  72|0x0000000084800000, 0x0000000084800000, 0x0000000084900000|  0%| F|  |TAMS 0x0000000084800000, 0x0000000084800000| Untracked 
|  73|0x0000000084900000, 0x0000000084900000, 0x0000000084a00000|  0%| F|  |TAMS 0x0000000084900000, 0x0000000084900000| Untracked 
|  74|0x0000000084a00000, 0x0000000084a00000, 0x0000000084b00000|  0%| F|  |TAMS 0x0000000084a00000, 0x0000000084a00000| Untracked 
|  75|0x0000000084b00000, 0x0000000084b00000, 0x0000000084c00000|  0%| F|  |TAMS 0x0000000084b00000, 0x0000000084b00000| Untracked 
|  76|0x0000000084c00000, 0x0000000084c00000, 0x0000000084d00000|  0%| F|  |TAMS 0x0000000084c00000, 0x0000000084c00000| Untracked 
|  77|0x0000000084d00000, 0x0000000084d00000, 0x0000000084e00000|  0%| F|  |TAMS 0x0000000084d00000, 0x0000000084d00000| Untracked 
|  78|0x0000000084e00000, 0x0000000084e00000, 0x0000000084f00000|  0%| F|  |TAMS 0x0000000084e00000, 0x0000000084e00000| Untracked 
|  79|0x0000000084f00000, 0x0000000084f00000, 0x0000000085000000|  0%| F|  |TAMS 0x0000000084f00000, 0x0000000084f00000| Untracked 
|  80|0x0000000085000000, 0x0000000085000000, 0x0000000085100000|  0%| F|  |TAMS 0x0000000085000000, 0x0000000085000000| Untracked 
|  81|0x0000000085100000, 0x0000000085100000, 0x0000000085200000|  0%| F|  |TAMS 0x0000000085100000, 0x0000000085100000| Untracked 
|  82|0x0000000085200000, 0x0000000085200000, 0x0000000085300000|  0%| F|  |TAMS 0x0000000085200000, 0x0000000085200000| Untracked 
|  83|0x0000000085300000, 0x0000000085300000, 0x0000000085400000|  0%| F|  |TAMS 0x0000000085300000, 0x0000000085300000| Untracked 
|  84|0x0000000085400000, 0x0000000085400000, 0x0000000085500000|  0%| F|  |TAMS 0x0000000085400000, 0x0000000085400000| Untracked 
|  85|0x0000000085500000, 0x0000000085500000, 0x0000000085600000|  0%| F|  |TAMS 0x0000000085500000, 0x0000000085500000| Untracked 
|  86|0x0000000085600000, 0x0000000085600000, 0x0000000085700000|  0%| F|  |TAMS 0x0000000085600000, 0x0000000085600000| Untracked 
|  87|0x0000000085700000, 0x0000000085700000, 0x0000000085800000|  0%| F|  |TAMS 0x0000000085700000, 0x0000000085700000| Untracked 
|  88|0x0000000085800000, 0x0000000085800000, 0x0000000085900000|  0%| F|  |TAMS 0x0000000085800000, 0x0000000085800000| Untracked 
|  89|0x0000000085900000, 0x0000000085900000, 0x0000000085a00000|  0%| F|  |TAMS 0x0000000085900000, 0x0000000085900000| Untracked 
|  90|0x0000000085a00000, 0x0000000085a00000, 0x0000000085b00000|  0%| F|  |TAMS 0x0000000085a00000, 0x0000000085a00000| Untracked 
|  91|0x0000000085b00000, 0x0000000085b00000, 0x0000000085c00000|  0%| F|  |TAMS 0x0000000085b00000, 0x0000000085b00000| Untracked 
|  92|0x0000000085c00000, 0x0000000085c00000, 0x0000000085d00000|  0%| F|  |TAMS 0x0000000085c00000, 0x0000000085c00000| Untracked 
|  93|0x0000000085d00000, 0x0000000085d00000, 0x0000000085e00000|  0%| F|  |TAMS 0x0000000085d00000, 0x0000000085d00000| Untracked 
|  94|0x0000000085e00000, 0x0000000085e00000, 0x0000000085f00000|  0%| F|  |TAMS 0x0000000085e00000, 0x0000000085e00000| Untracked 
|  95|0x0000000085f00000, 0x0000000085f00000, 0x0000000086000000|  0%| F|  |TAMS 0x0000000085f00000, 0x0000000085f00000| Untracked 
|  96|0x0000000086000000, 0x0000000086000000, 0x0000000086100000|  0%| F|  |TAMS 0x0000000086000000, 0x0000000086000000| Untracked 
|  97|0x0000000086100000, 0x0000000086100000, 0x0000000086200000|  0%| F|  |TAMS 0x0000000086100000, 0x0000000086100000| Untracked 
|  98|0x0000000086200000, 0x0000000086200000, 0x0000000086300000|  0%| F|  |TAMS 0x0000000086200000, 0x0000000086200000| Untracked 
|  99|0x0000000086300000, 0x0000000086300000, 0x0000000086400000|  0%| F|  |TAMS 0x0000000086300000, 0x0000000086300000| Untracked 
| 100|0x0000000086400000, 0x0000000086400000, 0x0000000086500000|  0%| F|  |TAMS 0x0000000086400000, 0x0000000086400000| Untracked 
| 101|0x0000000086500000, 0x0000000086500000, 0x0000000086600000|  0%| F|  |TAMS 0x0000000086500000, 0x0000000086500000| Untracked 
| 102|0x0000000086600000, 0x0000000086600000, 0x0000000086700000|  0%| F|  |TAMS 0x0000000086600000, 0x0000000086600000| Untracked 
| 103|0x0000000086700000, 0x0000000086700000, 0x0000000086800000|  0%| F|  |TAMS 0x0000000086700000, 0x0000000086700000| Untracked 
| 104|0x0000000086800000, 0x0000000086800000, 0x0000000086900000|  0%| F|  |TAMS 0x0000000086800000, 0x0000000086800000| Untracked 
| 105|0x0000000086900000, 0x0000000086900000, 0x0000000086a00000|  0%| F|  |TAMS 0x0000000086900000, 0x0000000086900000| Untracked 
| 106|0x0000000086a00000, 0x0000000086a00000, 0x0000000086b00000|  0%| F|  |TAMS 0x0000000086a00000, 0x0000000086a00000| Untracked 
| 107|0x0000000086b00000, 0x0000000086b00000, 0x0000000086c00000|  0%| F|  |TAMS 0x0000000086b00000, 0x0000000086b00000| Untracked 
| 108|0x0000000086c00000, 0x0000000086c00000, 0x0000000086d00000|  0%| F|  |TAMS 0x0000000086c00000, 0x0000000086c00000| Untracked 
| 109|0x0000000086d00000, 0x0000000086d00000, 0x0000000086e00000|  0%| F|  |TAMS 0x0000000086d00000, 0x0000000086d00000| Untracked 
| 110|0x0000000086e00000, 0x0000000086e00000, 0x0000000086f00000|  0%| F|  |TAMS 0x0000000086e00000, 0x0000000086e00000| Untracked 
| 111|0x0000000086f00000, 0x0000000086f00000, 0x0000000087000000|  0%| F|  |TAMS 0x0000000086f00000, 0x0000000086f00000| Untracked 
| 112|0x0000000087000000, 0x0000000087000000, 0x0000000087100000|  0%| F|  |TAMS 0x0000000087000000, 0x0000000087000000| Untracked 
| 113|0x0000000087100000, 0x0000000087100000, 0x0000000087200000|  0%| F|  |TAMS 0x0000000087100000, 0x0000000087100000| Untracked 
| 114|0x0000000087200000, 0x0000000087200000, 0x0000000087300000|  0%| F|  |TAMS 0x0000000087200000, 0x0000000087200000| Untracked 
| 115|0x0000000087300000, 0x0000000087300000, 0x0000000087400000|  0%| F|  |TAMS 0x0000000087300000, 0x0000000087300000| Untracked 
| 116|0x0000000087400000, 0x0000000087400000, 0x0000000087500000|  0%| F|  |TAMS 0x0000000087400000, 0x0000000087400000| Untracked 
| 117|0x0000000087500000, 0x0000000087500000, 0x0000000087600000|  0%| F|  |TAMS 0x0000000087500000, 0x0000000087500000| Untracked 
| 118|0x0000000087600000, 0x0000000087600000, 0x0000000087700000|  0%| F|  |TAMS 0x0000000087600000, 0x0000000087600000| Untracked 
| 119|0x0000000087700000, 0x0000000087700000, 0x0000000087800000|  0%| F|  |TAMS 0x0000000087700000, 0x0000000087700000| Untracked 
| 120|0x0000000087800000, 0x0000000087800000, 0x0000000087900000|  0%| F|  |TAMS 0x0000000087800000, 0x0000000087800000| Untracked 
| 121|0x0000000087900000, 0x0000000087900000, 0x0000000087a00000|  0%| F|  |TAMS 0x0000000087900000, 0x0000000087900000| Untracked 
| 122|0x0000000087a00000, 0x0000000087a00000, 0x0000000087b00000|  0%| F|  |TAMS 0x0000000087a00000, 0x0000000087a00000| Untracked 
| 123|0x0000000087b00000, 0x0000000087b00000, 0x0000000087c00000|  0%| F|  |TAMS 0x0000000087b00000, 0x0000000087b00000| Untracked 
| 124|0x0000000087c00000, 0x0000000087c00000, 0x0000000087d00000|  0%| F|  |TAMS 0x0000000087c00000, 0x0000000087c00000| Untracked 
| 125|0x0000000087d00000, 0x0000000087d00000, 0x0000000087e00000|  0%| F|  |TAMS 0x0000000087d00000, 0x0000000087d00000| Untracked 
| 126|0x0000000087e00000, 0x0000000087e00000, 0x0000000087f00000|  0%| F|  |TAMS 0x0000000087e00000, 0x0000000087e00000| Untracked 
| 127|0x0000000087f00000, 0x0000000087f00000, 0x0000000088000000|  0%| F|  |TAMS 0x0000000087f00000, 0x0000000087f00000| Untracked 
| 128|0x0000000088000000, 0x0000000088000000, 0x0000000088100000|  0%| F|  |TAMS 0x0000000088000000, 0x0000000088000000| Untracked 
| 129|0x0000000088100000, 0x0000000088100000, 0x0000000088200000|  0%| F|  |TAMS 0x0000000088100000, 0x0000000088100000| Untracked 
| 130|0x0000000088200000, 0x0000000088200000, 0x0000000088300000|  0%| F|  |TAMS 0x0000000088200000, 0x0000000088200000| Untracked 
| 131|0x0000000088300000, 0x0000000088300000, 0x0000000088400000|  0%| F|  |TAMS 0x0000000088300000, 0x0000000088300000| Untracked 
| 132|0x0000000088400000, 0x0000000088400000, 0x0000000088500000|  0%| F|  |TAMS 0x0000000088400000, 0x0000000088400000| Untracked 
| 133|0x0000000088500000, 0x0000000088500000, 0x0000000088600000|  0%| F|  |TAMS 0x0000000088500000, 0x0000000088500000| Untracked 
| 134|0x0000000088600000, 0x0000000088600000, 0x0000000088700000|  0%| F|  |TAMS 0x0000000088600000, 0x0000000088600000| Untracked 
| 135|0x0000000088700000, 0x0000000088700000, 0x0000000088800000|  0%| F|  |TAMS 0x0000000088700000, 0x0000000088700000| Untracked 
| 136|0x0000000088800000, 0x0000000088800000, 0x0000000088900000|  0%| F|  |TAMS 0x0000000088800000, 0x0000000088800000| Untracked 
| 137|0x0000000088900000, 0x0000000088900000, 0x0000000088a00000|  0%| F|  |TAMS 0x0000000088900000, 0x0000000088900000| Untracked 
| 138|0x0000000088a00000, 0x0000000088a00000, 0x0000000088b00000|  0%| F|  |TAMS 0x0000000088a00000, 0x0000000088a00000| Untracked 
| 139|0x0000000088b00000, 0x0000000088b00000, 0x0000000088c00000|  0%| F|  |TAMS 0x0000000088b00000, 0x0000000088b00000| Untracked 
| 140|0x0000000088c00000, 0x0000000088c00000, 0x0000000088d00000|  0%| F|  |TAMS 0x0000000088c00000, 0x0000000088c00000| Untracked 
| 141|0x0000000088d00000, 0x0000000088d00000, 0x0000000088e00000|  0%| F|  |TAMS 0x0000000088d00000, 0x0000000088d00000| Untracked 
| 142|0x0000000088e00000, 0x0000000088e00000, 0x0000000088f00000|  0%| F|  |TAMS 0x0000000088e00000, 0x0000000088e00000| Untracked 
| 143|0x0000000088f00000, 0x0000000088f00000, 0x0000000089000000|  0%| F|  |TAMS 0x0000000088f00000, 0x0000000088f00000| Untracked 
| 144|0x0000000089000000, 0x0000000089000000, 0x0000000089100000|  0%| F|  |TAMS 0x0000000089000000, 0x0000000089000000| Untracked 
| 145|0x0000000089100000, 0x0000000089100000, 0x0000000089200000|  0%| F|  |TAMS 0x0000000089100000, 0x0000000089100000| Untracked 
| 146|0x0000000089200000, 0x0000000089200000, 0x0000000089300000|  0%| F|  |TAMS 0x0000000089200000, 0x0000000089200000| Untracked 
| 147|0x0000000089300000, 0x0000000089300000, 0x0000000089400000|  0%| F|  |TAMS 0x0000000089300000, 0x0000000089300000| Untracked 
| 148|0x0000000089400000, 0x0000000089400000, 0x0000000089500000|  0%| F|  |TAMS 0x0000000089400000, 0x0000000089400000| Untracked 
| 149|0x0000000089500000, 0x0000000089500000, 0x0000000089600000|  0%| F|  |TAMS 0x0000000089500000, 0x0000000089500000| Untracked 
| 150|0x0000000089600000, 0x0000000089600000, 0x0000000089700000|  0%| F|  |TAMS 0x0000000089600000, 0x0000000089600000| Untracked 
| 151|0x0000000089700000, 0x0000000089700000, 0x0000000089800000|  0%| F|  |TAMS 0x0000000089700000, 0x0000000089700000| Untracked 
| 152|0x0000000089800000, 0x0000000089800000, 0x0000000089900000|  0%| F|  |TAMS 0x0000000089800000, 0x0000000089800000| Untracked 
| 153|0x0000000089900000, 0x0000000089900000, 0x0000000089a00000|  0%| F|  |TAMS 0x0000000089900000, 0x0000000089900000| Untracked 
| 154|0x0000000089a00000, 0x0000000089a00000, 0x0000000089b00000|  0%| F|  |TAMS 0x0000000089a00000, 0x0000000089a00000| Untracked 
| 155|0x0000000089b00000, 0x0000000089b00000, 0x0000000089c00000|  0%| F|  |TAMS 0x0000000089b00000, 0x0000000089b00000| Untracked 
| 156|0x0000000089c00000, 0x0000000089c00000, 0x0000000089d00000|  0%| F|  |TAMS 0x0000000089c00000, 0x0000000089c00000| Untracked 
| 157|0x0000000089d00000, 0x0000000089d00000, 0x0000000089e00000|  0%| F|  |TAMS 0x0000000089d00000, 0x0000000089d00000| Untracked 
| 158|0x0000000089e00000, 0x0000000089e00000, 0x0000000089f00000|  0%| F|  |TAMS 0x0000000089e00000, 0x0000000089e00000| Untracked 
| 159|0x0000000089f00000, 0x0000000089f00000, 0x000000008a000000|  0%| F|  |TAMS 0x0000000089f00000, 0x0000000089f00000| Untracked 
| 160|0x000000008a000000, 0x000000008a000000, 0x000000008a100000|  0%| F|  |TAMS 0x000000008a000000, 0x000000008a000000| Untracked 
| 161|0x000000008a100000, 0x000000008a100000, 0x000000008a200000|  0%| F|  |TAMS 0x000000008a100000, 0x000000008a100000| Untracked 
| 162|0x000000008a200000, 0x000000008a200000, 0x000000008a300000|  0%| F|  |TAMS 0x000000008a200000, 0x000000008a200000| Untracked 
| 163|0x000000008a300000, 0x000000008a300000, 0x000000008a400000|  0%| F|  |TAMS 0x000000008a300000, 0x000000008a300000| Untracked 
| 164|0x000000008a400000, 0x000000008a400000, 0x000000008a500000|  0%| F|  |TAMS 0x000000008a400000, 0x000000008a400000| Untracked 
| 165|0x000000008a500000, 0x000000008a600000, 0x000000008a600000|100%| E|  |TAMS 0x000000008a500000, 0x000000008a500000| Complete 
| 166|0x000000008a600000, 0x000000008a700000, 0x000000008a700000|100%| E|CS|TAMS 0x000000008a600000, 0x000000008a600000| Complete 
| 167|0x000000008a700000, 0x000000008a800000, 0x000000008a800000|100%| E|CS|TAMS 0x000000008a700000, 0x000000008a700000| Complete 
| 168|0x000000008a800000, 0x000000008a900000, 0x000000008a900000|100%| E|CS|TAMS 0x000000008a800000, 0x000000008a800000| Complete 
| 169|0x000000008a900000, 0x000000008aa00000, 0x000000008aa00000|100%| E|CS|TAMS 0x000000008a900000, 0x000000008a900000| Complete 
| 170|0x000000008aa00000, 0x000000008ab00000, 0x000000008ab00000|100%| E|CS|TAMS 0x000000008aa00000, 0x000000008aa00000| Complete 
| 171|0x000000008ab00000, 0x000000008ac00000, 0x000000008ac00000|100%| E|CS|TAMS 0x000000008ab00000, 0x000000008ab00000| Complete 
| 172|0x000000008ac00000, 0x000000008ad00000, 0x000000008ad00000|100%| E|CS|TAMS 0x000000008ac00000, 0x000000008ac00000| Complete 
| 173|0x000000008ad00000, 0x000000008ae00000, 0x000000008ae00000|100%| E|CS|TAMS 0x000000008ad00000, 0x000000008ad00000| Complete 
| 174|0x000000008ae00000, 0x000000008af00000, 0x000000008af00000|100%| E|CS|TAMS 0x000000008ae00000, 0x000000008ae00000| Complete 
| 175|0x000000008af00000, 0x000000008b000000, 0x000000008b000000|100%| E|CS|TAMS 0x000000008af00000, 0x000000008af00000| Complete 
| 176|0x000000008b000000, 0x000000008b100000, 0x000000008b100000|100%| E|CS|TAMS 0x000000008b000000, 0x000000008b000000| Complete 
| 177|0x000000008b100000, 0x000000008b200000, 0x000000008b200000|100%| E|CS|TAMS 0x000000008b100000, 0x000000008b100000| Complete 
| 178|0x000000008b200000, 0x000000008b300000, 0x000000008b300000|100%| E|CS|TAMS 0x000000008b200000, 0x000000008b200000| Complete 
| 179|0x000000008b300000, 0x000000008b400000, 0x000000008b400000|100%| E|CS|TAMS 0x000000008b300000, 0x000000008b300000| Complete 

Card table byte_map: [0x000001eb44350000,0x000001eb44750000] _byte_map_base: 0x000001eb43f50000

Marking Bits (Prev, Next): (CMBitMap*) 0x000001eb2d147d20, (CMBitMap*) 0x000001eb2d147ce0
 Prev Bits: [0x000001eb46b50000, 0x000001eb48b50000)
 Next Bits: [0x000001eb44b50000, 0x000001eb46b50000)

Polling page: 0x000001eb2c8a0000

Metaspace:

Usage:
  Non-class:     51.96 MB used.
      Class:      8.51 MB used.
       Both:     60.48 MB used.

Virtual space:
  Non-class space:       64.00 MB reserved,      52.31 MB ( 82%) committed,  1 nodes.
      Class space:      416.00 MB reserved,       8.88 MB (  2%) committed,  1 nodes.
             Both:      480.00 MB reserved,      61.19 MB ( 13%) committed. 

Chunk freelists:
   Non-Class:  11.07 MB
       Class:  7.10 MB
        Both:  18.17 MB

MaxMetaspaceSize: 512.00 MB
CompressedClassSpaceSize: 416.00 MB
Initial GC threshold: 21.00 MB
Current GC threshold: 102.00 MB
CDS: on
MetaspaceReclaimPolicy: balanced
 - commit_granule_bytes: 65536.
 - commit_granule_words: 8192.
 - virtual_space_node_default_size: 8388608.
 - enlarge_chunks_in_place: 1.
 - new_chunks_are_fully_committed: 0.
 - uncommit_free_chunks: 1.
 - use_allocation_guard: 0.
 - handle_deallocations: 1.


Internal statistics:

num_allocs_failed_limit: 6.
num_arena_births: 1072.
num_arena_deaths: 270.
num_vsnodes_births: 2.
num_vsnodes_deaths: 0.
num_space_committed: 979.
num_space_uncommitted: 0.
num_chunks_returned_to_freelist: 376.
num_chunks_taken_from_freelist: 3768.
num_chunk_merges: 123.
num_chunk_splits: 2338.
num_chunks_enlarged: 1483.
num_inconsistent_stats: 0.

CodeHeap 'non-profiled nmethods': size=120000Kb used=5429Kb max_used=5429Kb free=114570Kb
 bounds [0x000001eb3c6f0000, 0x000001eb3cc40000, 0x000001eb43c20000]
CodeHeap 'profiled nmethods': size=120000Kb used=14380Kb max_used=14380Kb free=105619Kb
 bounds [0x000001eb34c20000, 0x000001eb35a30000, 0x000001eb3c150000]
CodeHeap 'non-nmethods': size=5760Kb used=2354Kb max_used=2418Kb free=3406Kb
 bounds [0x000001eb3c150000, 0x000001eb3c3c0000, 0x000001eb3c6f0000]
 total_blobs=8214 nmethods=7334 adapters=792
 compilation: enabled
              stopped_count=0, restarted_count=0
 full_count=0

Compilation events (20 events):
Event: 8816.003 Thread 0x000001eb4b57e520 nmethod 8111 0x000001eb35a20a10 code [0x000001eb35a20da0, 0x000001eb35a22478]
Event: 8816.003 Thread 0x000001eb4b57e520 8112       3       sun.reflect.generics.reflectiveObjects.TypeVariableImpl::make (66 bytes)
Event: 8816.004 Thread 0x000001eb4b57e520 nmethod 8112 0x000001eb35a22d10 code [0x000001eb35a22fa0, 0x000001eb35a23cc8]
Event: 8816.004 Thread 0x000001eb4b57db20 nmethod 8103 0x000001eb3cc38f90 code [0x000001eb3cc391e0, 0x000001eb3cc39f60]
Event: 8816.004 Thread 0x000001eb4b57db20 8108       4       org.codehaus.groovy.reflection.CachedMethod::compareTo (25 bytes)
Event: 8816.034 Thread 0x000001eb4b57e520 8117       3       sun.reflect.generics.tree.VoidDescriptor::accept (8 bytes)
Event: 8816.035 Thread 0x000001eb4b57e520 nmethod 8117 0x000001eb35a24090 code [0x000001eb35a24240, 0x000001eb35a24538]
Event: 8816.047 Thread 0x000001eb4b57e520 8118       3       sun.reflect.generics.visitor.Reifier::visitVoidDescriptor (14 bytes)
Event: 8816.051 Thread 0x000001eb6ba36d20 8121   !   4       java.lang.reflect.Executable::sharedToGenericString (255 bytes)
Event: 8816.056 Thread 0x000001eb4b57e520 nmethod 8118 0x000001eb35a24690 code [0x000001eb35a24840, 0x000001eb35a24a78]
Event: 8816.056 Thread 0x000001eb4b57e520 8119       3       sun.reflect.generics.tree.SimpleClassTypeSignature::accept (8 bytes)
Event: 8816.056 Thread 0x000001eb4b57e520 nmethod 8119 0x000001eb35a24b90 code [0x000001eb35a24d60, 0x000001eb35a25048]
Event: 8816.056 Thread 0x000001eb4b57e520 8124       3       sun.reflect.generics.parser.SignatureParser::parseBounds (112 bytes)
Event: 8816.057 Thread 0x000001eb4b57db20 nmethod 8108 0x000001eb3cc3a990 code [0x000001eb3cc3ac20, 0x000001eb3cc3baa8]
Event: 8816.057 Thread 0x000001eb4b57e520 nmethod 8124 0x000001eb35a25210 code [0x000001eb35a254e0, 0x000001eb35a26398]
Event: 8816.057 Thread 0x000001eb4b57e520 8120       3       sun.reflect.generics.visitor.Reifier::visitSimpleClassTypeSignature (18 bytes)
Event: 8816.057 Thread 0x000001eb4b57db20 8107       4       java.util.ComparableTimSort::binarySort (223 bytes)
Event: 8816.058 Thread 0x000001eb4b57e520 nmethod 8120 0x000001eb35a26890 code [0x000001eb35a26a40, 0x000001eb35a26c48]
Event: 8816.079 Thread 0x000001eb4b57db20 nmethod 8107 0x000001eb3cc3c610 code [0x000001eb3cc3c7c0, 0x000001eb3cc3d1e8]
Event: 8816.079 Thread 0x000001eb4b57db20 8113       4       java.lang.reflect.Method::getTypeParameters (19 bytes)

GC Heap History (20 events):
Event: 6758.456 GC heap before
{Heap before GC invocations=26 (full 0):
 garbage-first heap   total 92160K, used 45220K [0x0000000080000000, 0x0000000100000000)
  region size 1024K, 4 young (4096K), 1 survivors (1024K)
 Metaspace       used 50461K, committed 51520K, reserved 491520K
  class space    used 6984K, committed 7360K, reserved 425984K
}
Event: 6758.480 GC heap after
{Heap after GC invocations=27 (full 0):
 garbage-first heap   total 92160K, used 41089K [0x0000000080000000, 0x0000000100000000)
  region size 1024K, 1 young (1024K), 1 survivors (1024K)
 Metaspace       used 50461K, committed 51520K, reserved 491520K
  class space    used 6984K, committed 7360K, reserved 425984K
}
Event: 6902.460 GC heap before
{Heap before GC invocations=27 (full 0):
 garbage-first heap   total 92160K, used 44161K [0x0000000080000000, 0x0000000100000000)
  region size 1024K, 4 young (4096K), 1 survivors (1024K)
 Metaspace       used 50461K, committed 51520K, reserved 491520K
  class space    used 6984K, committed 7360K, reserved 425984K
}
Event: 6902.493 GC heap after
{Heap after GC invocations=28 (full 0):
 garbage-first heap   total 92160K, used 40249K [0x0000000080000000, 0x0000000100000000)
  region size 1024K, 1 young (1024K), 1 survivors (1024K)
 Metaspace       used 50461K, committed 51520K, reserved 491520K
  class space    used 6984K, committed 7360K, reserved 425984K
}
Event: 7045.184 GC heap before
{Heap before GC invocations=28 (full 0):
 garbage-first heap   total 92160K, used 43321K [0x0000000080000000, 0x0000000100000000)
  region size 1024K, 4 young (4096K), 1 survivors (1024K)
 Metaspace       used 50461K, committed 51520K, reserved 491520K
  class space    used 6984K, committed 7360K, reserved 425984K
}
Event: 7045.212 GC heap after
{Heap after GC invocations=29 (full 0):
 garbage-first heap   total 92160K, used 39234K [0x0000000080000000, 0x0000000100000000)
  region size 1024K, 1 young (1024K), 1 survivors (1024K)
 Metaspace       used 50461K, committed 51520K, reserved 491520K
  class space    used 6984K, committed 7360K, reserved 425984K
}
Event: 8809.719 GC heap before
{Heap before GC invocations=29 (full 0):
 garbage-first heap   total 92160K, used 78146K [0x0000000080000000, 0x0000000100000000)
  region size 1024K, 39 young (39936K), 1 survivors (1024K)
 Metaspace       used 50505K, committed 51520K, reserved 491520K
  class space    used 6990K, committed 7360K, reserved 425984K
}
Event: 8809.730 GC heap after
{Heap after GC invocations=30 (full 0):
 garbage-first heap   total 92160K, used 39401K [0x0000000080000000, 0x0000000100000000)
  region size 1024K, 1 young (1024K), 1 survivors (1024K)
 Metaspace       used 50505K, committed 51520K, reserved 491520K
  class space    used 6990K, committed 7360K, reserved 425984K
}
Event: 8811.989 GC heap before
{Heap before GC invocations=30 (full 0):
 garbage-first heap   total 92160K, used 77289K [0x0000000080000000, 0x0000000100000000)
  region size 1024K, 39 young (39936K), 1 survivors (1024K)
 Metaspace       used 51614K, committed 52224K, reserved 491520K
  class space    used 7173K, committed 7424K, reserved 425984K
}
Event: 8812.027 GC heap after
{Heap after GC invocations=31 (full 0):
 garbage-first heap   total 92160K, used 43735K [0x0000000080000000, 0x0000000100000000)
  region size 1024K, 5 young (5120K), 5 survivors (5120K)
 Metaspace       used 51614K, committed 52224K, reserved 491520K
  class space    used 7173K, committed 7424K, reserved 425984K
}
Event: 8812.670 GC heap before
{Heap before GC invocations=31 (full 0):
 garbage-first heap   total 92160K, used 75479K [0x0000000080000000, 0x0000000100000000)
  region size 1024K, 36 young (36864K), 5 survivors (5120K)
 Metaspace       used 52827K, committed 53376K, reserved 491520K
  class space    used 7367K, committed 7616K, reserved 425984K
}
Event: 8812.718 GC heap after
{Heap after GC invocations=32 (full 0):
 garbage-first heap   total 92160K, used 45767K [0x0000000080000000, 0x0000000100000000)
  region size 1024K, 2 young (2048K), 2 survivors (2048K)
 Metaspace       used 52827K, committed 53376K, reserved 491520K
  class space    used 7367K, committed 7616K, reserved 425984K
}
Event: 8813.900 GC heap before
{Heap before GC invocations=32 (full 0):
 garbage-first heap   total 92160K, used 76487K [0x0000000080000000, 0x0000000100000000)
  region size 1024K, 33 young (33792K), 2 survivors (2048K)
 Metaspace       used 55815K, committed 56448K, reserved 491520K
  class space    used 7845K, committed 8128K, reserved 425984K
}
Event: 8813.905 GC heap after
{Heap after GC invocations=33 (full 0):
 garbage-first heap   total 92160K, used 46607K [0x0000000080000000, 0x0000000100000000)
  region size 1024K, 3 young (3072K), 3 survivors (3072K)
 Metaspace       used 55815K, committed 56448K, reserved 491520K
  class space    used 7845K, committed 8128K, reserved 425984K
}
Event: 8815.074 GC heap before
{Heap before GC invocations=34 (full 0):
 garbage-first heap   total 92160K, used 77327K [0x0000000080000000, 0x0000000100000000)
  region size 1024K, 33 young (33792K), 3 survivors (3072K)
 Metaspace       used 58639K, committed 59328K, reserved 491520K
  class space    used 8266K, committed 8640K, reserved 425984K
}
Event: 8815.088 GC heap after
{Heap after GC invocations=35 (full 0):
 garbage-first heap   total 92160K, used 48567K [0x0000000080000000, 0x0000000100000000)
  region size 1024K, 4 young (4096K), 4 survivors (4096K)
 Metaspace       used 58639K, committed 59328K, reserved 491520K
  class space    used 8266K, committed 8640K, reserved 425984K
}
Event: 8815.113 GC heap before
{Heap before GC invocations=35 (full 0):
 garbage-first heap   total 92160K, used 49591K [0x0000000080000000, 0x0000000100000000)
  region size 1024K, 5 young (5120K), 4 survivors (4096K)
 Metaspace       used 58776K, committed 59456K, reserved 491520K
  class space    used 8278K, committed 8640K, reserved 425984K
}
Event: 8815.126 GC heap after
{Heap after GC invocations=36 (full 0):
 garbage-first heap   total 92160K, used 48372K [0x0000000080000000, 0x0000000100000000)
  region size 1024K, 1 young (1024K), 1 survivors (1024K)
 Metaspace       used 58776K, committed 59456K, reserved 491520K
  class space    used 8278K, committed 8640K, reserved 425984K
}
Event: 8816.006 GC heap before
{Heap before GC invocations=36 (full 0):
 garbage-first heap   total 92160K, used 77044K [0x0000000080000000, 0x0000000100000000)
  region size 1024K, 29 young (29696K), 1 survivors (1024K)
 Metaspace       used 61912K, committed 62656K, reserved 491520K
  class space    used 8715K, committed 9088K, reserved 425984K
}
Event: 8816.012 GC heap after
{Heap after GC invocations=37 (full 0):
 garbage-first heap   total 184320K, used 49702K [0x0000000080000000, 0x0000000100000000)
  region size 1024K, 2 young (2048K), 2 survivors (2048K)
 Metaspace       used 61912K, committed 62656K, reserved 491520K
  class space    used 8715K, committed 9088K, reserved 425984K
}

Dll operation events (15 events):
Event: 0.041 Loaded shared library C:\Program Files\Microsoft\jdk-17.0.13.11-hotspot\bin\java.dll
Event: 0.090 Loaded shared library C:\Program Files\Microsoft\jdk-17.0.13.11-hotspot\bin\jsvml.dll
Event: 0.244 Loaded shared library C:\Program Files\Microsoft\jdk-17.0.13.11-hotspot\bin\zip.dll
Event: 0.257 Loaded shared library C:\Program Files\Microsoft\jdk-17.0.13.11-hotspot\bin\instrument.dll
Event: 0.278 Loaded shared library C:\Program Files\Microsoft\jdk-17.0.13.11-hotspot\bin\net.dll
Event: 0.285 Loaded shared library C:\Program Files\Microsoft\jdk-17.0.13.11-hotspot\bin\nio.dll
Event: 0.290 Loaded shared library C:\Program Files\Microsoft\jdk-17.0.13.11-hotspot\bin\zip.dll
Event: 0.847 Loaded shared library C:\Program Files\Microsoft\jdk-17.0.13.11-hotspot\bin\jimage.dll
Event: 1.202 Loaded shared library C:\Program Files\Microsoft\jdk-17.0.13.11-hotspot\bin\verify.dll
Event: 2.106 Loaded shared library C:\Users\Tayyab Sattar\.gradle\native\c067742578af261105cb4f569cf0c3c89f3d7b1fecec35dd04571415982c5e48\windows-amd64\native-platform.dll
Event: 2.169 Loaded shared library C:\Users\Tayyab Sattar\.gradle\native\100fb08df4bc3b14c8652ba06237920a3bd2aa13389f12d3474272988ae205f9\windows-amd64\native-platform-file-events.dll
Event: 4.381 Loaded shared library C:\Program Files\Microsoft\jdk-17.0.13.11-hotspot\bin\management.dll
Event: 4.388 Loaded shared library C:\Program Files\Microsoft\jdk-17.0.13.11-hotspot\bin\management_ext.dll
Event: 4.768 Loaded shared library C:\Program Files\Microsoft\jdk-17.0.13.11-hotspot\bin\extnet.dll
Event: 5.252 Loaded shared library C:\Program Files\Microsoft\jdk-17.0.13.11-hotspot\bin\sunmscapi.dll

Deoptimization events (20 events):
Event: 8814.364 Thread 0x000001eb6ee943d0 Uncommon trap: trap_request=0xffffff45 fr.pc=0x000001eb3c9de5a8 relative=0x00000000000000a8
Event: 8814.364 Thread 0x000001eb6ee943d0 Uncommon trap: reason=unstable_if action=reinterpret pc=0x000001eb3c9de5a8 method=org.gradle.internal.instrumentation.agent.DefaultClassFileTransformer.transform(Ljava/lang/ClassLoader;Ljava/lang/String;Ljava/lang/Class;Ljava/security/ProtectionDomain;[B)
Event: 8814.364 Thread 0x000001eb6ee943d0 DEOPT PACKING pc=0x000001eb3c9de5a8 sp=0x0000004ece0f4ca0
Event: 8814.364 Thread 0x000001eb6ee943d0 DEOPT UNPACKING pc=0x000001eb3c1a69a3 sp=0x0000004ece0f4c10 mode 2
Event: 8814.370 Thread 0x000001eb6ee943d0 Uncommon trap: trap_request=0xffffff45 fr.pc=0x000001eb3c9d2e80 relative=0x00000000000001e0
Event: 8814.370 Thread 0x000001eb6ee943d0 Uncommon trap: reason=unstable_if action=reinterpret pc=0x000001eb3c9d2e80 method=sun.instrument.TransformerManager.transform(Ljava/lang/Module;Ljava/lang/ClassLoader;Ljava/lang/String;Ljava/lang/Class;Ljava/security/ProtectionDomain;[B)[B @ 66 c2
Event: 8814.370 Thread 0x000001eb6ee943d0 DEOPT PACKING pc=0x000001eb3c9d2e80 sp=0x0000004ece0f4ce0
Event: 8814.370 Thread 0x000001eb6ee943d0 DEOPT UNPACKING pc=0x000001eb3c1a69a3 sp=0x0000004ece0f4bf8 mode 2
Event: 8814.382 Thread 0x000001eb6ee943d0 Uncommon trap: trap_request=0xffffff45 fr.pc=0x000001eb3c9d20b8 relative=0x0000000000000198
Event: 8814.382 Thread 0x000001eb6ee943d0 Uncommon trap: reason=unstable_if action=reinterpret pc=0x000001eb3c9d20b8 method=sun.instrument.TransformerManager.transform(Ljava/lang/Module;Ljava/lang/ClassLoader;Ljava/lang/String;Ljava/lang/Class;Ljava/security/ProtectionDomain;[B)[B @ 66 c2
Event: 8814.383 Thread 0x000001eb6ee943d0 DEOPT PACKING pc=0x000001eb3c9d20b8 sp=0x0000004ece0f41f0
Event: 8814.383 Thread 0x000001eb6ee943d0 DEOPT UNPACKING pc=0x000001eb3c1a69a3 sp=0x0000004ece0f41a0 mode 2
Event: 8814.726 Thread 0x000001eb6ee943d0 Uncommon trap: trap_request=0xffffff54 fr.pc=0x000001eb3c7b94e4 relative=0x00000000000008e4
Event: 8814.726 Thread 0x000001eb6ee943d0 Uncommon trap: reason=speculate_null_assert action=make_not_entrant pc=0x000001eb3c7b94e4 method=java.util.jar.JarFile.getVersionedEntry(Ljava/lang/String;Ljava/util/jar/JarEntry;)Ljava/util/jar/JarEntry; @ 115 c2
Event: 8814.726 Thread 0x000001eb6ee943d0 DEOPT PACKING pc=0x000001eb3c7b94e4 sp=0x0000004ece0f56f0
Event: 8814.726 Thread 0x000001eb6ee943d0 DEOPT UNPACKING pc=0x000001eb3c1a69a3 sp=0x0000004ece0f5648 mode 2
Event: 8815.943 Thread 0x000001eb6ee943d0 Uncommon trap: trap_request=0xffffff45 fr.pc=0x000001eb3cc22614 relative=0x00000000000002d4
Event: 8815.943 Thread 0x000001eb6ee943d0 Uncommon trap: reason=unstable_if action=reinterpret pc=0x000001eb3cc22614 method=org.gradle.internal.file.FileHierarchySet$Node.isChildOfOrThis(Ljava/lang/String;I)Z @ 89 c2
Event: 8815.943 Thread 0x000001eb6ee943d0 DEOPT PACKING pc=0x000001eb3cc22614 sp=0x0000004ece0f6a00
Event: 8815.943 Thread 0x000001eb6ee943d0 DEOPT UNPACKING pc=0x000001eb3c1a69a3 sp=0x0000004ece0f6988 mode 2

Classes loaded (20 events):
Event: 8812.920 Loading class java/util/concurrent/atomic/AtomicReferenceFieldUpdater$AtomicReferenceFieldUpdaterImpl$1
Event: 8812.920 Loading class java/util/concurrent/atomic/AtomicReferenceFieldUpdater$AtomicReferenceFieldUpdaterImpl$1 done
Event: 8813.027 Loading class java/io/DeleteOnExitHook
Event: 8813.027 Loading class java/io/DeleteOnExitHook done
Event: 8813.028 Loading class java/io/DeleteOnExitHook$1
Event: 8813.028 Loading class java/io/DeleteOnExitHook$1 done
Event: 8814.034 Loading class sun/reflect/ReflectionFactory
Event: 8814.035 Loading class sun/reflect/ReflectionFactory done
Event: 8814.035 Loading class sun/reflect/ReflectionFactory$1
Event: 8814.035 Loading class sun/reflect/ReflectionFactory$1 done
Event: 8814.344 Loading class java/util/stream/SortedOps$SizedRefSortingSink
Event: 8814.344 Loading class java/util/stream/SortedOps$SizedRefSortingSink done
Event: 8815.442 Loading class java/util/ArrayList$SubList$1
Event: 8815.442 Loading class java/util/ArrayList$SubList$1 done
Event: 8815.517 Loading class sun/misc/SharedSecrets
Event: 8815.517 Loading class sun/misc/SharedSecrets done
Event: 8815.594 Loading class java/nio/channels/Channels$ReadableByteChannelImpl
Event: 8815.594 Loading class java/nio/channels/Channels$ReadableByteChannelImpl done
Event: 8815.834 Loading class java/util/Comparators$NaturalOrderComparator
Event: 8815.834 Loading class java/util/Comparators$NaturalOrderComparator done

Classes unloaded (20 events):
Event: 4785.745 Thread 0x000001eb4b5582a0 Unloading class 0x000001eb4d135c00 'jdk/internal/reflect/GeneratedSerializationConstructorAccessor7'
Event: 4785.746 Thread 0x000001eb4b5582a0 Unloading class 0x000001eb4d135800 'jdk/internal/reflect/GeneratedSerializationConstructorAccessor6'
Event: 4785.746 Thread 0x000001eb4b5582a0 Unloading class 0x000001eb4d135400 'jdk/internal/reflect/GeneratedSerializationConstructorAccessor5'
Event: 4785.746 Thread 0x000001eb4b5582a0 Unloading class 0x000001eb4d135000 'jdk/internal/reflect/GeneratedSerializationConstructorAccessor4'
Event: 4785.746 Thread 0x000001eb4b5582a0 Unloading class 0x000001eb4d134c00 'jdk/internal/reflect/GeneratedSerializationConstructorAccessor3'
Event: 4785.746 Thread 0x000001eb4b5582a0 Unloading class 0x000001eb4d134800 'jdk/internal/reflect/GeneratedSerializationConstructorAccessor2'
Event: 4785.746 Thread 0x000001eb4b5582a0 Unloading class 0x000001eb4d134400 'jdk/internal/reflect/GeneratedSerializationConstructorAccessor1'
Event: 4785.747 Thread 0x000001eb4b5582a0 Unloading class 0x000001eb4d10c800 'java/lang/invoke/LambdaForm$DMH+0x000001eb4d10c800'
Event: 4785.747 Thread 0x000001eb4b5582a0 Unloading class 0x000001eb4d10c000 'java/lang/invoke/LambdaForm$DMH+0x000001eb4d10c000'
Event: 4785.747 Thread 0x000001eb4b5582a0 Unloading class 0x000001eb4d0e6000 'java/lang/invoke/LambdaForm$MH+0x000001eb4d0e6000'
Event: 4785.747 Thread 0x000001eb4b5582a0 Unloading class 0x000001eb4d0e5800 'java/lang/invoke/LambdaForm$MH+0x000001eb4d0e5800'
Event: 4785.748 Thread 0x000001eb4b5582a0 Unloading class 0x000001eb4d0e5400 'java/lang/invoke/LambdaForm$MH+0x000001eb4d0e5400'
Event: 4785.748 Thread 0x000001eb4b5582a0 Unloading class 0x000001eb4d0e5000 'java/lang/invoke/LambdaForm$MH+0x000001eb4d0e5000'
Event: 4785.748 Thread 0x000001eb4b5582a0 Unloading class 0x000001eb4d0e4c00 'java/lang/invoke/LambdaForm$MH+0x000001eb4d0e4c00'
Event: 4785.748 Thread 0x000001eb4b5582a0 Unloading class 0x000001eb4d0e4400 'java/lang/invoke/LambdaForm$MH+0x000001eb4d0e4400'
Event: 4785.750 Thread 0x000001eb4b5582a0 Unloading class 0x000001eb4d038400 'java/lang/invoke/LambdaForm$DMH+0x000001eb4d038400'
Event: 4785.751 Thread 0x000001eb4b5582a0 Unloading class 0x000001eb4d02e800 'java/lang/invoke/LambdaForm$MH+0x000001eb4d02e800'
Event: 4785.751 Thread 0x000001eb4b5582a0 Unloading class 0x000001eb4d02e400 'java/lang/invoke/LambdaForm$MH+0x000001eb4d02e400'
Event: 4785.751 Thread 0x000001eb4b5582a0 Unloading class 0x000001eb4d02dc00 'java/lang/invoke/LambdaForm$MH+0x000001eb4d02dc00'
Event: 4785.751 Thread 0x000001eb4b5582a0 Unloading class 0x000001eb4d02c000 'java/lang/invoke/LambdaForm$MH+0x000001eb4d02c000'

Classes redefined (0 events):
No events

Internal exceptions (20 events):
Event: 8812.623 Thread 0x000001eb6ee943d0 Exception <a 'java/lang/NoSuchMethodError'{0x0000000083c484f8}: 'java.lang.Object java.lang.invoke.DirectMethodHandle$Holder.newInvokeSpecial(java.lang.Object, java.lang.Object, java.lang.Object, long)'> (0x0000000083c484f8) 
thrown [s\src\hotspot\share\interpreter\linkResolver.cpp, line 759]
Event: 8812.623 Thread 0x000001eb6ee943d0 Exception <a 'java/lang/NoSuchMethodError'{0x0000000083c4da40}: 'java.lang.Object java.lang.invoke.DirectMethodHandle$Holder.invokeSpecial(java.lang.Object, java.lang.Object, java.lang.Object, java.lang.Object, long)'> (0x0000000083c4da40) 
thrown [s\src\hotspot\share\interpreter\linkResolver.cpp, line 759]
Event: 8812.624 Thread 0x000001eb6ee943d0 Exception <a 'java/lang/NoSuchMethodError'{0x0000000083c52670}: 'java.lang.Object java.lang.invoke.Invokers$Holder.linkToTargetMethod(java.lang.Object, java.lang.Object, long, java.lang.Object)'> (0x0000000083c52670) 
thrown [s\src\hotspot\share\interpreter\linkResolver.cpp, line 759]
Event: 8813.141 Thread 0x000001eb6ee943d0 Implicit null exception at 0x000001eb3c9fd9cf to 0x000001eb3ca046e4
Event: 8813.417 Thread 0x000001eb6ee943d0 Exception <a 'java/lang/NoSuchMethodError'{0x00000000845a2df0}: 'int java.lang.invoke.DirectMethodHandle$Holder.invokeSpecialIFC(java.lang.Object, java.lang.Object, java.lang.Object)'> (0x00000000845a2df0) 
thrown [s\src\hotspot\share\interpreter\linkResolver.cpp, line 759]
Event: 8813.574 Thread 0x000001eb6ee943d0 Exception <a 'java/lang/NoSuchMethodError'{0x000000008416ceb8}: 'int java.lang.invoke.DirectMethodHandle$Holder.invokeStatic(java.lang.Object)'> (0x000000008416ceb8) 
thrown [s\src\hotspot\share\interpreter\linkResolver.cpp, line 759]
Event: 8813.633 Thread 0x000001eb6ee943d0 Exception <a 'java/lang/NoSuchMethodError'{0x0000000084062290}: 'java.lang.Object java.lang.invoke.DirectMethodHandle$Holder.invokeSpecial(java.lang.Object, java.lang.Object, java.lang.Object, java.lang.Object, java.lang.Object, long)'> (0x0000000084062290) 
thrown [s\src\hotspot\share\interpreter\linkResolver.cpp, line 759]
Event: 8813.639 Thread 0x000001eb6ee943d0 Exception <a 'java/lang/NoSuchMethodError'{0x00000000840913a8}: 'void java.lang.invoke.DirectMethodHandle$Holder.invokeStatic(java.lang.Object, java.lang.Object, java.lang.Object, int, java.lang.Object)'> (0x00000000840913a8) 
thrown [s\src\hotspot\share\interpreter\linkResolver.cpp, line 759]
Event: 8813.732 Thread 0x000001eb6ee943d0 Exception <a 'java/lang/NoSuchMethodError'{0x0000000083e2f710}: 'int java.lang.invoke.DirectMethodHandle$Holder.invokeInterface(java.lang.Object, java.lang.Object, java.lang.Object, java.lang.Object, java.lang.Object)'> (0x0000000083e2f710) 
thrown [s\src\hotspot\share\interpreter\linkResolver.cpp, line 759]
Event: 8813.843 Thread 0x000001eb6ee943d0 Exception <a 'java/lang/NoSuchMethodError'{0x0000000083c979c8}: 'java.lang.Object java.lang.invoke.DirectMethodHandle$Holder.invokeSpecial(java.lang.Object, java.lang.Object, long, java.lang.Object, java.lang.Object)'> (0x0000000083c979c8) 
thrown [s\src\hotspot\share\interpreter\linkResolver.cpp, line 759]
Event: 8813.940 Thread 0x000001eb6ee943d0 Exception <a 'java/lang/IncompatibleClassChangeError'{0x0000000087daffb8}: Found class java.lang.Object, but interface was expected> (0x0000000087daffb8) 
thrown [s\src\hotspot\share\interpreter\linkResolver.cpp, line 826]
Event: 8814.205 Thread 0x000001eb6ee943d0 Exception <a 'java/lang/NoSuchMethodError'{0x00000000852556e0}: 'java.lang.Object java.lang.invoke.DirectMethodHandle$Holder.invokeSpecialIFC(java.lang.Object, java.lang.Object, java.lang.Object)'> (0x00000000852556e0) 
thrown [s\src\hotspot\share\interpreter\linkResolver.cpp, line 759]
Event: 8815.517 Thread 0x000001eb6ee943d0 Exception <a 'java/lang/ClassNotFoundException'{0x0000000084ba2768}: sun/misc/SharedSecrets> (0x0000000084ba2768) 
thrown [s\src\hotspot\share\classfile\systemDictionary.cpp, line 256]
Event: 8815.527 Thread 0x000001eb6ee95810 Exception <a 'java/lang/NoSuchMethodError'{0x0000000084a2a068}: static Lorg/gradle/internal/build/event/types/DefaultBuildPhaseDescriptor;.<clinit>()V> (0x0000000084a2a068) 
thrown [s\src\hotspot\share\prims\jni.cpp, line 1112]
Event: 8815.565 Thread 0x000001eb6ee943d0 Exception <a 'sun/nio/fs/WindowsException'{0x0000000084afb898}> (0x0000000084afb898) 
thrown [s\src\hotspot\share\prims\jni.cpp, line 516]
Event: 8815.565 Thread 0x000001eb6ee943d0 Exception <a 'sun/nio/fs/WindowsException'{0x0000000084afbb38}> (0x0000000084afbb38) 
thrown [s\src\hotspot\share\prims\jni.cpp, line 516]
Event: 8815.566 Thread 0x000001eb6ee943d0 Exception <a 'sun/nio/fs/WindowsException'{0x0000000084afec90}> (0x0000000084afec90) 
thrown [s\src\hotspot\share\prims\jni.cpp, line 516]
Event: 8815.566 Thread 0x000001eb6ee943d0 Exception <a 'sun/nio/fs/WindowsException'{0x0000000084aff030}> (0x0000000084aff030) 
thrown [s\src\hotspot\share\prims\jni.cpp, line 516]
Event: 8815.570 Thread 0x000001eb6ee943d0 Exception <a 'sun/nio/fs/WindowsException'{0x00000000849223c0}> (0x00000000849223c0) 
thrown [s\src\hotspot\share\prims\jni.cpp, line 516]
Event: 8815.570 Thread 0x000001eb6ee943d0 Exception <a 'sun/nio/fs/WindowsException'{0x0000000084922760}> (0x0000000084922760) 
thrown [s\src\hotspot\share\prims\jni.cpp, line 516]

VM Operations (20 events):
Event: 8813.430 Executing VM operation: HandshakeAllThreads done
Event: 8813.900 Executing VM operation: G1CollectForAllocation
Event: 8813.905 Executing VM operation: G1CollectForAllocation done
Event: 8813.979 Executing VM operation: G1PauseRemark
Event: 8813.990 Executing VM operation: G1PauseRemark done
Event: 8814.019 Executing VM operation: G1PauseCleanup
Event: 8814.020 Executing VM operation: G1PauseCleanup done
Event: 8814.039 Executing VM operation: HandshakeAllThreads
Event: 8814.039 Executing VM operation: HandshakeAllThreads done
Event: 8815.047 Executing VM operation: Cleanup
Event: 8815.047 Executing VM operation: Cleanup done
Event: 8815.074 Executing VM operation: G1CollectForAllocation
Event: 8815.088 Executing VM operation: G1CollectForAllocation done
Event: 8815.113 Executing VM operation: G1CollectForAllocation
Event: 8815.126 Executing VM operation: G1CollectForAllocation done
Event: 8815.999 Executing VM operation: ICBufferFull
Event: 8816.000 Executing VM operation: ICBufferFull done
Event: 8816.005 Executing VM operation: G1CollectForAllocation
Event: 8816.012 Executing VM operation: G1CollectForAllocation done
Event: 8816.082 Executing VM operation: G1PauseRemark

Memory protections (0 events):
No events

Nmethod flushes (20 events):
Event: 13.899 Thread 0x000001eb4b581f40 flushing  nmethod 0x000001eb3543b790
Event: 13.899 Thread 0x000001eb4b581f40 flushing  nmethod 0x000001eb3543bc10
Event: 13.899 Thread 0x000001eb4b581f40 flushing  nmethod 0x000001eb3543c790
Event: 13.899 Thread 0x000001eb4b581f40 flushing  nmethod 0x000001eb3543cf90
Event: 13.899 Thread 0x000001eb4b581f40 flushing  nmethod 0x000001eb3543da10
Event: 13.899 Thread 0x000001eb4b581f40 flushing  nmethod 0x000001eb3543ef10
Event: 13.899 Thread 0x000001eb4b581f40 flushing  nmethod 0x000001eb35444f10
Event: 13.899 Thread 0x000001eb4b581f40 flushing  nmethod 0x000001eb35448510
Event: 13.899 Thread 0x000001eb4b581f40 flushing  nmethod 0x000001eb35461d90
Event: 13.899 Thread 0x000001eb4b581f40 flushing  nmethod 0x000001eb354a7490
Event: 13.900 Thread 0x000001eb4b581f40 flushing  nmethod 0x000001eb3555db10
Event: 13.900 Thread 0x000001eb4b581f40 flushing  nmethod 0x000001eb3556ae90
Event: 13.900 Thread 0x000001eb4b581f40 flushing  nmethod 0x000001eb3556b310
Event: 13.900 Thread 0x000001eb4b581f40 flushing  nmethod 0x000001eb3556bd90
Event: 13.900 Thread 0x000001eb4b581f40 flushing  nmethod 0x000001eb3556c310
Event: 13.900 Thread 0x000001eb4b581f40 flushing  nmethod 0x000001eb3557cb90
Event: 3335.735 Thread 0x000001eb4b581f40 flushing  nmethod 0x000001eb3557db10
Event: 3335.736 Thread 0x000001eb4b581f40 flushing  nmethod 0x000001eb35580a10
Event: 3335.739 Thread 0x000001eb4b581f40 flushing  nmethod 0x000001eb35585690
Event: 3335.739 Thread 0x000001eb4b581f40 flushing  nmethod 0x000001eb3558d190

Events (20 events):
Event: 8810.700 Thread 0x000001eb4b57e520 Thread added: 0x000001eb6ba39250
Event: 8811.009 Thread 0x000001eb6ee943d0 Thread added: 0x000001eb6ee985a0
Event: 8811.039 Thread 0x000001eb6ee943d0 Thread added: 0x000001eb6ee96c50
Event: 8811.046 Thread 0x000001eb6ee943d0 Thread added: 0x000001eb6ee98090
Event: 8811.152 Thread 0x000001eb6ba39250 Thread exited: 0x000001eb6ba39250
Event: 8811.552 Thread 0x000001eb6ee943d0 Thread added: 0x000001eb6b92dc30
Event: 8811.663 Thread 0x000001eb4b57e520 Thread added: 0x000001eb6ba39250
Event: 8813.416 Thread 0x000001eb6ba39250 Thread exited: 0x000001eb6ba39250
Event: 8813.961 Thread 0x000001eb6ee943d0 Thread added: 0x000001eb6b92e650
Event: 8813.961 Thread 0x000001eb6ee943d0 Thread added: 0x000001eb6b92b8c0
Event: 8814.106 Thread 0x000001eb6ee943d0 Thread added: 0x000001eb6b92cd00
Event: 8814.111 Thread 0x000001eb6ee943d0 Thread added: 0x000001eb6b92c2e0
Event: 8814.155 Thread 0x000001eb4b57e520 Thread added: 0x000001eb6ba367d0
Event: 8814.207 Thread 0x000001eb6ee943d0 Thread added: 0x000001eb6e350bf0
Event: 8814.208 Thread 0x000001eb6ee943d0 Thread added: 0x000001eb6e3506e0
Event: 8814.318 Thread 0x000001eb4b57e520 Thread added: 0x000001eb6ba39250
Event: 8814.976 Thread 0x000001eb6ba367d0 Thread exited: 0x000001eb6ba367d0
Event: 8814.976 Thread 0x000001eb6ba39250 Thread exited: 0x000001eb6ba39250
Event: 8815.791 Thread 0x000001eb4b57e520 Thread added: 0x000001eb6ba39250
Event: 8816.035 Thread 0x000001eb4b57e520 Thread added: 0x000001eb6ba36d20


Dynamic libraries:
0x00007ff61e530000 - 0x00007ff61e53e000 	C:\Program Files\Microsoft\jdk-17.0.13.11-hotspot\bin\java.exe
0x00007ffa9c9b0000 - 0x00007ffa9cbc7000 	C:\Windows\SYSTEM32\ntdll.dll
0x00007ffa9b050000 - 0x00007ffa9b114000 	C:\Windows\System32\KERNEL32.DLL
0x00007ffa99f00000 - 0x00007ffa9a2ba000 	C:\Windows\System32\KERNELBASE.dll
0x00007ffa9a340000 - 0x00007ffa9a451000 	C:\Windows\System32\ucrtbase.dll
0x00007ffa714f0000 - 0x00007ffa71507000 	C:\Program Files\Microsoft\jdk-17.0.13.11-hotspot\bin\jli.dll
0x00007ffa9a940000 - 0x00007ffa9aaee000 	C:\Windows\System32\USER32.dll
0x00007ffa9a600000 - 0x00007ffa9a626000 	C:\Windows\System32\win32u.dll
0x00007ffa9b4c0000 - 0x00007ffa9b4e9000 	C:\Windows\System32\GDI32.dll
0x00007ffa99de0000 - 0x00007ffa99efb000 	C:\Windows\System32\gdi32full.dll
0x00007ffa35390000 - 0x00007ffa353ad000 	C:\Program Files\Microsoft\jdk-17.0.13.11-hotspot\bin\VCRUNTIME140.dll
0x00007ffa761f0000 - 0x00007ffa76482000 	C:\Windows\WinSxS\amd64_microsoft.windows.common-controls_6595b64144ccf1df_6.0.22621.4541_none_2710d1c57384c085\COMCTL32.dll
0x00007ffa9b9f0000 - 0x00007ffa9ba97000 	C:\Windows\System32\msvcrt.dll
0x00007ffa99c80000 - 0x00007ffa99d1a000 	C:\Windows\System32\msvcp_win.dll
0x00007ffa9c800000 - 0x00007ffa9c831000 	C:\Windows\System32\IMM32.DLL
0x00007ffa81250000 - 0x00007ffa8125c000 	C:\Program Files\Microsoft\jdk-17.0.13.11-hotspot\bin\vcruntime140_1.dll
0x00007ffa32f40000 - 0x00007ffa32fcd000 	C:\Program Files\Microsoft\jdk-17.0.13.11-hotspot\bin\msvcp140.dll
0x00007ffa30e70000 - 0x00007ffa31ae1000 	C:\Program Files\Microsoft\jdk-17.0.13.11-hotspot\bin\server\jvm.dll
0x00007ffa9c740000 - 0x00007ffa9c7f2000 	C:\Windows\System32\ADVAPI32.dll
0x00007ffa9c8c0000 - 0x00007ffa9c967000 	C:\Windows\System32\sechost.dll
0x00007ffa9a460000 - 0x00007ffa9a488000 	C:\Windows\System32\bcrypt.dll
0x00007ffa9a6c0000 - 0x00007ffa9a7d4000 	C:\Windows\System32\RPCRT4.dll
0x00007ffa9b120000 - 0x00007ffa9b191000 	C:\Windows\System32\WS2_32.dll
0x00007ffa99b50000 - 0x00007ffa99b9d000 	C:\Windows\SYSTEM32\POWRPROF.dll
0x00007ffa92cf0000 - 0x00007ffa92d24000 	C:\Windows\SYSTEM32\WINMM.dll
0x00007ffa953c0000 - 0x00007ffa953ca000 	C:\Windows\SYSTEM32\VERSION.dll
0x00007ffa99b30000 - 0x00007ffa99b43000 	C:\Windows\SYSTEM32\UMPDC.dll
0x00007ffa98c80000 - 0x00007ffa98c98000 	C:\Windows\SYSTEM32\kernel.appcore.dll
0x00007ffa70df0000 - 0x00007ffa70dfa000 	C:\Program Files\Microsoft\jdk-17.0.13.11-hotspot\bin\jimage.dll
0x00007ffa97490000 - 0x00007ffa976c2000 	C:\Windows\SYSTEM32\DBGHELP.DLL
0x00007ffa9c3b0000 - 0x00007ffa9c73f000 	C:\Windows\System32\combase.dll
0x00007ffa9b750000 - 0x00007ffa9b827000 	C:\Windows\System32\OLEAUT32.dll
0x00007ffa80fc0000 - 0x00007ffa80ff2000 	C:\Windows\SYSTEM32\dbgcore.DLL
0x00007ffa9a2c0000 - 0x00007ffa9a33b000 	C:\Windows\System32\bcryptPrimitives.dll
0x00007ffa32d60000 - 0x00007ffa32d6e000 	C:\Program Files\Microsoft\jdk-17.0.13.11-hotspot\bin\instrument.dll
0x00007ffa32f10000 - 0x00007ffa32f35000 	C:\Program Files\Microsoft\jdk-17.0.13.11-hotspot\bin\java.dll
0x00007ffa32e30000 - 0x00007ffa32f07000 	C:\Program Files\Microsoft\jdk-17.0.13.11-hotspot\bin\jsvml.dll
0x00007ffa9baa0000 - 0x00007ffa9c318000 	C:\Windows\System32\SHELL32.dll
0x00007ffa97b70000 - 0x00007ffa98478000 	C:\Windows\SYSTEM32\windows.storage.dll
0x00007ffa97a30000 - 0x00007ffa97b6f000 	C:\Windows\SYSTEM32\wintypes.dll
0x00007ffa9b3c0000 - 0x00007ffa9b4ba000 	C:\Windows\System32\SHCORE.dll
0x00007ffa9ab10000 - 0x00007ffa9ab6e000 	C:\Windows\System32\shlwapi.dll
0x00007ffa99bb0000 - 0x00007ffa99bdb000 	C:\Windows\SYSTEM32\profapi.dll
0x00007ffa32dd0000 - 0x00007ffa32de8000 	C:\Program Files\Microsoft\jdk-17.0.13.11-hotspot\bin\zip.dll
0x00007ffa32e10000 - 0x00007ffa32e2a000 	C:\Program Files\Microsoft\jdk-17.0.13.11-hotspot\bin\net.dll
0x00007ffa92670000 - 0x00007ffa927a6000 	C:\Windows\SYSTEM32\WINHTTP.dll
0x00007ffa990f0000 - 0x00007ffa99159000 	C:\Windows\system32\mswsock.dll
0x00007ffa32df0000 - 0x00007ffa32e06000 	C:\Program Files\Microsoft\jdk-17.0.13.11-hotspot\bin\nio.dll
0x00007ffa80810000 - 0x00007ffa80820000 	C:\Program Files\Microsoft\jdk-17.0.13.11-hotspot\bin\verify.dll
0x00007ffa32da0000 - 0x00007ffa32dc7000 	C:\Users\Tayyab Sattar\.gradle\native\c067742578af261105cb4f569cf0c3c89f3d7b1fecec35dd04571415982c5e48\windows-amd64\native-platform.dll
0x00007ffa32b40000 - 0x00007ffa32c84000 	C:\Users\Tayyab Sattar\.gradle\native\100fb08df4bc3b14c8652ba06237920a3bd2aa13389f12d3474272988ae205f9\windows-amd64\native-platform-file-events.dll
0x00007ffa32d90000 - 0x00007ffa32d9a000 	C:\Program Files\Microsoft\jdk-17.0.13.11-hotspot\bin\management.dll
0x00007ffa32d80000 - 0x00007ffa32d8b000 	C:\Program Files\Microsoft\jdk-17.0.13.11-hotspot\bin\management_ext.dll
0x00007ffa9b3b0000 - 0x00007ffa9b3b8000 	C:\Windows\System32\PSAPI.DLL
0x00007ffa99440000 - 0x00007ffa9945b000 	C:\Windows\SYSTEM32\CRYPTSP.dll
0x00007ffa98be0000 - 0x00007ffa98c15000 	C:\Windows\system32\rsaenh.dll
0x00007ffa99190000 - 0x00007ffa991b8000 	C:\Windows\SYSTEM32\USERENV.dll
0x00007ffa99420000 - 0x00007ffa9942c000 	C:\Windows\SYSTEM32\CRYPTBASE.dll
0x00007ffa986e0000 - 0x00007ffa9870d000 	C:\Windows\SYSTEM32\IPHLPAPI.DLL
0x00007ffa9a6b0000 - 0x00007ffa9a6b9000 	C:\Windows\System32\NSI.dll
0x00007ffa92590000 - 0x00007ffa925a9000 	C:\Windows\SYSTEM32\dhcpcsvc6.DLL
0x00007ffa92450000 - 0x00007ffa9246f000 	C:\Windows\SYSTEM32\dhcpcsvc.DLL
0x00007ffa98750000 - 0x00007ffa98852000 	C:\Windows\SYSTEM32\DNSAPI.dll
0x00007ffa32d70000 - 0x00007ffa32d79000 	C:\Program Files\Microsoft\jdk-17.0.13.11-hotspot\bin\extnet.dll
0x00007ffa32b30000 - 0x00007ffa32b3e000 	C:\Program Files\Microsoft\jdk-17.0.13.11-hotspot\bin\sunmscapi.dll
0x00007ffa9a490000 - 0x00007ffa9a5f6000 	C:\Windows\System32\CRYPT32.dll
0x00007ffa99530000 - 0x00007ffa9955d000 	C:\Windows\SYSTEM32\ncrypt.dll
0x00007ffa994f0000 - 0x00007ffa99527000 	C:\Windows\SYSTEM32\NTASN1.dll
0x00007ffa930d0000 - 0x00007ffa930d8000 	C:\Windows\system32\wshunix.dll

dbghelp: loaded successfully - version: 4.0.5 - missing functions: none
symbol engine: initialized successfully - sym options: 0x614 - pdb path: .;C:\Program Files\Microsoft\jdk-17.0.13.11-hotspot\bin;C:\Windows\SYSTEM32;C:\Windows\WinSxS\amd64_microsoft.windows.common-controls_6595b64144ccf1df_6.0.22621.4541_none_2710d1c57384c085;C:\Program Files\Microsoft\jdk-17.0.13.11-hotspot\bin\server;C:\Users\Tayyab Sattar\.gradle\native\c067742578af261105cb4f569cf0c3c89f3d7b1fecec35dd04571415982c5e48\windows-amd64;C:\Users\Tayyab Sattar\.gradle\native\100fb08df4bc3b14c8652ba06237920a3bd2aa13389f12d3474272988ae205f9\windows-amd64

VM Arguments:
jvm_args: -XX:MaxMetaspaceSize=512m --add-opens=java.base/java.util=ALL-UNNAMED --add-opens=java.base/java.lang=ALL-UNNAMED --add-opens=java.base/java.lang.invoke=ALL-UNNAMED --add-opens=java.prefs/java.util.prefs=ALL-UNNAMED --add-exports=jdk.compiler/com.sun.tools.javac.api=ALL-UNNAMED --add-exports=jdk.compiler/com.sun.tools.javac.util=ALL-UNNAMED --add-opens=java.base/java.nio.charset=ALL-UNNAMED --add-opens=java.base/java.net=ALL-UNNAMED --add-opens=java.base/java.util.concurrent.atomic=ALL-UNNAMED -Xmx2048m -Dfile.encoding=utf8 -Duser.country=US -Duser.language=en -Duser.variant -javaagent:C:\Users\Tayyab Sattar\.gradle\wrapper\dists\gradle-8.10.2-all\7iv73wktx1xtkvlq19urqw1wm\gradle-8.10.2\lib\agents\gradle-instrumentation-agent-8.10.2.jar 
java_command: org.gradle.launcher.daemon.bootstrap.GradleDaemon 8.10.2
java_class_path (initial): C:\Users\Tayyab Sattar\.gradle\wrapper\dists\gradle-8.10.2-all\7iv73wktx1xtkvlq19urqw1wm\gradle-8.10.2\lib\gradle-daemon-main-8.10.2.jar
Launcher Type: SUN_STANDARD

[Global flags]
     intx CICompilerCount                          = 4                                         {product} {ergonomic}
   size_t CompressedClassSpaceSize                 = 436207616                                 {product} {ergonomic}
     uint ConcGCThreads                            = 2                                         {product} {ergonomic}
     uint G1ConcRefinementThreads                  = 8                                         {product} {ergonomic}
   size_t G1HeapRegionSize                         = 1048576                                   {product} {ergonomic}
    uintx GCDrainStackTargetSize                   = 64                                        {product} {ergonomic}
   size_t InitialHeapSize                          = 132120576                                 {product} {ergonomic}
   size_t MarkStackSize                            = 4194304                                   {product} {ergonomic}
   size_t MaxHeapSize                              = 2147483648                                {product} {command line}
   size_t MaxMetaspaceSize                         = 536870912                                 {product} {command line}
   size_t MaxNewSize                               = 1287651328                                {product} {ergonomic}
   size_t MinHeapDeltaBytes                        = 1048576                                   {product} {ergonomic}
   size_t MinHeapSize                              = 8388608                                   {product} {ergonomic}
    uintx NonNMethodCodeHeapSize                   = 5839372                                {pd product} {ergonomic}
    uintx NonProfiledCodeHeapSize                  = 122909434                              {pd product} {ergonomic}
    uintx ProfiledCodeHeapSize                     = 122909434                              {pd product} {ergonomic}
    uintx ReservedCodeCacheSize                    = 251658240                              {pd product} {ergonomic}
     bool SegmentedCodeCache                       = true                                      {product} {ergonomic}
   size_t SoftMaxHeapSize                          = 2147483648                             {manageable} {ergonomic}
     bool UseCompressedClassPointers               = true                           {product lp64_product} {ergonomic}
     bool UseCompressedOops                        = true                           {product lp64_product} {ergonomic}
     bool UseG1GC                                  = true                                      {product} {ergonomic}
     bool UseLargePagesIndividualAllocation        = false                                  {pd product} {ergonomic}

Logging:
Log output configuration:
 #0: stdout all=warning uptime,level,tags
 #1: stderr all=off uptime,level,tags

Environment Variables:
JAVA_HOME=C:\Program Files\Microsoft\jdk-17.0.13.11-hotspot\
PATH=C:\Program Files\Microsoft\jdk-17.0.13.11-hotspot\bin;C:\Windows\system32;C:\Windows;C:\Windows\System32\Wbem;C:\Windows\System32\WindowsPowerShell\v1.0\;C:\Windows\System32\OpenSSH\;C:\Program Files\Git\cmd;C:\MinGW\bin;C:\MinGW\bin;C:\Program Files\Microsoft SQL Server\150\Tools\Binn\;C:\Program Files\Microsoft SQL Server\Client SDK\ODBC\170\Tools\Binn\;C:\Program Files\dotnet\;C:\Program Files (x86)\Microsoft SQL Server\160\DTS\Binn\;C:\Program Files (x86)\Microsoft SQL Server\160\Tools\Binn\;C:\Program Files\Microsoft SQL Server\160\Tools\Binn\;C:\Program Files\Microsoft SQL Server\160\DTS\Binn\;C:\ProgramData\chocolatey\bin;C:\Program Files\nodejs\;D:\software\Andriod_SDK\platform-tools
USERNAME=Tayyab Sattar
OS=Windows_NT
PROCESSOR_IDENTIFIER=Intel64 Family 6 Model 142 Stepping 12, GenuineIntel
TMP=C:\Users\TAYYAB~1\AppData\Local\Temp
TEMP=C:\Users\TAYYAB~1\AppData\Local\Temp



Periodic native trim disabled


---------------  S Y S T E M  ---------------

OS:
 Windows 11 , 64 bit Build 22621 (10.0.22621.4391)
OS uptime: 0 days 2:48 hours
Hyper-V role detected

CPU: total 8 (initial active 8) (4 cores per cpu, 2 threads per core) family 6 model 142 stepping 12 microcode 0xf8, cx8, cmov, fxsr, ht, mmx, 3dnowpref, sse, sse2, sse3, ssse3, sse4.1, sse4.2, popcnt, lzcnt, tsc, tscinvbit, avx, avx2, aes, erms, clmul, bmi1, bmi2, adx, fma, vzeroupper, clflush, clflushopt, hv
Processor Information for the first 8 processors :
  Max Mhz: 1800, Current Mhz: 1600, Mhz Limit: 1584

Memory: 4k page, system-wide physical 7998M (639M free)
TotalPageFile size 19588M (AvailPageFile size 8M)
current process WorkingSet (physical memory assigned to process): 241M, peak: 271M
current process commit charge ("private bytes"): 414M, peak: 414M

vm_info: OpenJDK 64-Bit Server VM (17.0.13+11-LTS) for windows-amd64 JRE (17.0.13+11-LTS), built on Oct 11 2024 23:25:05 by "MicrosoftCorporation" with unknown MS VC++:1939

END.
