#
# There is insufficient memory for the Java Runtime Environment to continue.
# Native memory allocation (mmap) failed to map 11534336 bytes. Error detail: G1 virtual space
# Possible reasons:
#   The system is out of physical RAM or swap space
#   This process is running with CompressedOops enabled, and the Java Heap may be blocking the growth of the native heap
# Possible solutions:
#   Reduce memory load on the system
#   Increase physical memory or swap space
#   Check if swap backing store is full
#   Decrease Java heap size (-Xmx/-Xms)
#   Decrease number of Java threads
#   Decrease Java thread stack sizes (-Xss)
#   Set larger code cache with -XX:ReservedCodeCacheSize=
#   JVM is running with Unscaled Compressed Oops mode in which the Java heap is
#     placed in the first 4GB address space. The Java Heap base address is the
#     maximum limit for the native heap growth. Please use -XX:HeapBaseMinAddress
#     to set the Java Heap base and to place the Java Heap above 4GB virtual address.
# This output file may be truncated or incomplete.
#
#  Out of Memory Error (os_windows.cpp:3679), pid=5024, tid=7700
#
# JRE version: OpenJDK Runtime Environment Microsoft-10376486 (17.0.13+11) (build 17.0.13+11-LTS)
# Java VM: OpenJDK 64-Bit Server VM Microsoft-10376486 (17.0.13+11-LTS, mixed mode, sharing, tiered, compressed oops, compressed class ptrs, g1 gc, windows-amd64)
# No core dump will be written. Minidumps are not enabled by default on client versions of Windows
#

---------------  S U M M A R Y ------------

Command Line: -XX:MaxMetaspaceSize=512m --add-opens=java.base/java.util=ALL-UNNAMED --add-opens=java.base/java.lang=ALL-UNNAMED --add-opens=java.base/java.lang.invoke=ALL-UNNAMED --add-opens=java.prefs/java.util.prefs=ALL-UNNAMED --add-exports=jdk.compiler/com.sun.tools.javac.api=ALL-UNNAMED --add-exports=jdk.compiler/com.sun.tools.javac.util=ALL-UNNAMED --add-opens=java.base/java.nio.charset=ALL-UNNAMED --add-opens=java.base/java.net=ALL-UNNAMED --add-opens=java.base/java.util.concurrent.atomic=ALL-UNNAMED -Xmx2048m -Dfile.encoding=utf8 -Duser.country=US -Duser.language=en -Duser.variant -javaagent:C:\Users\Tayyab Sattar\.gradle\wrapper\dists\gradle-8.10.2-all\7iv73wktx1xtkvlq19urqw1wm\gradle-8.10.2\lib\agents\gradle-instrumentation-agent-8.10.2.jar org.gradle.launcher.daemon.bootstrap.GradleDaemon 8.10.2

Host: Intel(R) Core(TM) i5-8265U CPU @ 1.60GHz, 8 cores, 7G,  Windows 11 , 64 bit Build 22621 (10.0.22621.4391)
Time: Mon Jan 27 19:21:14 2025 Pakistan Standard Time elapsed time: 20.179019 seconds (0d 0h 0m 20s)

---------------  T H R E A D  ---------------

Current thread (0x0000023b1e5d9940):  VMThread "VM Thread" [stack: 0x000000f252a00000,0x000000f252b00000] [id=7700]

Stack: [0x000000f252a00000,0x000000f252b00000]
Native frames: (J=compiled Java code, j=interpreted, Vv=VM code, C=native code)
V  [jvm.dll+0x687fc9]
V  [jvm.dll+0x83eeb8]
V  [jvm.dll+0x840963]
V  [jvm.dll+0x840fd3]
V  [jvm.dll+0x24951f]
V  [jvm.dll+0x684f89]
V  [jvm.dll+0x6794aa]
V  [jvm.dll+0x30ad27]
V  [jvm.dll+0x312296]
V  [jvm.dll+0x362bde]
V  [jvm.dll+0x362e1d]
V  [jvm.dll+0x2e1fbc]
V  [jvm.dll+0x2e0369]
V  [jvm.dll+0x2dfacc]
V  [jvm.dll+0x32267b]
V  [jvm.dll+0x84580d]
V  [jvm.dll+0x846543]
V  [jvm.dll+0x846a6f]
V  [jvm.dll+0x846e54]
V  [jvm.dll+0x846f1e]
V  [jvm.dll+0x7eea6c]
V  [jvm.dll+0x686ea7]
C  [ucrtbase.dll+0x29333]
C  [KERNEL32.DLL+0x1259d]
C  [ntdll.dll+0x5af38]

VM_Operation (0x000000f2542f31b0): G1CollectForAllocation, mode: safepoint, requested by thread 0x0000023b3f7c2350


---------------  P R O C E S S  ---------------

Threads class SMR info:
_java_thread_list=0x0000023b402b5330, length=66, elements={
0x0000023b7f94ffe0, 0x0000023b1e5e1390, 0x0000023b1e5e33d0, 0x0000023b1e5f5180,
0x0000023b1e5f6000, 0x0000023b1e5fb7b0, 0x0000023b1e5fd180, 0x0000023b1e602860,
0x0000023b1e6039c0, 0x0000023b1e604b60, 0x0000023b1e70f560, 0x0000023b1e805720,
0x0000023b3ef4e030, 0x0000023b3e63aba0, 0x0000023b3e03f0f0, 0x0000023b3f8f7690,
0x0000023b3e935650, 0x0000023b3f7bf0b0, 0x0000023b3f7c2350, 0x0000023b3f7c1930,
0x0000023b3f7c1e40, 0x0000023b3f7bfad0, 0x0000023b3f7bffe0, 0x0000023b3f7c1420,
0x0000023b3f7bf5c0, 0x0000023b3f7c04f0, 0x0000023b3f7c0a00, 0x0000023b3f7c0f10,
0x0000023b3f7c2860, 0x0000023b40f44bf0, 0x0000023b40f437b0, 0x0000023b40f43cc0,
0x0000023b40f441d0, 0x0000023b40f446e0, 0x0000023b40f45100, 0x0000023b40f42370,
0x0000023b40f45610, 0x0000023b40f41950, 0x0000023b40f46540, 0x0000023b40f46030,
0x0000023b40f46a50, 0x0000023b40f40a20, 0x0000023b40f40000, 0x0000023b40f46f60,
0x0000023b40f40510, 0x0000023b40f42880, 0x0000023b40f42d90, 0x0000023b40f3faf0,
0x0000023b40f432a0, 0x0000023b40f47470, 0x0000023b40f40f30, 0x0000023b3eac7620,
0x0000023b3eac8f70, 0x0000023b3eac7b30, 0x0000023b3eac3e70, 0x0000023b3eac61e0,
0x0000023b3eac66f0, 0x0000023b3eac57c0, 0x0000023b3eac8040, 0x0000023b3eac4890,
0x0000023b3eac6c00, 0x0000023b3eac5cd0, 0x0000023b3eac7110, 0x0000023b3eac8550,
0x0000023b3eac9990, 0x0000023b3eac8a60
}

Java Threads: ( => current thread )
  0x0000023b7f94ffe0 JavaThread "main" [_thread_blocked, id=6260, stack(0x000000f252400000,0x000000f252500000)]
  0x0000023b1e5e1390 JavaThread "Reference Handler" daemon [_thread_blocked, id=18564, stack(0x000000f252b00000,0x000000f252c00000)]
  0x0000023b1e5e33d0 JavaThread "Finalizer" daemon [_thread_blocked, id=4292, stack(0x000000f252c00000,0x000000f252d00000)]
  0x0000023b1e5f5180 JavaThread "Signal Dispatcher" daemon [_thread_blocked, id=20720, stack(0x000000f252d00000,0x000000f252e00000)]
  0x0000023b1e5f6000 JavaThread "Attach Listener" daemon [_thread_blocked, id=15284, stack(0x000000f252e00000,0x000000f252f00000)]
  0x0000023b1e5fb7b0 JavaThread "Service Thread" daemon [_thread_blocked, id=6372, stack(0x000000f252f00000,0x000000f253000000)]
  0x0000023b1e5fd180 JavaThread "Monitor Deflation Thread" daemon [_thread_blocked, id=14844, stack(0x000000f253000000,0x000000f253100000)]
  0x0000023b1e602860 JavaThread "C2 CompilerThread0" daemon [_thread_blocked, id=20984, stack(0x000000f253100000,0x000000f253200000)]
  0x0000023b1e6039c0 JavaThread "C1 CompilerThread0" daemon [_thread_blocked, id=17860, stack(0x000000f253200000,0x000000f253300000)]
  0x0000023b1e604b60 JavaThread "Sweeper thread" daemon [_thread_blocked, id=22624, stack(0x000000f253300000,0x000000f253400000)]
  0x0000023b1e70f560 JavaThread "Common-Cleaner" daemon [_thread_blocked, id=15556, stack(0x000000f253400000,0x000000f253500000)]
  0x0000023b1e805720 JavaThread "Notification Thread" daemon [_thread_blocked, id=24144, stack(0x000000f253500000,0x000000f253600000)]
  0x0000023b3ef4e030 JavaThread "Daemon health stats" [_thread_blocked, id=18572, stack(0x000000f253800000,0x000000f253900000)]
  0x0000023b3e63aba0 JavaThread "Incoming local TCP Connector on port 50996" [_thread_in_native, id=19608, stack(0x000000f253d00000,0x000000f253e00000)]
  0x0000023b3e03f0f0 JavaThread "Daemon periodic checks" [_thread_blocked, id=23184, stack(0x000000f253e00000,0x000000f253f00000)]
  0x0000023b3f8f7690 JavaThread "Daemon" [_thread_blocked, id=20300, stack(0x000000f253f00000,0x000000f254000000)]
  0x0000023b3e935650 JavaThread "Handler for socket connection from /127.0.0.1:50996 to /127.0.0.1:50997" [_thread_in_native, id=19792, stack(0x000000f254000000,0x000000f254100000)]
  0x0000023b3f7bf0b0 JavaThread "Cancel handler" [_thread_blocked, id=14124, stack(0x000000f254100000,0x000000f254200000)]
  0x0000023b3f7c2350 JavaThread "Daemon worker" [_thread_blocked, id=21744, stack(0x000000f254200000,0x000000f254300000)]
  0x0000023b3f7c1930 JavaThread "Asynchronous log dispatcher for DefaultDaemonConnection: socket connection from /127.0.0.1:50996 to /127.0.0.1:50997" [_thread_blocked, id=5472, stack(0x000000f254300000,0x000000f254400000)]
  0x0000023b3f7c1e40 JavaThread "Stdin handler" [_thread_blocked, id=10640, stack(0x000000f254400000,0x000000f254500000)]
  0x0000023b3f7bfad0 JavaThread "Daemon client event forwarder" [_thread_blocked, id=24516, stack(0x000000f254500000,0x000000f254600000)]
  0x0000023b3f7bffe0 JavaThread "Cache worker for journal cache (C:\Users\Tayyab Sattar\.gradle\caches\journal-1)" [_thread_blocked, id=14160, stack(0x000000f254600000,0x000000f254700000)]
  0x0000023b3f7c1420 JavaThread "File lock request listener" [_thread_in_native, id=3056, stack(0x000000f254700000,0x000000f254800000)]
  0x0000023b3f7bf5c0 JavaThread "Cache worker for file hash cache (C:\Users\Tayyab Sattar\.gradle\caches\8.10.2\fileHashes)" [_thread_blocked, id=19228, stack(0x000000f254800000,0x000000f254900000)]
  0x0000023b3f7c04f0 JavaThread "Cache worker for file hash cache (D:\Bootcamp-Techloset\expense\android\.gradle\8.10.2\fileHashes)" [_thread_blocked, id=12160, stack(0x000000f254c00000,0x000000f254d00000)]
  0x0000023b3f7c0a00 JavaThread "Cache worker for Build Output Cleanup Cache (D:\Bootcamp-Techloset\expense\android\.gradle\buildOutputCleanup)" [_thread_blocked, id=22272, stack(0x000000f254d00000,0x000000f254e00000)]
  0x0000023b3f7c0f10 JavaThread "File watcher server" daemon [_thread_in_native, id=4672, stack(0x000000f253700000,0x000000f253800000)]
  0x0000023b3f7c2860 JavaThread "File watcher consumer" daemon [_thread_blocked, id=2820, stack(0x000000f254f00000,0x000000f255000000)]
  0x0000023b40f44bf0 JavaThread "Cache worker for checksums cache (D:\Bootcamp-Techloset\expense\android\.gradle\8.10.2\checksums)" [_thread_blocked, id=1752, stack(0x000000f255100000,0x000000f255200000)]
  0x0000023b40f437b0 JavaThread "Cache worker for file content cache (C:\Users\Tayyab Sattar\.gradle\caches\8.10.2\fileContent)" [_thread_blocked, id=10252, stack(0x000000f255200000,0x000000f255300000)]
  0x0000023b40f43cc0 JavaThread "Cache worker for cache directory md-rule (C:\Users\Tayyab Sattar\.gradle\caches\8.10.2\md-rule)" [_thread_blocked, id=19804, stack(0x000000f255300000,0x000000f255400000)]
  0x0000023b40f441d0 JavaThread "Cache worker for cache directory md-supplier (C:\Users\Tayyab Sattar\.gradle\caches\8.10.2\md-supplier)" [_thread_blocked, id=14288, stack(0x000000f255400000,0x000000f255500000)]
  0x0000023b40f446e0 JavaThread "jar transforms" [_thread_blocked, id=7960, stack(0x000000f255500000,0x000000f255600000)]
  0x0000023b40f45100 JavaThread "jar transforms Thread 2" [_thread_blocked, id=20852, stack(0x000000f255600000,0x000000f255700000)]
  0x0000023b40f42370 JavaThread "jar transforms Thread 3" [_thread_blocked, id=14140, stack(0x000000f255700000,0x000000f255800000)]
  0x0000023b40f45610 JavaThread "Cache worker for Build Output Cleanup Cache (D:\Bootcamp-Techloset\expense\node_modules\@react-native\gradle-plugin\.gradle\buildOutputCleanup)" [_thread_blocked, id=13740, stack(0x000000f255900000,0x000000f255a00000)]
  0x0000023b40f41950 JavaThread "Unconstrained build operations" [_thread_blocked, id=6844, stack(0x000000f255800000,0x000000f255900000)]
  0x0000023b40f46540 JavaThread "Unconstrained build operations Thread 2" [_thread_blocked, id=23832, stack(0x000000f255a00000,0x000000f255b00000)]
  0x0000023b40f46030 JavaThread "Unconstrained build operations Thread 3" [_thread_blocked, id=16248, stack(0x000000f255b00000,0x000000f255c00000)]
  0x0000023b40f46a50 JavaThread "Unconstrained build operations Thread 4" [_thread_blocked, id=15704, stack(0x000000f255c00000,0x000000f255d00000)]
  0x0000023b40f40a20 JavaThread "Unconstrained build operations Thread 5" [_thread_blocked, id=22432, stack(0x000000f255d00000,0x000000f255e00000)]
  0x0000023b40f40000 JavaThread "Unconstrained build operations Thread 6" [_thread_blocked, id=16820, stack(0x000000f255f00000,0x000000f256000000)]
  0x0000023b40f46f60 JavaThread "Unconstrained build operations Thread 7" [_thread_blocked, id=12384, stack(0x000000f256000000,0x000000f256100000)]
  0x0000023b40f40510 JavaThread "Unconstrained build operations Thread 8" [_thread_blocked, id=17992, stack(0x000000f256100000,0x000000f256200000)]
  0x0000023b40f42880 JavaThread "Unconstrained build operations Thread 9" [_thread_blocked, id=4448, stack(0x000000f256200000,0x000000f256300000)]
  0x0000023b40f42d90 JavaThread "Unconstrained build operations Thread 10" [_thread_blocked, id=22376, stack(0x000000f256300000,0x000000f256400000)]
  0x0000023b40f3faf0 JavaThread "Unconstrained build operations Thread 11" [_thread_blocked, id=5676, stack(0x000000f256400000,0x000000f256500000)]
  0x0000023b40f432a0 JavaThread "Unconstrained build operations Thread 12" [_thread_blocked, id=17312, stack(0x000000f256500000,0x000000f256600000)]
  0x0000023b40f47470 JavaThread "Unconstrained build operations Thread 13" [_thread_blocked, id=9488, stack(0x000000f256600000,0x000000f256700000)]
  0x0000023b40f40f30 JavaThread "Unconstrained build operations Thread 14" [_thread_blocked, id=21560, stack(0x000000f256700000,0x000000f256800000)]
  0x0000023b3eac7620 JavaThread "Unconstrained build operations Thread 15" [_thread_blocked, id=18500, stack(0x000000f256800000,0x000000f256900000)]
  0x0000023b3eac8f70 JavaThread "Unconstrained build operations Thread 16" [_thread_blocked, id=18832, stack(0x000000f256900000,0x000000f256a00000)]
  0x0000023b3eac7b30 JavaThread "Unconstrained build operations Thread 17" [_thread_blocked, id=24264, stack(0x000000f256a00000,0x000000f256b00000)]
  0x0000023b3eac3e70 JavaThread "Unconstrained build operations Thread 18" [_thread_blocked, id=17832, stack(0x000000f256b00000,0x000000f256c00000)]
  0x0000023b3eac61e0 JavaThread "Unconstrained build operations Thread 19" [_thread_blocked, id=13068, stack(0x000000f256c00000,0x000000f256d00000)]
  0x0000023b3eac66f0 JavaThread "Unconstrained build operations Thread 20" [_thread_blocked, id=17740, stack(0x000000f256d00000,0x000000f256e00000)]
  0x0000023b3eac57c0 JavaThread "Unconstrained build operations Thread 21" [_thread_blocked, id=18256, stack(0x000000f256e00000,0x000000f256f00000)]
  0x0000023b3eac8040 JavaThread "Unconstrained build operations Thread 22" [_thread_blocked, id=16264, stack(0x000000f256f00000,0x000000f257000000)]
  0x0000023b3eac4890 JavaThread "Unconstrained build operations Thread 23" [_thread_blocked, id=21616, stack(0x000000f257000000,0x000000f257100000)]
  0x0000023b3eac6c00 JavaThread "Unconstrained build operations Thread 24" [_thread_blocked, id=3572, stack(0x000000f257100000,0x000000f257200000)]
  0x0000023b3eac5cd0 JavaThread "Unconstrained build operations Thread 25" [_thread_blocked, id=23984, stack(0x000000f257200000,0x000000f257300000)]
  0x0000023b3eac7110 JavaThread "Unconstrained build operations Thread 26" [_thread_blocked, id=2868, stack(0x000000f257300000,0x000000f257400000)]
  0x0000023b3eac8550 JavaThread "Unconstrained build operations Thread 27" [_thread_blocked, id=19204, stack(0x000000f257400000,0x000000f257500000)]
  0x0000023b3eac9990 JavaThread "build event listener" [_thread_blocked, id=4476, stack(0x000000f255e00000,0x000000f255f00000)]
  0x0000023b3eac8a60 JavaThread "Memory manager" [_thread_blocked, id=14444, stack(0x000000f255000000,0x000000f255100000)]

Other Threads:
=>0x0000023b1e5d9940 VMThread "VM Thread" [stack: 0x000000f252a00000,0x000000f252b00000] [id=7700]
  0x0000023b7f950e60 WatcherThread [stack: 0x000000f253600000,0x000000f253700000] [id=17396]
  0x0000023b7f9ab840 GCTaskThread "GC Thread#0" [stack: 0x000000f252500000,0x000000f252600000] [id=22000]
  0x0000023b3e2e3160 GCTaskThread "GC Thread#1" [stack: 0x000000f253900000,0x000000f253a00000] [id=17428]
  0x0000023b3e2e3420 GCTaskThread "GC Thread#2" [stack: 0x000000f253a00000,0x000000f253b00000] [id=9944]
  0x0000023b3edb0c20 GCTaskThread "GC Thread#3" [stack: 0x000000f253b00000,0x000000f253c00000] [id=19848]
  0x0000023b3f280ce0 GCTaskThread "GC Thread#4" [stack: 0x000000f253c00000,0x000000f253d00000] [id=9340]
  0x0000023b40451da0 GCTaskThread "GC Thread#5" [stack: 0x000000f254900000,0x000000f254a00000] [id=8084]
  0x0000023b402351d0 GCTaskThread "GC Thread#6" [stack: 0x000000f254a00000,0x000000f254b00000] [id=7464]
  0x0000023b3fae9330 GCTaskThread "GC Thread#7" [stack: 0x000000f254b00000,0x000000f254c00000] [id=13508]
  0x0000023b7f9b80b0 ConcurrentGCThread "G1 Main Marker" [stack: 0x000000f252600000,0x000000f252700000] [id=15692]
  0x0000023b7f9b89e0 ConcurrentGCThread "G1 Conc#0" [stack: 0x000000f252700000,0x000000f252800000] [id=18168]
  0x0000023b400bdfd0 ConcurrentGCThread "G1 Conc#1" [stack: 0x000000f254e00000,0x000000f254f00000] [id=16416]
  0x0000023b7f9fe7d0 ConcurrentGCThread "G1 Refine#0" [stack: 0x000000f252800000,0x000000f252900000] [id=7852]
  0x0000023b1e493740 ConcurrentGCThread "G1 Service" [stack: 0x000000f252900000,0x000000f252a00000] [id=18228]

Threads with active compile tasks:
C2 CompilerThread0    20225 7495   !   4       com.google.common.reflect.TypeVisitor::visit (225 bytes)

VM state: at safepoint (normal execution)

VM Mutex/Monitor currently owned by a thread:  ([mutex/lock_event])
[0x0000023b7f94c230] Threads_lock - owner thread: 0x0000023b1e5d9940
[0x0000023b7f94ce00] Heap_lock - owner thread: 0x0000023b3f7c2350

Heap address: 0x0000000080000000, size: 2048 MB, Compressed Oops mode: 32-bit

CDS archive(s) mapped at: [0x0000023b1f000000-0x0000023b1fbb0000-0x0000023b1fbb0000), size 12255232, SharedBaseAddress: 0x0000023b1f000000, ArchiveRelocationMode: 1.
Compressed class space mapped at: 0x0000023b20000000-0x0000023b3a000000, reserved size: 436207616
Narrow klass base: 0x0000023b1f000000, Narrow klass shift: 0, Narrow klass range: 0x100000000

GC Precious Log:
 CPUs: 8 total, 8 available
 Memory: 7998M
 Large Page Support: Disabled
 NUMA Support: Disabled
 Compressed Oops: Enabled (32-bit)
 Heap Region Size: 1M
 Heap Min Capacity: 8M
 Heap Initial Capacity: 126M
 Heap Max Capacity: 2G
 Pre-touch: Disabled
 Parallel Workers: 8
 Concurrent Workers: 2
 Concurrent Refinement Workers: 8
 Periodic GC: Disabled

Heap:
 garbage-first heap   total 129024K, used 59800K [0x0000000080000000, 0x0000000100000000)
  region size 1024K, 1 young (1024K), 1 survivors (1024K)
 Metaspace       used 61117K, committed 61824K, reserved 491520K
  class space    used 8622K, committed 8960K, reserved 425984K

Heap Regions: E=young(eden), S=young(survivor), O=old, HS=humongous(starts), HC=humongous(continues), CS=collection set, F=free, OA=open archive, CA=closed archive, TAMS=top-at-mark-start (previous, next)
|   0|0x0000000080000000, 0x0000000080100000, 0x0000000080100000|100%| O|  |TAMS 0x0000000080100000, 0x0000000080100000| Untracked 
|   1|0x0000000080100000, 0x0000000080200000, 0x0000000080200000|100%| O|  |TAMS 0x0000000080200000, 0x0000000080200000| Untracked 
|   2|0x0000000080200000, 0x0000000080300000, 0x0000000080300000|100%|HS|  |TAMS 0x0000000080300000, 0x0000000080300000| Complete 
|   3|0x0000000080300000, 0x0000000080400000, 0x0000000080400000|100%|HC|  |TAMS 0x0000000080400000, 0x0000000080400000| Complete 
|   4|0x0000000080400000, 0x0000000080500000, 0x0000000080500000|100%|HC|  |TAMS 0x0000000080500000, 0x0000000080500000| Complete 
|   5|0x0000000080500000, 0x0000000080600000, 0x0000000080600000|100%|HC|  |TAMS 0x0000000080600000, 0x0000000080600000| Complete 
|   6|0x0000000080600000, 0x0000000080700000, 0x0000000080700000|100%| O|  |TAMS 0x0000000080700000, 0x0000000080700000| Untracked 
|   7|0x0000000080700000, 0x0000000080800000, 0x0000000080800000|100%| O|  |TAMS 0x0000000080800000, 0x0000000080800000| Untracked 
|   8|0x0000000080800000, 0x0000000080900000, 0x0000000080900000|100%|HS|  |TAMS 0x0000000080900000, 0x0000000080900000| Complete 
|   9|0x0000000080900000, 0x0000000080a00000, 0x0000000080a00000|100%| O|  |TAMS 0x0000000080a00000, 0x0000000080a00000| Untracked 
|  10|0x0000000080a00000, 0x0000000080b00000, 0x0000000080b00000|100%| O|  |TAMS 0x0000000080b00000, 0x0000000080b00000| Untracked 
|  11|0x0000000080b00000, 0x0000000080c00000, 0x0000000080c00000|100%| O|  |TAMS 0x0000000080c00000, 0x0000000080c00000| Untracked 
|  12|0x0000000080c00000, 0x0000000080d00000, 0x0000000080d00000|100%| O|  |TAMS 0x0000000080d00000, 0x0000000080d00000| Untracked 
|  13|0x0000000080d00000, 0x0000000080e00000, 0x0000000080e00000|100%| O|  |TAMS 0x0000000080e00000, 0x0000000080e00000| Untracked 
|  14|0x0000000080e00000, 0x0000000080f00000, 0x0000000080f00000|100%| O|  |TAMS 0x0000000080f00000, 0x0000000080f00000| Untracked 
|  15|0x0000000080f00000, 0x0000000081000000, 0x0000000081000000|100%| O|  |TAMS 0x0000000081000000, 0x0000000081000000| Untracked 
|  16|0x0000000081000000, 0x0000000081100000, 0x0000000081100000|100%| O|  |TAMS 0x0000000081100000, 0x0000000081100000| Untracked 
|  17|0x0000000081100000, 0x0000000081200000, 0x0000000081200000|100%| O|  |TAMS 0x0000000081200000, 0x0000000081200000| Untracked 
|  18|0x0000000081200000, 0x0000000081300000, 0x0000000081300000|100%| O|  |TAMS 0x0000000081300000, 0x0000000081300000| Untracked 
|  19|0x0000000081300000, 0x0000000081400000, 0x0000000081400000|100%| O|  |TAMS 0x0000000081400000, 0x0000000081400000| Untracked 
|  20|0x0000000081400000, 0x0000000081500000, 0x0000000081500000|100%| O|  |TAMS 0x0000000081500000, 0x0000000081500000| Untracked 
|  21|0x0000000081500000, 0x00000000815b5c00, 0x0000000081600000| 70%| O|  |TAMS 0x00000000815b5c00, 0x00000000815b5c00| Untracked 
|  22|0x0000000081600000, 0x0000000081700000, 0x0000000081700000|100%| O|  |TAMS 0x0000000081700000, 0x0000000081700000| Untracked 
|  23|0x0000000081700000, 0x0000000081800000, 0x0000000081800000|100%| O|  |TAMS 0x0000000081800000, 0x0000000081800000| Untracked 
|  24|0x0000000081800000, 0x0000000081800000, 0x0000000081900000|  0%| F|  |TAMS 0x0000000081800000, 0x0000000081800000| Untracked 
|  25|0x0000000081900000, 0x0000000081a00000, 0x0000000081a00000|100%| O|  |TAMS 0x0000000081a00000, 0x0000000081a00000| Untracked 
|  26|0x0000000081a00000, 0x0000000081b00000, 0x0000000081b00000|100%| O|  |TAMS 0x0000000081b00000, 0x0000000081b00000| Untracked 
|  27|0x0000000081b00000, 0x0000000081c00000, 0x0000000081c00000|100%| O|  |TAMS 0x0000000081c00000, 0x0000000081c00000| Untracked 
|  28|0x0000000081c00000, 0x0000000081d00000, 0x0000000081d00000|100%| O|  |TAMS 0x0000000081d00000, 0x0000000081d00000| Untracked 
|  29|0x0000000081d00000, 0x0000000081e00000, 0x0000000081e00000|100%| O|  |TAMS 0x0000000081e00000, 0x0000000081e00000| Untracked 
|  30|0x0000000081e00000, 0x0000000081f00000, 0x0000000081f00000|100%| O|  |TAMS 0x0000000081f00000, 0x0000000081f00000| Untracked 
|  31|0x0000000081f00000, 0x0000000082000000, 0x0000000082000000|100%| O|  |TAMS 0x0000000082000000, 0x0000000082000000| Untracked 
|  32|0x0000000082000000, 0x0000000082100000, 0x0000000082100000|100%| O|  |TAMS 0x0000000082100000, 0x0000000082100000| Untracked 
|  33|0x0000000082100000, 0x0000000082200000, 0x0000000082200000|100%| O|  |TAMS 0x0000000082200000, 0x0000000082200000| Untracked 
|  34|0x0000000082200000, 0x0000000082300000, 0x0000000082300000|100%| O|  |TAMS 0x0000000082300000, 0x0000000082300000| Untracked 
|  35|0x0000000082300000, 0x0000000082400000, 0x0000000082400000|100%| O|  |TAMS 0x0000000082400000, 0x0000000082400000| Untracked 
|  36|0x0000000082400000, 0x0000000082500000, 0x0000000082500000|100%| O|  |TAMS 0x0000000082500000, 0x0000000082500000| Untracked 
|  37|0x0000000082500000, 0x0000000082600000, 0x0000000082600000|100%| O|  |TAMS 0x0000000082500000, 0x0000000082600000| Untracked 
|  38|0x0000000082600000, 0x0000000082700000, 0x0000000082700000|100%| O|  |TAMS 0x0000000082700000, 0x0000000082700000| Untracked 
|  39|0x0000000082700000, 0x0000000082800000, 0x0000000082800000|100%| O|  |TAMS 0x0000000082800000, 0x0000000082800000| Untracked 
|  40|0x0000000082800000, 0x0000000082900000, 0x0000000082900000|100%| O|  |TAMS 0x0000000082900000, 0x0000000082900000| Untracked 
|  41|0x0000000082900000, 0x0000000082a00000, 0x0000000082a00000|100%| O|  |TAMS 0x0000000082a00000, 0x0000000082a00000| Untracked 
|  42|0x0000000082a00000, 0x0000000082b00000, 0x0000000082b00000|100%| O|  |TAMS 0x0000000082b00000, 0x0000000082b00000| Untracked 
|  43|0x0000000082b00000, 0x0000000082c00000, 0x0000000082c00000|100%| O|  |TAMS 0x0000000082c00000, 0x0000000082c00000| Untracked 
|  44|0x0000000082c00000, 0x0000000082d00000, 0x0000000082d00000|100%|HS|  |TAMS 0x0000000082d00000, 0x0000000082d00000| Complete 
|  45|0x0000000082d00000, 0x0000000082e00000, 0x0000000082e00000|100%|HC|  |TAMS 0x0000000082e00000, 0x0000000082e00000| Complete 
|  46|0x0000000082e00000, 0x0000000082f00000, 0x0000000082f00000|100%|HS|  |TAMS 0x0000000082f00000, 0x0000000082f00000| Complete 
|  47|0x0000000082f00000, 0x0000000083000000, 0x0000000083000000|100%|HC|  |TAMS 0x0000000083000000, 0x0000000083000000| Complete 
|  48|0x0000000083000000, 0x0000000083100000, 0x0000000083100000|100%|HC|  |TAMS 0x0000000083100000, 0x0000000083100000| Complete 
|  49|0x0000000083100000, 0x0000000083200000, 0x0000000083200000|100%| O|  |TAMS 0x0000000083200000, 0x0000000083200000| Untracked 
|  50|0x0000000083200000, 0x0000000083300000, 0x0000000083300000|100%| O|  |TAMS 0x0000000083300000, 0x0000000083300000| Untracked 
|  51|0x0000000083300000, 0x0000000083400000, 0x0000000083400000|100%| O|  |TAMS 0x0000000083400000, 0x0000000083400000| Untracked 
|  52|0x0000000083400000, 0x0000000083500000, 0x0000000083500000|100%| O|  |TAMS 0x0000000083500000, 0x0000000083500000| Untracked 
|  53|0x0000000083500000, 0x0000000083600000, 0x0000000083600000|100%| O|  |TAMS 0x0000000083600000, 0x0000000083600000| Untracked 
|  54|0x0000000083600000, 0x0000000083700000, 0x0000000083700000|100%|HS|  |TAMS 0x0000000083700000, 0x0000000083700000| Complete 
|  55|0x0000000083700000, 0x0000000083800000, 0x0000000083800000|100%|HC|  |TAMS 0x0000000083800000, 0x0000000083800000| Complete 
|  56|0x0000000083800000, 0x0000000083900000, 0x0000000083900000|100%| O|  |TAMS 0x00000000838ffa00, 0x0000000083900000| Untracked 
|  57|0x0000000083900000, 0x0000000083a00000, 0x0000000083a00000|100%| O|  |TAMS 0x0000000083900000, 0x0000000083a00000| Untracked 
|  58|0x0000000083a00000, 0x0000000083ab1600, 0x0000000083b00000| 69%| O|  |TAMS 0x0000000083a00000, 0x0000000083ab1600| Untracked 
|  59|0x0000000083b00000, 0x0000000083b00000, 0x0000000083c00000|  0%| F|  |TAMS 0x0000000083b00000, 0x0000000083b00000| Untracked 
|  60|0x0000000083c00000, 0x0000000083c00000, 0x0000000083d00000|  0%| F|  |TAMS 0x0000000083c00000, 0x0000000083c00000| Untracked 
|  61|0x0000000083d00000, 0x0000000083d00000, 0x0000000083e00000|  0%| F|  |TAMS 0x0000000083d00000, 0x0000000083d00000| Untracked 
|  62|0x0000000083e00000, 0x0000000083e00000, 0x0000000083f00000|  0%| F|  |TAMS 0x0000000083e00000, 0x0000000083e00000| Untracked 
|  63|0x0000000083f00000, 0x0000000083f00000, 0x0000000084000000|  0%| F|  |TAMS 0x0000000083f00000, 0x0000000083f00000| Untracked 
|  64|0x0000000084000000, 0x0000000084000000, 0x0000000084100000|  0%| F|  |TAMS 0x0000000084000000, 0x0000000084000000| Untracked 
|  65|0x0000000084100000, 0x0000000084100000, 0x0000000084200000|  0%| F|  |TAMS 0x0000000084100000, 0x0000000084100000| Untracked 
|  66|0x0000000084200000, 0x0000000084200000, 0x0000000084300000|  0%| F|  |TAMS 0x0000000084200000, 0x0000000084200000| Untracked 
|  67|0x0000000084300000, 0x0000000084300000, 0x0000000084400000|  0%| F|  |TAMS 0x0000000084300000, 0x0000000084300000| Untracked 
|  68|0x0000000084400000, 0x0000000084400000, 0x0000000084500000|  0%| F|  |TAMS 0x0000000084400000, 0x0000000084400000| Untracked 
|  69|0x0000000084500000, 0x0000000084500000, 0x0000000084600000|  0%| F|  |TAMS 0x0000000084500000, 0x0000000084500000| Untracked 
|  70|0x0000000084600000, 0x0000000084600000, 0x0000000084700000|  0%| F|  |TAMS 0x0000000084600000, 0x0000000084600000| Untracked 
|  71|0x0000000084700000, 0x0000000084700000, 0x0000000084800000|  0%| F|  |TAMS 0x0000000084700000, 0x0000000084700000| Untracked 
|  72|0x0000000084800000, 0x0000000084800000, 0x0000000084900000|  0%| F|  |TAMS 0x0000000084800000, 0x0000000084800000| Untracked 
|  73|0x0000000084900000, 0x0000000084900000, 0x0000000084a00000|  0%| F|  |TAMS 0x0000000084900000, 0x0000000084900000| Untracked 
|  74|0x0000000084a00000, 0x0000000084a00000, 0x0000000084b00000|  0%| F|  |TAMS 0x0000000084a00000, 0x0000000084a00000| Untracked 
|  75|0x0000000084b00000, 0x0000000084b00000, 0x0000000084c00000|  0%| F|  |TAMS 0x0000000084b00000, 0x0000000084b00000| Untracked 
|  76|0x0000000084c00000, 0x0000000084c00000, 0x0000000084d00000|  0%| F|  |TAMS 0x0000000084c00000, 0x0000000084c00000| Untracked 
|  77|0x0000000084d00000, 0x0000000084d00000, 0x0000000084e00000|  0%| F|  |TAMS 0x0000000084d00000, 0x0000000084d00000| Untracked 
|  78|0x0000000084e00000, 0x0000000084eff1a0, 0x0000000084f00000| 99%| S|CS|TAMS 0x0000000084e00000, 0x0000000084e00000| Complete 
|  79|0x0000000084f00000, 0x0000000084f00000, 0x0000000085000000|  0%| F|  |TAMS 0x0000000084f00000, 0x0000000084f00000| Untracked 
|  80|0x0000000085000000, 0x0000000085000000, 0x0000000085100000|  0%| F|  |TAMS 0x0000000085000000, 0x0000000085000000| Untracked 
|  81|0x0000000085100000, 0x0000000085100000, 0x0000000085200000|  0%| F|  |TAMS 0x0000000085100000, 0x0000000085100000| Untracked 
|  82|0x0000000085200000, 0x0000000085200000, 0x0000000085300000|  0%| F|  |TAMS 0x0000000085200000, 0x0000000085200000| Untracked 
|  83|0x0000000085300000, 0x0000000085300000, 0x0000000085400000|  0%| F|  |TAMS 0x0000000085300000, 0x0000000085300000| Untracked 
|  84|0x0000000085400000, 0x0000000085400000, 0x0000000085500000|  0%| F|  |TAMS 0x0000000085400000, 0x0000000085400000| Untracked 
|  85|0x0000000085500000, 0x0000000085500000, 0x0000000085600000|  0%| F|  |TAMS 0x0000000085500000, 0x0000000085500000| Untracked 
|  86|0x0000000085600000, 0x0000000085600000, 0x0000000085700000|  0%| F|  |TAMS 0x0000000085600000, 0x0000000085600000| Untracked 
|  87|0x0000000085700000, 0x0000000085700000, 0x0000000085800000|  0%| F|  |TAMS 0x0000000085700000, 0x0000000085700000| Untracked 
|  88|0x0000000085800000, 0x0000000085800000, 0x0000000085900000|  0%| F|  |TAMS 0x0000000085800000, 0x0000000085800000| Untracked 
|  89|0x0000000085900000, 0x0000000085900000, 0x0000000085a00000|  0%| F|  |TAMS 0x0000000085900000, 0x0000000085900000| Untracked 
|  90|0x0000000085a00000, 0x0000000085a00000, 0x0000000085b00000|  0%| F|  |TAMS 0x0000000085a00000, 0x0000000085a00000| Untracked 
|  91|0x0000000085b00000, 0x0000000085b00000, 0x0000000085c00000|  0%| F|  |TAMS 0x0000000085b00000, 0x0000000085b00000| Untracked 
|  92|0x0000000085c00000, 0x0000000085c00000, 0x0000000085d00000|  0%| F|  |TAMS 0x0000000085c00000, 0x0000000085c00000| Untracked 
|  93|0x0000000085d00000, 0x0000000085d00000, 0x0000000085e00000|  0%| F|  |TAMS 0x0000000085d00000, 0x0000000085d00000| Untracked 
|  94|0x0000000085e00000, 0x0000000085e00000, 0x0000000085f00000|  0%| F|  |TAMS 0x0000000085e00000, 0x0000000085e00000| Untracked 
|  95|0x0000000085f00000, 0x0000000085f00000, 0x0000000086000000|  0%| F|  |TAMS 0x0000000085f00000, 0x0000000085f00000| Untracked 
|  96|0x0000000086000000, 0x0000000086000000, 0x0000000086100000|  0%| F|  |TAMS 0x0000000086000000, 0x0000000086000000| Untracked 
|  97|0x0000000086100000, 0x0000000086100000, 0x0000000086200000|  0%| F|  |TAMS 0x0000000086100000, 0x0000000086100000| Untracked 
|  98|0x0000000086200000, 0x0000000086200000, 0x0000000086300000|  0%| F|  |TAMS 0x0000000086200000, 0x0000000086200000| Untracked 
|  99|0x0000000086300000, 0x0000000086300000, 0x0000000086400000|  0%| F|  |TAMS 0x0000000086300000, 0x0000000086300000| Untracked 
| 100|0x0000000086400000, 0x0000000086400000, 0x0000000086500000|  0%| F|  |TAMS 0x0000000086400000, 0x0000000086400000| Untracked 
| 101|0x0000000086500000, 0x0000000086500000, 0x0000000086600000|  0%| F|  |TAMS 0x0000000086500000, 0x0000000086500000| Untracked 
| 102|0x0000000086600000, 0x0000000086600000, 0x0000000086700000|  0%| F|  |TAMS 0x0000000086600000, 0x0000000086600000| Untracked 
| 103|0x0000000086700000, 0x0000000086700000, 0x0000000086800000|  0%| F|  |TAMS 0x0000000086700000, 0x0000000086700000| Untracked 
| 104|0x0000000086800000, 0x0000000086800000, 0x0000000086900000|  0%| F|  |TAMS 0x0000000086800000, 0x0000000086800000| Untracked 
| 105|0x0000000086900000, 0x0000000086900000, 0x0000000086a00000|  0%| F|  |TAMS 0x0000000086900000, 0x0000000086900000| Untracked 
| 106|0x0000000086a00000, 0x0000000086a00000, 0x0000000086b00000|  0%| F|  |TAMS 0x0000000086a00000, 0x0000000086a00000| Untracked 
| 107|0x0000000086b00000, 0x0000000086b00000, 0x0000000086c00000|  0%| F|  |TAMS 0x0000000086b00000, 0x0000000086b00000| Untracked 
| 108|0x0000000086c00000, 0x0000000086c00000, 0x0000000086d00000|  0%| F|  |TAMS 0x0000000086c00000, 0x0000000086c00000| Untracked 
| 109|0x0000000086d00000, 0x0000000086d00000, 0x0000000086e00000|  0%| F|  |TAMS 0x0000000086d00000, 0x0000000086d00000| Untracked 
| 110|0x0000000086e00000, 0x0000000086e00000, 0x0000000086f00000|  0%| F|  |TAMS 0x0000000086e00000, 0x0000000086e00000| Untracked 
| 111|0x0000000086f00000, 0x0000000086f00000, 0x0000000087000000|  0%| F|  |TAMS 0x0000000086f00000, 0x0000000086f00000| Untracked 
| 112|0x0000000087000000, 0x0000000087000000, 0x0000000087100000|  0%| F|  |TAMS 0x0000000087000000, 0x0000000087000000| Untracked 
| 113|0x0000000087100000, 0x0000000087100000, 0x0000000087200000|  0%| F|  |TAMS 0x0000000087100000, 0x0000000087100000| Untracked 
| 114|0x0000000087200000, 0x0000000087200000, 0x0000000087300000|  0%| F|  |TAMS 0x0000000087200000, 0x0000000087200000| Untracked 
| 115|0x0000000087300000, 0x0000000087300000, 0x0000000087400000|  0%| F|  |TAMS 0x0000000087300000, 0x0000000087300000| Untracked 
| 116|0x0000000087400000, 0x0000000087400000, 0x0000000087500000|  0%| F|  |TAMS 0x0000000087400000, 0x0000000087400000| Untracked 
| 117|0x0000000087500000, 0x0000000087500000, 0x0000000087600000|  0%| F|  |TAMS 0x0000000087500000, 0x0000000087500000| Untracked 
| 118|0x0000000087600000, 0x0000000087600000, 0x0000000087700000|  0%| F|  |TAMS 0x0000000087600000, 0x0000000087600000| Untracked 
| 119|0x0000000087700000, 0x0000000087700000, 0x0000000087800000|  0%| F|  |TAMS 0x0000000087700000, 0x0000000087700000| Untracked 
| 120|0x0000000087800000, 0x0000000087800000, 0x0000000087900000|  0%| F|  |TAMS 0x0000000087800000, 0x0000000087800000| Untracked 
| 121|0x0000000087900000, 0x0000000087900000, 0x0000000087a00000|  0%| F|  |TAMS 0x0000000087900000, 0x0000000087900000| Untracked 
| 122|0x0000000087a00000, 0x0000000087a00000, 0x0000000087b00000|  0%| F|  |TAMS 0x0000000087a00000, 0x0000000087a00000| Untracked 
| 123|0x0000000087b00000, 0x0000000087b00000, 0x0000000087c00000|  0%| F|  |TAMS 0x0000000087b00000, 0x0000000087b00000| Untracked 
| 124|0x0000000087c00000, 0x0000000087c00000, 0x0000000087d00000|  0%| F|  |TAMS 0x0000000087c00000, 0x0000000087c00000| Untracked 
| 125|0x0000000087d00000, 0x0000000087d00000, 0x0000000087e00000|  0%| F|  |TAMS 0x0000000087d00000, 0x0000000087d00000| Untracked 

Card table byte_map: [0x0000023b173d0000,0x0000023b177d0000] _byte_map_base: 0x0000023b16fd0000

Marking Bits (Prev, Next): (CMBitMap*) 0x0000023b7df8a850, (CMBitMap*) 0x0000023b7df8a810
 Prev Bits: [0x0000023b19bd0000, 0x0000023b1bbd0000)
 Next Bits: [0x0000023b17bd0000, 0x0000023b19bd0000)

Polling page: 0x0000023b7e010000

Metaspace:

Usage:
  Non-class:     51.26 MB used.
      Class:      8.42 MB used.
       Both:     59.68 MB used.

Virtual space:
  Non-class space:       64.00 MB reserved,      51.62 MB ( 81%) committed,  1 nodes.
      Class space:      416.00 MB reserved,       8.75 MB (  2%) committed,  1 nodes.
             Both:      480.00 MB reserved,      60.38 MB ( 13%) committed. 

Chunk freelists:
   Non-Class:  12.16 MB
       Class:  7.30 MB
        Both:  19.45 MB

MaxMetaspaceSize: 512.00 MB
CompressedClassSpaceSize: 416.00 MB
Initial GC threshold: 21.00 MB
Current GC threshold: 95.00 MB
CDS: on
MetaspaceReclaimPolicy: balanced
 - commit_granule_bytes: 65536.
 - commit_granule_words: 8192.
 - virtual_space_node_default_size: 8388608.
 - enlarge_chunks_in_place: 1.
 - new_chunks_are_fully_committed: 0.
 - uncommit_free_chunks: 1.
 - use_allocation_guard: 0.
 - handle_deallocations: 1.


Internal statistics:

num_allocs_failed_limit: 6.
num_arena_births: 866.
num_arena_deaths: 0.
num_vsnodes_births: 2.
num_vsnodes_deaths: 0.
num_space_committed: 966.
num_space_uncommitted: 0.
num_chunks_returned_to_freelist: 6.
num_chunks_taken_from_freelist: 3447.
num_chunk_merges: 6.
num_chunk_splits: 2241.
num_chunks_enlarged: 1436.
num_inconsistent_stats: 0.

CodeHeap 'non-profiled nmethods': size=120000Kb used=3943Kb max_used=3943Kb free=116057Kb
 bounds [0x0000023b0f550000, 0x0000023b0f930000, 0x0000023b16a80000]
CodeHeap 'profiled nmethods': size=120000Kb used=13000Kb max_used=13000Kb free=107000Kb
 bounds [0x0000023b07a80000, 0x0000023b08740000, 0x0000023b0efb0000]
CodeHeap 'non-nmethods': size=5760Kb used=2369Kb max_used=2450Kb free=3390Kb
 bounds [0x0000023b0efb0000, 0x0000023b0f230000, 0x0000023b0f550000]
 total_blobs=7632 nmethods=6739 adapters=805
 compilation: enabled
              stopped_count=0, restarted_count=0
 full_count=0

Compilation events (20 events):
Event: 20.146 Thread 0x0000023b1e6039c0 7513       1       org.gradle.api.internal.collections.AbstractIterationOrderRetainingElementSource::getMutationGuard (5 bytes)
Event: 20.146 Thread 0x0000023b1e6039c0 nmethod 7513 0x0000023b0f929610 code [0x0000023b0f9297a0, 0x0000023b0f929878]
Event: 20.146 Thread 0x0000023b1e6039c0 7514       3       org.gradle.tooling.internal.provider.runner.PluginApplicationTracker$$Lambda$1102/0x0000023b2076b8b8::test (16 bytes)
Event: 20.147 Thread 0x0000023b1e6039c0 nmethod 7514 0x0000023b0872ee90 code [0x0000023b0872f060, 0x0000023b0872f5f8]
Event: 20.147 Thread 0x0000023b1e6039c0 7515       3       org.gradle.tooling.internal.provider.runner.PluginApplicationTracker::lambda$hasRunningPluginApplication$0 (34 bytes)
Event: 20.147 Thread 0x0000023b1e6039c0 nmethod 7515 0x0000023b0872f790 code [0x0000023b0872f960, 0x0000023b0872fd78]
Event: 20.150 Thread 0x0000023b1e6039c0 7516       3       org.gradle.model.internal.asm.AsmClassGeneratorUtils::visitTypes (33 bytes)
Event: 20.150 Thread 0x0000023b1e6039c0 nmethod 7516 0x0000023b0872fe90 code [0x0000023b08730040, 0x0000023b08730228]
Event: 20.157 Thread 0x0000023b1e6039c0 7517       3       java.lang.invoke.DirectMethodHandle$Holder::invokeStatic (14 bytes)
Event: 20.158 Thread 0x0000023b1e6039c0 nmethod 7517 0x0000023b08730390 code [0x0000023b08730560, 0x0000023b087309d8]
Event: 20.158 Thread 0x0000023b1e6039c0 7519       3       java.util.Collections$EmptyList::spliterator (4 bytes)
Event: 20.158 Thread 0x0000023b1e6039c0 nmethod 7519 0x0000023b08730b10 code [0x0000023b08730ca0, 0x0000023b08730e18]
Event: 20.158 Thread 0x0000023b1e6039c0 7518       3       org.gradle.internal.instantiation.generator.AsmBackedClassGenerator$ClassBuilderImpl::access$5300 (4 bytes)
Event: 20.158 Thread 0x0000023b1e6039c0 nmethod 7518 0x0000023b08730f10 code [0x0000023b087310a0, 0x0000023b08731198]
Event: 20.158 Thread 0x0000023b1e6039c0 7520       1       org.gradle.internal.instantiation.generator.AsmBackedClassGenerator$ClassBuilderImpl::access$7400 (5 bytes)
Event: 20.158 Thread 0x0000023b1e6039c0 nmethod 7520 0x0000023b0f929910 code [0x0000023b0f929aa0, 0x0000023b0f929b58]
Event: 20.161 Thread 0x0000023b1e6039c0 7521       3       org.apache.commons.lang.text.StrBuilder::append (54 bytes)
Event: 20.162 Thread 0x0000023b1e6039c0 nmethod 7521 0x0000023b08731210 code [0x0000023b08731400, 0x0000023b08731888]
Event: 20.169 Thread 0x0000023b1e6039c0 7522       3       com.google.common.collect.Maps::capacity (36 bytes)
Event: 20.169 Thread 0x0000023b1e6039c0 nmethod 7522 0x0000023b08731a90 code [0x0000023b08731c80, 0x0000023b08731f18]

GC Heap History (20 events):
Event: 13.754 GC heap after
{Heap after GC invocations=14 (full 0):
 garbage-first heap   total 89088K, used 39795K [0x0000000080000000, 0x0000000100000000)
  region size 1024K, 4 young (4096K), 4 survivors (4096K)
 Metaspace       used 47111K, committed 47680K, reserved 491520K
  class space    used 6603K, committed 6848K, reserved 425984K
}
Event: 14.400 GC heap before
{Heap before GC invocations=14 (full 0):
 garbage-first heap   total 89088K, used 71539K [0x0000000080000000, 0x0000000100000000)
  region size 1024K, 35 young (35840K), 4 survivors (4096K)
 Metaspace       used 50663K, committed 51264K, reserved 491520K
  class space    used 7130K, committed 7424K, reserved 425984K
}
Event: 14.407 GC heap after
{Heap after GC invocations=15 (full 0):
 garbage-first heap   total 89088K, used 41987K [0x0000000080000000, 0x0000000100000000)
  region size 1024K, 4 young (4096K), 4 survivors (4096K)
 Metaspace       used 50663K, committed 51264K, reserved 491520K
  class space    used 7130K, committed 7424K, reserved 425984K
}
Event: 15.458 GC heap before
{Heap before GC invocations=15 (full 0):
 garbage-first heap   total 89088K, used 71683K [0x0000000080000000, 0x0000000100000000)
  region size 1024K, 33 young (33792K), 4 survivors (4096K)
 Metaspace       used 52891K, committed 53504K, reserved 491520K
  class space    used 7481K, committed 7744K, reserved 425984K
}
Event: 15.468 GC heap after
{Heap after GC invocations=16 (full 0):
 garbage-first heap   total 89088K, used 44829K [0x0000000080000000, 0x0000000100000000)
  region size 1024K, 5 young (5120K), 5 survivors (5120K)
 Metaspace       used 52891K, committed 53504K, reserved 491520K
  class space    used 7481K, committed 7744K, reserved 425984K
}
Event: 17.852 GC heap before
{Heap before GC invocations=16 (full 0):
 garbage-first heap   total 89088K, used 71453K [0x0000000080000000, 0x0000000100000000)
  region size 1024K, 32 young (32768K), 5 survivors (5120K)
 Metaspace       used 53852K, committed 54528K, reserved 491520K
  class space    used 7564K, committed 7872K, reserved 425984K
}
Event: 17.860 GC heap after
{Heap after GC invocations=17 (full 0):
 garbage-first heap   total 89088K, used 48086K [0x0000000080000000, 0x0000000100000000)
  region size 1024K, 4 young (4096K), 4 survivors (4096K)
 Metaspace       used 53852K, committed 54528K, reserved 491520K
  class space    used 7564K, committed 7872K, reserved 425984K
}
Event: 18.172 GC heap before
{Heap before GC invocations=18 (full 0):
 garbage-first heap   total 89088K, used 59350K [0x0000000080000000, 0x0000000100000000)
  region size 1024K, 12 young (12288K), 4 survivors (4096K)
 Metaspace       used 54070K, committed 54784K, reserved 491520K
  class space    used 7606K, committed 7936K, reserved 425984K
}
Event: 18.178 GC heap after
{Heap after GC invocations=19 (full 0):
 garbage-first heap   total 89088K, used 55269K [0x0000000080000000, 0x0000000100000000)
  region size 1024K, 2 young (2048K), 2 survivors (2048K)
 Metaspace       used 54070K, committed 54784K, reserved 491520K
  class space    used 7606K, committed 7936K, reserved 425984K
}
Event: 18.514 GC heap before
{Heap before GC invocations=20 (full 0):
 garbage-first heap   total 102400K, used 70629K [0x0000000080000000, 0x0000000100000000)
  region size 1024K, 15 young (15360K), 2 survivors (2048K)
 Metaspace       used 54903K, committed 55552K, reserved 491520K
  class space    used 7728K, committed 8000K, reserved 425984K
}
Event: 18.517 GC heap after
{Heap after GC invocations=21 (full 0):
 garbage-first heap   total 102400K, used 58029K [0x0000000080000000, 0x0000000100000000)
  region size 1024K, 1 young (1024K), 1 survivors (1024K)
 Metaspace       used 54903K, committed 55552K, reserved 491520K
  class space    used 7728K, committed 8000K, reserved 425984K
}
Event: 18.597 GC heap before
{Heap before GC invocations=21 (full 0):
 garbage-first heap   total 102400K, used 62125K [0x0000000080000000, 0x0000000100000000)
  region size 1024K, 5 young (5120K), 1 survivors (1024K)
 Metaspace       used 55540K, committed 56256K, reserved 491520K
  class space    used 7803K, committed 8128K, reserved 425984K
}
Event: 18.599 GC heap after
{Heap after GC invocations=22 (full 0):
 garbage-first heap   total 102400K, used 57725K [0x0000000080000000, 0x0000000100000000)
  region size 1024K, 1 young (1024K), 1 survivors (1024K)
 Metaspace       used 55540K, committed 56256K, reserved 491520K
  class space    used 7803K, committed 8128K, reserved 425984K
}
Event: 19.291 GC heap before
{Heap before GC invocations=22 (full 0):
 garbage-first heap   total 102400K, used 78205K [0x0000000080000000, 0x0000000100000000)
  region size 1024K, 21 young (21504K), 1 survivors (1024K)
 Metaspace       used 57412K, committed 58048K, reserved 491520K
  class space    used 8061K, committed 8384K, reserved 425984K
}
Event: 19.294 GC heap after
{Heap after GC invocations=23 (full 0):
 garbage-first heap   total 102400K, used 58717K [0x0000000080000000, 0x0000000100000000)
  region size 1024K, 2 young (2048K), 2 survivors (2048K)
 Metaspace       used 57412K, committed 58048K, reserved 491520K
  class space    used 8061K, committed 8384K, reserved 425984K
}
Event: 19.638 GC heap before
{Heap before GC invocations=24 (full 0):
 garbage-first heap   total 104448K, used 79197K [0x0000000080000000, 0x0000000100000000)
  region size 1024K, 22 young (22528K), 2 survivors (2048K)
 Metaspace       used 58736K, committed 59456K, reserved 491520K
  class space    used 8234K, committed 8576K, reserved 425984K
}
Event: 19.641 GC heap after
{Heap after GC invocations=25 (full 0):
 garbage-first heap   total 104448K, used 59480K [0x0000000080000000, 0x0000000100000000)
  region size 1024K, 2 young (2048K), 2 survivors (2048K)
 Metaspace       used 58736K, committed 59456K, reserved 491520K
  class space    used 8234K, committed 8576K, reserved 425984K
}
Event: 19.684 GC heap before
{Heap before GC invocations=25 (full 0):
 garbage-first heap   total 104448K, used 61528K [0x0000000080000000, 0x0000000100000000)
  region size 1024K, 5 young (5120K), 2 survivors (2048K)
 Metaspace       used 58950K, committed 59648K, reserved 491520K
  class space    used 8257K, committed 8576K, reserved 425984K
}
Event: 19.688 GC heap after
{Heap after GC invocations=26 (full 0):
 garbage-first heap   total 104448K, used 59069K [0x0000000080000000, 0x0000000100000000)
  region size 1024K, 1 young (1024K), 1 survivors (1024K)
 Metaspace       used 58950K, committed 59648K, reserved 491520K
  class space    used 8257K, committed 8576K, reserved 425984K
}
Event: 20.172 GC heap before
{Heap before GC invocations=26 (full 0):
 garbage-first heap   total 104448K, used 81597K [0x0000000080000000, 0x0000000100000000)
  region size 1024K, 23 young (23552K), 1 survivors (1024K)
 Metaspace       used 61117K, committed 61824K, reserved 491520K
  class space    used 8622K, committed 8960K, reserved 425984K
}

Dll operation events (15 events):
Event: 0.022 Loaded shared library C:\Program Files\Microsoft\jdk-17.0.13.11-hotspot\bin\java.dll
Event: 0.052 Loaded shared library C:\Program Files\Microsoft\jdk-17.0.13.11-hotspot\bin\jsvml.dll
Event: 0.148 Loaded shared library C:\Program Files\Microsoft\jdk-17.0.13.11-hotspot\bin\zip.dll
Event: 0.153 Loaded shared library C:\Program Files\Microsoft\jdk-17.0.13.11-hotspot\bin\instrument.dll
Event: 0.162 Loaded shared library C:\Program Files\Microsoft\jdk-17.0.13.11-hotspot\bin\net.dll
Event: 0.164 Loaded shared library C:\Program Files\Microsoft\jdk-17.0.13.11-hotspot\bin\nio.dll
Event: 0.168 Loaded shared library C:\Program Files\Microsoft\jdk-17.0.13.11-hotspot\bin\zip.dll
Event: 0.592 Loaded shared library C:\Program Files\Microsoft\jdk-17.0.13.11-hotspot\bin\jimage.dll
Event: 0.874 Loaded shared library C:\Program Files\Microsoft\jdk-17.0.13.11-hotspot\bin\verify.dll
Event: 1.291 Loaded shared library C:\Users\Tayyab Sattar\.gradle\native\c067742578af261105cb4f569cf0c3c89f3d7b1fecec35dd04571415982c5e48\windows-amd64\native-platform.dll
Event: 1.308 Loaded shared library C:\Users\Tayyab Sattar\.gradle\native\100fb08df4bc3b14c8652ba06237920a3bd2aa13389f12d3474272988ae205f9\windows-amd64\native-platform-file-events.dll
Event: 3.102 Loaded shared library C:\Program Files\Microsoft\jdk-17.0.13.11-hotspot\bin\management.dll
Event: 3.108 Loaded shared library C:\Program Files\Microsoft\jdk-17.0.13.11-hotspot\bin\management_ext.dll
Event: 3.414 Loaded shared library C:\Program Files\Microsoft\jdk-17.0.13.11-hotspot\bin\extnet.dll
Event: 3.737 Loaded shared library C:\Program Files\Microsoft\jdk-17.0.13.11-hotspot\bin\sunmscapi.dll

Deoptimization events (20 events):
Event: 19.895 Thread 0x0000023b3f7c2350 Uncommon trap: trap_request=0xffffffc6 fr.pc=0x0000023b0f82e3f4 relative=0x00000000000007f4
Event: 19.895 Thread 0x0000023b3f7c2350 Uncommon trap: reason=bimorphic_or_optimized_type_check action=maybe_recompile pc=0x0000023b0f82e3f4 method=java.util.regex.Pattern$Start.match(Ljava/util/regex/Matcher;ILjava/lang/CharSequence;)Z @ 44 c2
Event: 19.895 Thread 0x0000023b3f7c2350 DEOPT PACKING pc=0x0000023b0f82e3f4 sp=0x000000f2542f19f0
Event: 19.895 Thread 0x0000023b3f7c2350 DEOPT UNPACKING pc=0x0000023b0f0069a3 sp=0x000000f2542f18d8 mode 2
Event: 19.895 Thread 0x0000023b3f7c2350 Uncommon trap: trap_request=0xffffffc6 fr.pc=0x0000023b0f82e3f4 relative=0x00000000000007f4
Event: 19.895 Thread 0x0000023b3f7c2350 Uncommon trap: reason=bimorphic_or_optimized_type_check action=maybe_recompile pc=0x0000023b0f82e3f4 method=java.util.regex.Pattern$Start.match(Ljava/util/regex/Matcher;ILjava/lang/CharSequence;)Z @ 44 c2
Event: 19.895 Thread 0x0000023b3f7c2350 DEOPT PACKING pc=0x0000023b0f82e3f4 sp=0x000000f2542f19f0
Event: 19.895 Thread 0x0000023b3f7c2350 DEOPT UNPACKING pc=0x0000023b0f0069a3 sp=0x000000f2542f18d8 mode 2
Event: 19.895 Thread 0x0000023b3f7c2350 Uncommon trap: trap_request=0xffffffc6 fr.pc=0x0000023b0f82e3f4 relative=0x00000000000007f4
Event: 19.895 Thread 0x0000023b3f7c2350 Uncommon trap: reason=bimorphic_or_optimized_type_check action=maybe_recompile pc=0x0000023b0f82e3f4 method=java.util.regex.Pattern$Start.match(Ljava/util/regex/Matcher;ILjava/lang/CharSequence;)Z @ 44 c2
Event: 19.895 Thread 0x0000023b3f7c2350 DEOPT PACKING pc=0x0000023b0f82e3f4 sp=0x000000f2542f19f0
Event: 19.895 Thread 0x0000023b3f7c2350 DEOPT UNPACKING pc=0x0000023b0f0069a3 sp=0x000000f2542f18d8 mode 2
Event: 19.895 Thread 0x0000023b3f7c2350 Uncommon trap: trap_request=0xffffffc6 fr.pc=0x0000023b0f82e3f4 relative=0x00000000000007f4
Event: 19.895 Thread 0x0000023b3f7c2350 Uncommon trap: reason=bimorphic_or_optimized_type_check action=maybe_recompile pc=0x0000023b0f82e3f4 method=java.util.regex.Pattern$Start.match(Ljava/util/regex/Matcher;ILjava/lang/CharSequence;)Z @ 44 c2
Event: 19.895 Thread 0x0000023b3f7c2350 DEOPT PACKING pc=0x0000023b0f82e3f4 sp=0x000000f2542f19f0
Event: 19.895 Thread 0x0000023b3f7c2350 DEOPT UNPACKING pc=0x0000023b0f0069a3 sp=0x000000f2542f18d8 mode 2
Event: 19.895 Thread 0x0000023b3f7c2350 Uncommon trap: trap_request=0xffffffc6 fr.pc=0x0000023b0f7e8318 relative=0x00000000000005b8
Event: 19.895 Thread 0x0000023b3f7c2350 Uncommon trap: reason=bimorphic_or_optimized_type_check action=maybe_recompile pc=0x0000023b0f7e8318 method=java.util.regex.Pattern$Start.match(Ljava/util/regex/Matcher;ILjava/lang/CharSequence;)Z @ 44 c2
Event: 19.895 Thread 0x0000023b3f7c2350 DEOPT PACKING pc=0x0000023b0f7e8318 sp=0x000000f2542f1900
Event: 19.895 Thread 0x0000023b3f7c2350 DEOPT UNPACKING pc=0x0000023b0f0069a3 sp=0x000000f2542f18d0 mode 2

Classes loaded (20 events):
Event: 19.855 Loading class javax/xml/parsers/FactoryFinder
Event: 19.855 Loading class javax/xml/parsers/FactoryFinder done
Event: 19.855 Loading class javax/xml/parsers/FactoryFinder$1
Event: 19.856 Loading class javax/xml/parsers/FactoryFinder$1 done
Event: 19.856 Loading class com/sun/org/apache/xerces/internal/jaxp/DocumentBuilderFactoryImpl
Event: 19.856 Loading class com/sun/org/apache/xerces/internal/jaxp/DocumentBuilderFactoryImpl done
Event: 19.856 Loading class com/sun/org/apache/xerces/internal/utils/XMLSecurityManager
Event: 19.857 Loading class com/sun/org/apache/xerces/internal/utils/XMLSecurityManager done
Event: 19.857 Loading class com/sun/org/apache/xerces/internal/utils/XMLSecurityManager$Limit
Event: 19.857 Loading class com/sun/org/apache/xerces/internal/utils/XMLSecurityManager$Limit done
Event: 19.857 Loading class com/sun/org/apache/xerces/internal/utils/XMLSecurityManager$NameMap
Event: 19.857 Loading class com/sun/org/apache/xerces/internal/utils/XMLSecurityManager$NameMap done
Event: 19.857 Loading class com/sun/org/apache/xerces/internal/utils/XMLSecurityPropertyManager
Event: 19.857 Loading class com/sun/org/apache/xerces/internal/utils/XMLSecurityPropertyManager done
Event: 19.857 Loading class com/sun/org/apache/xerces/internal/utils/XMLSecurityPropertyManager$State
Event: 19.857 Loading class com/sun/org/apache/xerces/internal/utils/XMLSecurityPropertyManager$State done
Event: 19.857 Loading class com/sun/org/apache/xerces/internal/utils/XMLSecurityPropertyManager$Property
Event: 19.857 Loading class com/sun/org/apache/xerces/internal/utils/XMLSecurityPropertyManager$Property done
Event: 19.893 Loading class java/util/regex/Pattern$SliceI
Event: 19.893 Loading class java/util/regex/Pattern$SliceI done

Classes unloaded (0 events):
No events

Classes redefined (0 events):
No events

Internal exceptions (20 events):
Event: 18.099 Thread 0x0000023b3f7bfad0 Exception <a 'java/lang/NoSuchMethodError'{0x0000000085063480}: static Lorg/gradle/internal/build/event/types/AbstractProjectConfigurationResult;.<clinit>()V> (0x0000000085063480) 
thrown [s\src\hotspot\share\prims\jni.cpp, line 1112]
Event: 18.101 Thread 0x0000023b3f7bfad0 Exception <a 'java/lang/NoSuchMethodError'{0x0000000085077c28}: static Lorg/gradle/internal/build/event/types/DefaultPluginApplicationResult;.<clinit>()V> (0x0000000085077c28) 
thrown [s\src\hotspot\share\prims\jni.cpp, line 1112]
Event: 18.102 Thread 0x0000023b3f7bfad0 Exception <a 'java/lang/NoSuchMethodError'{0x0000000085082780}: static Lorg/gradle/internal/build/event/types/DefaultBinaryPluginIdentifier;.<clinit>()V> (0x0000000085082780) 
thrown [s\src\hotspot\share\prims\jni.cpp, line 1112]
Event: 18.107 Thread 0x0000023b3f7bfad0 Exception <a 'java/lang/NoSuchMethodError'{0x0000000085098e50}: static Lorg/gradle/internal/build/event/types/DefaultScriptPluginIdentifier;.<clinit>()V> (0x0000000085098e50) 
thrown [s\src\hotspot\share\prims\jni.cpp, line 1112]
Event: 18.458 Thread 0x0000023b3f7c2350 Exception <a 'java/lang/NoSuchMethodError'{0x0000000085b6fe98}: static Lorg/jetbrains/kotlin/gradle/plugin/internal/DefaultConfigurationTimePropertiesAccessorVariantFactory;.<clinit>()V> (0x0000000085b6fe98) 
thrown [s\src\hotspot\share\prims\jni.cpp, line 1112]
Event: 18.460 Thread 0x0000023b3f7c2350 Exception <a 'java/lang/NoSuchMethodError'{0x0000000085b94170}: static Lorg/jetbrains/kotlin/gradle/plugin/internal/DefaultProjectIsolationStartParameterAccessor$Factory;.<clinit>()V> (0x0000000085b94170) 
thrown [s\src\hotspot\share\prims\jni.cpp, line 1112]
Event: 18.463 Thread 0x0000023b3f7c2350 Exception <a 'java/lang/NoSuchMethodError'{0x0000000085bb9158}: static Lorg/jetbrains/kotlin/gradle/plugin/internal/DefaultSourceSetCompatibilityHelperVariantFactory;.<clinit>()V> (0x0000000085bb9158) 
thrown [s\src\hotspot\share\prims\jni.cpp, line 1112]
Event: 18.467 Thread 0x0000023b3f7c2350 Exception <a 'java/lang/NoSuchMethodError'{0x0000000085bec730}: static Lorg/jetbrains/kotlin/gradle/plugin/internal/DefaultArtifactTypeAttributeAccessorVariantFactory;.<clinit>()V> (0x0000000085bec730) 
thrown [s\src\hotspot\share\prims\jni.cpp, line 1112]
Event: 18.475 Thread 0x0000023b3f7c2350 Exception <a 'java/lang/NoSuchMethodError'{0x000000008581fd50}: static Lorg/jetbrains/kotlin/gradle/plugin/internal/DefaultCompatibilityConventionRegistrar$Factory;.<clinit>()V> (0x000000008581fd50) 
thrown [s\src\hotspot\share\prims\jni.cpp, line 1112]
Event: 18.477 Thread 0x0000023b3f7c2350 Exception <a 'java/lang/NoSuchMethodError'{0x0000000085844aa8}: static Lorg/jetbrains/kotlin/gradle/plugin/internal/DefaultJavaSourceSetsAccessorVariantFactory;.<clinit>()V> (0x0000000085844aa8) 
thrown [s\src\hotspot\share\prims\jni.cpp, line 1112]
Event: 18.480 Thread 0x0000023b3f7c2350 Exception <a 'java/lang/NoSuchMethodError'{0x0000000085868ef0}: static Lorg/jetbrains/kotlin/gradle/plugin/internal/DefaultIdeaSyncDetectorVariantFactory;.<clinit>()V> (0x0000000085868ef0) 
thrown [s\src\hotspot\share\prims\jni.cpp, line 1112]
Event: 18.483 Thread 0x0000023b3f7c2350 Exception <a 'java/lang/NoSuchMethodError'{0x000000008588f4a8}: static Lorg/jetbrains/kotlin/gradle/plugin/internal/DefaultKotlinTestReportCompatibilityHelperVariantFactory;.<clinit>()V> (0x000000008588f4a8) 
thrown [s\src\hotspot\share\prims\jni.cpp, line 1112]
Event: 18.486 Thread 0x0000023b3f7c2350 Exception <a 'java/lang/NoSuchMethodError'{0x00000000858b4520}: static Lorg/jetbrains/kotlin/gradle/plugin/internal/DefaultMppTestReportHelperVariantFactory;.<clinit>()V> (0x00000000858b4520) 
thrown [s\src\hotspot\share\prims\jni.cpp, line 1112]
Event: 18.489 Thread 0x0000023b3f7c2350 Exception <a 'java/lang/NoSuchMethodError'{0x00000000858d88c8}: static Lorg/jetbrains/kotlin/gradle/plugin/internal/DefaultConfigurationCacheStartParameterAccessorVariantFactory;.<clinit>()V> (0x00000000858d88c8) 
thrown [s\src\hotspot\share\prims\jni.cpp, line 1112]
Event: 18.492 Thread 0x0000023b3f7c2350 Exception <a 'java/lang/NoSuchMethodError'{0x00000000858fe0f0}: static Lorg/jetbrains/kotlin/gradle/plugin/internal/MavenPluginConfigurator$DefaultMavenPluginConfiguratorVariantFactory;.<clinit>()V> (0x00000000858fe0f0) 
thrown [s\src\hotspot\share\prims\jni.cpp, line 1112]
Event: 18.496 Thread 0x0000023b3f7c2350 Exception <a 'java/lang/NoSuchMethodError'{0x00000000857225b8}: static Lorg/jetbrains/kotlin/gradle/targets/js/nodejs/DefaultUnameExecutorVariantFactory;.<clinit>()V> (0x00000000857225b8) 
thrown [s\src\hotspot\share\prims\jni.cpp, line 1112]
Event: 18.498 Thread 0x0000023b3f7c2350 Exception <a 'java/lang/NoSuchMethodError'{0x0000000085747488}: static Lorg/jetbrains/kotlin/gradle/plugin/internal/DefaultBasePluginConfigurationVariantFactory;.<clinit>()V> (0x0000000085747488) 
thrown [s\src\hotspot\share\prims\jni.cpp, line 1112]
Event: 18.500 Thread 0x0000023b3f7c2350 Exception <a 'java/lang/NoSuchMethodError'{0x000000008576ca80}: static Lorg/jetbrains/kotlin/gradle/plugin/internal/DefaultAttributeConfigurationHelperVariantFactory;.<clinit>()V> (0x000000008576ca80) 
thrown [s\src\hotspot\share\prims\jni.cpp, line 1112]
Event: 18.595 Thread 0x0000023b3f7c2350 Exception <a 'java/lang/IncompatibleClassChangeError'{0x00000000860e9630}: Found class java.lang.Object, but interface was expected> (0x00000000860e9630) 
thrown [s\src\hotspot\share\interpreter\linkResolver.cpp, line 826]
Event: 19.957 Thread 0x0000023b3f7c2350 Exception <a 'java/lang/NoSuchMethodError'{0x00000000858a9fd8}: 'void java.lang.invoke.DirectMethodHandle$Holder.invokeVirtual(java.lang.Object, java.lang.Object)'> (0x00000000858a9fd8) 
thrown [s\src\hotspot\share\interpreter\linkResolver.cpp, line 759]

VM Operations (20 events):
Event: 18.517 Executing VM operation: G1CollectForAllocation done
Event: 18.597 Executing VM operation: G1CollectForAllocation
Event: 18.599 Executing VM operation: G1CollectForAllocation done
Event: 18.782 Executing VM operation: HandshakeAllThreads
Event: 18.782 Executing VM operation: HandshakeAllThreads done
Event: 18.790 Executing VM operation: HandshakeAllThreads
Event: 18.790 Executing VM operation: HandshakeAllThreads done
Event: 19.291 Executing VM operation: G1CollectForAllocation
Event: 19.294 Executing VM operation: G1CollectForAllocation done
Event: 19.345 Executing VM operation: G1PauseRemark
Event: 19.348 Executing VM operation: G1PauseRemark done
Event: 19.376 Executing VM operation: G1PauseCleanup
Event: 19.376 Executing VM operation: G1PauseCleanup done
Event: 19.638 Executing VM operation: G1CollectForAllocation
Event: 19.641 Executing VM operation: G1CollectForAllocation done
Event: 19.683 Executing VM operation: G1CollectForAllocation
Event: 19.688 Executing VM operation: G1CollectForAllocation done
Event: 19.865 Executing VM operation: HandshakeAllThreads
Event: 19.865 Executing VM operation: HandshakeAllThreads done
Event: 20.171 Executing VM operation: G1CollectForAllocation

Memory protections (0 events):
No events

Nmethod flushes (20 events):
Event: 13.066 Thread 0x0000023b1e604b60 flushing  nmethod 0x0000023b0820ce10
Event: 13.066 Thread 0x0000023b1e604b60 flushing  nmethod 0x0000023b0820d390
Event: 13.066 Thread 0x0000023b1e604b60 flushing  nmethod 0x0000023b0820db90
Event: 13.066 Thread 0x0000023b1e604b60 flushing  nmethod 0x0000023b0820e210
Event: 13.066 Thread 0x0000023b1e604b60 flushing  nmethod 0x0000023b08224010
Event: 13.066 Thread 0x0000023b1e604b60 flushing  nmethod 0x0000023b0822de10
Event: 13.066 Thread 0x0000023b1e604b60 flushing  nmethod 0x0000023b0822e690
Event: 13.066 Thread 0x0000023b1e604b60 flushing  nmethod 0x0000023b08233c90
Event: 13.066 Thread 0x0000023b1e604b60 flushing  nmethod 0x0000023b08234810
Event: 13.066 Thread 0x0000023b1e604b60 flushing  nmethod 0x0000023b08235010
Event: 13.066 Thread 0x0000023b1e604b60 flushing  nmethod 0x0000023b08235a90
Event: 13.066 Thread 0x0000023b1e604b60 flushing  nmethod 0x0000023b08236f90
Event: 13.066 Thread 0x0000023b1e604b60 flushing  nmethod 0x0000023b0823ee90
Event: 13.066 Thread 0x0000023b1e604b60 flushing  nmethod 0x0000023b08246a10
Event: 13.066 Thread 0x0000023b1e604b60 flushing  nmethod 0x0000023b0824d590
Event: 13.066 Thread 0x0000023b1e604b60 flushing  nmethod 0x0000023b0828d910
Event: 13.066 Thread 0x0000023b1e604b60 flushing  nmethod 0x0000023b0829f410
Event: 13.067 Thread 0x0000023b1e604b60 flushing  nmethod 0x0000023b08327810
Event: 13.067 Thread 0x0000023b1e604b60 flushing  nmethod 0x0000023b0834ff90
Event: 13.067 Thread 0x0000023b1e604b60 flushing  nmethod 0x0000023b08380890

Events (20 events):
Event: 15.343 Thread 0x0000023b3f7c2350 Thread added: 0x0000023b40f40f30
Event: 15.360 Thread 0x0000023b3f7c2350 Thread added: 0x0000023b3eac7620
Event: 15.366 Thread 0x0000023b3f7c2350 Thread added: 0x0000023b3eac8f70
Event: 15.369 Thread 0x0000023b3f7c2350 Thread added: 0x0000023b3eac7b30
Event: 15.376 Thread 0x0000023b3f7c2350 Thread added: 0x0000023b3eac3e70
Event: 15.382 Thread 0x0000023b3f7c2350 Thread added: 0x0000023b3eac61e0
Event: 15.389 Thread 0x0000023b3f7c2350 Thread added: 0x0000023b3eac66f0
Event: 15.594 Thread 0x0000023b3f7c2350 Thread added: 0x0000023b3eac57c0
Event: 15.595 Thread 0x0000023b3f7c2350 Thread added: 0x0000023b3eac8040
Event: 15.598 Thread 0x0000023b3f7c2350 Thread added: 0x0000023b3eac4890
Event: 15.600 Thread 0x0000023b3f7c2350 Thread added: 0x0000023b3eac6c00
Event: 15.600 Thread 0x0000023b3f7c2350 Thread added: 0x0000023b3eac5cd0
Event: 15.602 Thread 0x0000023b3f7c2350 Thread added: 0x0000023b3eac7110
Event: 15.603 Thread 0x0000023b3f7c2350 Thread added: 0x0000023b3eac8550
Event: 17.156 Thread 0x0000023b43380b00 Thread exited: 0x0000023b43380b00
Event: 17.462 Thread 0x0000023b43383030 Thread exited: 0x0000023b43383030
Event: 18.088 Thread 0x0000023b1e6039c0 Thread added: 0x0000023b43382040
Event: 18.786 Thread 0x0000023b3f7c2350 Thread added: 0x0000023b3eac9990
Event: 18.889 Thread 0x0000023b43382040 Thread exited: 0x0000023b43382040
Event: 19.917 Thread 0x0000023b3f7c2350 Thread added: 0x0000023b3eac8a60


Dynamic libraries:
0x00007ff61e530000 - 0x00007ff61e53e000 	C:\Program Files\Microsoft\jdk-17.0.13.11-hotspot\bin\java.exe
0x00007ffa9c9b0000 - 0x00007ffa9cbc7000 	C:\Windows\SYSTEM32\ntdll.dll
0x00007ffa9b050000 - 0x00007ffa9b114000 	C:\Windows\System32\KERNEL32.DLL
0x00007ffa99f00000 - 0x00007ffa9a2ba000 	C:\Windows\System32\KERNELBASE.dll
0x00007ffa9a340000 - 0x00007ffa9a451000 	C:\Windows\System32\ucrtbase.dll
0x00007ffa35390000 - 0x00007ffa353ad000 	C:\Program Files\Microsoft\jdk-17.0.13.11-hotspot\bin\VCRUNTIME140.dll
0x00007ffa714f0000 - 0x00007ffa71507000 	C:\Program Files\Microsoft\jdk-17.0.13.11-hotspot\bin\jli.dll
0x00007ffa9a940000 - 0x00007ffa9aaee000 	C:\Windows\System32\USER32.dll
0x00007ffa9a600000 - 0x00007ffa9a626000 	C:\Windows\System32\win32u.dll
0x00007ffa9b4c0000 - 0x00007ffa9b4e9000 	C:\Windows\System32\GDI32.dll
0x00007ffa99de0000 - 0x00007ffa99efb000 	C:\Windows\System32\gdi32full.dll
0x00007ffa99c80000 - 0x00007ffa99d1a000 	C:\Windows\System32\msvcp_win.dll
0x00007ffa761f0000 - 0x00007ffa76482000 	C:\Windows\WinSxS\amd64_microsoft.windows.common-controls_6595b64144ccf1df_6.0.22621.4541_none_2710d1c57384c085\COMCTL32.dll
0x00007ffa9b9f0000 - 0x00007ffa9ba97000 	C:\Windows\System32\msvcrt.dll
0x00007ffa9c800000 - 0x00007ffa9c831000 	C:\Windows\System32\IMM32.DLL
0x00007ffa81250000 - 0x00007ffa8125c000 	C:\Program Files\Microsoft\jdk-17.0.13.11-hotspot\bin\vcruntime140_1.dll
0x00007ffa32f40000 - 0x00007ffa32fcd000 	C:\Program Files\Microsoft\jdk-17.0.13.11-hotspot\bin\msvcp140.dll
0x00007ffa30e70000 - 0x00007ffa31ae1000 	C:\Program Files\Microsoft\jdk-17.0.13.11-hotspot\bin\server\jvm.dll
0x00007ffa9c740000 - 0x00007ffa9c7f2000 	C:\Windows\System32\ADVAPI32.dll
0x00007ffa9c8c0000 - 0x00007ffa9c967000 	C:\Windows\System32\sechost.dll
0x00007ffa9a460000 - 0x00007ffa9a488000 	C:\Windows\System32\bcrypt.dll
0x00007ffa9a6c0000 - 0x00007ffa9a7d4000 	C:\Windows\System32\RPCRT4.dll
0x00007ffa9b120000 - 0x00007ffa9b191000 	C:\Windows\System32\WS2_32.dll
0x00007ffa92cf0000 - 0x00007ffa92d24000 	C:\Windows\SYSTEM32\WINMM.dll
0x00007ffa99b50000 - 0x00007ffa99b9d000 	C:\Windows\SYSTEM32\POWRPROF.dll
0x00007ffa953c0000 - 0x00007ffa953ca000 	C:\Windows\SYSTEM32\VERSION.dll
0x00007ffa99b30000 - 0x00007ffa99b43000 	C:\Windows\SYSTEM32\UMPDC.dll
0x00007ffa98c80000 - 0x00007ffa98c98000 	C:\Windows\SYSTEM32\kernel.appcore.dll
0x00007ffa70df0000 - 0x00007ffa70dfa000 	C:\Program Files\Microsoft\jdk-17.0.13.11-hotspot\bin\jimage.dll
0x00007ffa97490000 - 0x00007ffa976c2000 	C:\Windows\SYSTEM32\DBGHELP.DLL
0x00007ffa9c3b0000 - 0x00007ffa9c73f000 	C:\Windows\System32\combase.dll
0x00007ffa9b750000 - 0x00007ffa9b827000 	C:\Windows\System32\OLEAUT32.dll
0x00007ffa80fc0000 - 0x00007ffa80ff2000 	C:\Windows\SYSTEM32\dbgcore.DLL
0x00007ffa9a2c0000 - 0x00007ffa9a33b000 	C:\Windows\System32\bcryptPrimitives.dll
0x00007ffa32d60000 - 0x00007ffa32d6e000 	C:\Program Files\Microsoft\jdk-17.0.13.11-hotspot\bin\instrument.dll
0x00007ffa32f10000 - 0x00007ffa32f35000 	C:\Program Files\Microsoft\jdk-17.0.13.11-hotspot\bin\java.dll
0x00007ffa32e30000 - 0x00007ffa32f07000 	C:\Program Files\Microsoft\jdk-17.0.13.11-hotspot\bin\jsvml.dll
0x00007ffa9baa0000 - 0x00007ffa9c318000 	C:\Windows\System32\SHELL32.dll
0x00007ffa97b70000 - 0x00007ffa98478000 	C:\Windows\SYSTEM32\windows.storage.dll
0x00007ffa97a30000 - 0x00007ffa97b6f000 	C:\Windows\SYSTEM32\wintypes.dll
0x00007ffa9b3c0000 - 0x00007ffa9b4ba000 	C:\Windows\System32\SHCORE.dll
0x00007ffa9ab10000 - 0x00007ffa9ab6e000 	C:\Windows\System32\shlwapi.dll
0x00007ffa99bb0000 - 0x00007ffa99bdb000 	C:\Windows\SYSTEM32\profapi.dll
0x00007ffa32dd0000 - 0x00007ffa32de8000 	C:\Program Files\Microsoft\jdk-17.0.13.11-hotspot\bin\zip.dll
0x00007ffa32e10000 - 0x00007ffa32e2a000 	C:\Program Files\Microsoft\jdk-17.0.13.11-hotspot\bin\net.dll
0x00007ffa92670000 - 0x00007ffa927a6000 	C:\Windows\SYSTEM32\WINHTTP.dll
0x00007ffa990f0000 - 0x00007ffa99159000 	C:\Windows\system32\mswsock.dll
0x00007ffa32df0000 - 0x00007ffa32e06000 	C:\Program Files\Microsoft\jdk-17.0.13.11-hotspot\bin\nio.dll
0x00007ffa80810000 - 0x00007ffa80820000 	C:\Program Files\Microsoft\jdk-17.0.13.11-hotspot\bin\verify.dll
0x00007ffa32da0000 - 0x00007ffa32dc7000 	C:\Users\Tayyab Sattar\.gradle\native\c067742578af261105cb4f569cf0c3c89f3d7b1fecec35dd04571415982c5e48\windows-amd64\native-platform.dll
0x00007ffa32b40000 - 0x00007ffa32c84000 	C:\Users\Tayyab Sattar\.gradle\native\100fb08df4bc3b14c8652ba06237920a3bd2aa13389f12d3474272988ae205f9\windows-amd64\native-platform-file-events.dll
0x00007ffa32d90000 - 0x00007ffa32d9a000 	C:\Program Files\Microsoft\jdk-17.0.13.11-hotspot\bin\management.dll
0x00007ffa32d80000 - 0x00007ffa32d8b000 	C:\Program Files\Microsoft\jdk-17.0.13.11-hotspot\bin\management_ext.dll
0x00007ffa9b3b0000 - 0x00007ffa9b3b8000 	C:\Windows\System32\PSAPI.DLL
0x00007ffa99440000 - 0x00007ffa9945b000 	C:\Windows\SYSTEM32\CRYPTSP.dll
0x00007ffa98be0000 - 0x00007ffa98c15000 	C:\Windows\system32\rsaenh.dll
0x00007ffa99190000 - 0x00007ffa991b8000 	C:\Windows\SYSTEM32\USERENV.dll
0x00007ffa99420000 - 0x00007ffa9942c000 	C:\Windows\SYSTEM32\CRYPTBASE.dll
0x00007ffa986e0000 - 0x00007ffa9870d000 	C:\Windows\SYSTEM32\IPHLPAPI.DLL
0x00007ffa9a6b0000 - 0x00007ffa9a6b9000 	C:\Windows\System32\NSI.dll
0x00007ffa92590000 - 0x00007ffa925a9000 	C:\Windows\SYSTEM32\dhcpcsvc6.DLL
0x00007ffa92450000 - 0x00007ffa9246f000 	C:\Windows\SYSTEM32\dhcpcsvc.DLL
0x00007ffa98750000 - 0x00007ffa98852000 	C:\Windows\SYSTEM32\DNSAPI.dll
0x00007ffa32d70000 - 0x00007ffa32d79000 	C:\Program Files\Microsoft\jdk-17.0.13.11-hotspot\bin\extnet.dll
0x00007ffa32b30000 - 0x00007ffa32b3e000 	C:\Program Files\Microsoft\jdk-17.0.13.11-hotspot\bin\sunmscapi.dll
0x00007ffa9a490000 - 0x00007ffa9a5f6000 	C:\Windows\System32\CRYPT32.dll
0x00007ffa99530000 - 0x00007ffa9955d000 	C:\Windows\SYSTEM32\ncrypt.dll
0x00007ffa994f0000 - 0x00007ffa99527000 	C:\Windows\SYSTEM32\NTASN1.dll
0x00007ffa930d0000 - 0x00007ffa930d8000 	C:\Windows\system32\wshunix.dll

dbghelp: loaded successfully - version: 4.0.5 - missing functions: none
symbol engine: initialized successfully - sym options: 0x614 - pdb path: .;C:\Program Files\Microsoft\jdk-17.0.13.11-hotspot\bin;C:\Windows\SYSTEM32;C:\Windows\WinSxS\amd64_microsoft.windows.common-controls_6595b64144ccf1df_6.0.22621.4541_none_2710d1c57384c085;C:\Program Files\Microsoft\jdk-17.0.13.11-hotspot\bin\server;C:\Users\Tayyab Sattar\.gradle\native\c067742578af261105cb4f569cf0c3c89f3d7b1fecec35dd04571415982c5e48\windows-amd64;C:\Users\Tayyab Sattar\.gradle\native\100fb08df4bc3b14c8652ba06237920a3bd2aa13389f12d3474272988ae205f9\windows-amd64

VM Arguments:
jvm_args: -XX:MaxMetaspaceSize=512m --add-opens=java.base/java.util=ALL-UNNAMED --add-opens=java.base/java.lang=ALL-UNNAMED --add-opens=java.base/java.lang.invoke=ALL-UNNAMED --add-opens=java.prefs/java.util.prefs=ALL-UNNAMED --add-exports=jdk.compiler/com.sun.tools.javac.api=ALL-UNNAMED --add-exports=jdk.compiler/com.sun.tools.javac.util=ALL-UNNAMED --add-opens=java.base/java.nio.charset=ALL-UNNAMED --add-opens=java.base/java.net=ALL-UNNAMED --add-opens=java.base/java.util.concurrent.atomic=ALL-UNNAMED -Xmx2048m -Dfile.encoding=utf8 -Duser.country=US -Duser.language=en -Duser.variant -javaagent:C:\Users\Tayyab Sattar\.gradle\wrapper\dists\gradle-8.10.2-all\7iv73wktx1xtkvlq19urqw1wm\gradle-8.10.2\lib\agents\gradle-instrumentation-agent-8.10.2.jar 
java_command: org.gradle.launcher.daemon.bootstrap.GradleDaemon 8.10.2
java_class_path (initial): C:\Users\Tayyab Sattar\.gradle\wrapper\dists\gradle-8.10.2-all\7iv73wktx1xtkvlq19urqw1wm\gradle-8.10.2\lib\gradle-daemon-main-8.10.2.jar
Launcher Type: SUN_STANDARD

[Global flags]
     intx CICompilerCount                          = 4                                         {product} {ergonomic}
   size_t CompressedClassSpaceSize                 = 436207616                                 {product} {ergonomic}
     uint ConcGCThreads                            = 2                                         {product} {ergonomic}
     uint G1ConcRefinementThreads                  = 8                                         {product} {ergonomic}
   size_t G1HeapRegionSize                         = 1048576                                   {product} {ergonomic}
    uintx GCDrainStackTargetSize                   = 64                                        {product} {ergonomic}
   size_t InitialHeapSize                          = 132120576                                 {product} {ergonomic}
   size_t MarkStackSize                            = 4194304                                   {product} {ergonomic}
   size_t MaxHeapSize                              = 2147483648                                {product} {command line}
   size_t MaxMetaspaceSize                         = 536870912                                 {product} {command line}
   size_t MaxNewSize                               = 1287651328                                {product} {ergonomic}
   size_t MinHeapDeltaBytes                        = 1048576                                   {product} {ergonomic}
   size_t MinHeapSize                              = 8388608                                   {product} {ergonomic}
    uintx NonNMethodCodeHeapSize                   = 5839372                                {pd product} {ergonomic}
    uintx NonProfiledCodeHeapSize                  = 122909434                              {pd product} {ergonomic}
    uintx ProfiledCodeHeapSize                     = 122909434                              {pd product} {ergonomic}
    uintx ReservedCodeCacheSize                    = 251658240                              {pd product} {ergonomic}
     bool SegmentedCodeCache                       = true                                      {product} {ergonomic}
   size_t SoftMaxHeapSize                          = 2147483648                             {manageable} {ergonomic}
     bool UseCompressedClassPointers               = true                           {product lp64_product} {ergonomic}
     bool UseCompressedOops                        = true                           {product lp64_product} {ergonomic}
     bool UseG1GC                                  = true                                      {product} {ergonomic}
     bool UseLargePagesIndividualAllocation        = false                                  {pd product} {ergonomic}

Logging:
Log output configuration:
 #0: stdout all=warning uptime,level,tags
 #1: stderr all=off uptime,level,tags

Environment Variables:
JAVA_HOME=C:\Program Files\Microsoft\jdk-17.0.13.11-hotspot\
PATH=C:\Program Files\Microsoft\jdk-17.0.13.11-hotspot\bin;C:\Windows\system32;C:\Windows;C:\Windows\System32\Wbem;C:\Windows\System32\WindowsPowerShell\v1.0\;C:\Windows\System32\OpenSSH\;C:\Program Files\Git\cmd;C:\MinGW\bin;C:\MinGW\bin;C:\Program Files\Microsoft SQL Server\150\Tools\Binn\;C:\Program Files\Microsoft SQL Server\Client SDK\ODBC\170\Tools\Binn\;C:\Program Files\dotnet\;C:\Program Files (x86)\Microsoft SQL Server\160\DTS\Binn\;C:\Program Files (x86)\Microsoft SQL Server\160\Tools\Binn\;C:\Program Files\Microsoft SQL Server\160\Tools\Binn\;C:\Program Files\Microsoft SQL Server\160\DTS\Binn\;C:\ProgramData\chocolatey\bin;C:\Program Files\nodejs\;D:\software\Andriod_SDK\platform-tools
USERNAME=Tayyab Sattar
OS=Windows_NT
PROCESSOR_IDENTIFIER=Intel64 Family 6 Model 142 Stepping 12, GenuineIntel
TMP=C:\Users\TAYYAB~1\AppData\Local\Temp
TEMP=C:\Users\TAYYAB~1\AppData\Local\Temp



Periodic native trim disabled


---------------  S Y S T E M  ---------------

OS:
 Windows 11 , 64 bit Build 22621 (10.0.22621.4391)
OS uptime: 0 days 2:48 hours
Hyper-V role detected

CPU: total 8 (initial active 8) (4 cores per cpu, 2 threads per core) family 6 model 142 stepping 12 microcode 0xf8, cx8, cmov, fxsr, ht, mmx, 3dnowpref, sse, sse2, sse3, ssse3, sse4.1, sse4.2, popcnt, lzcnt, tsc, tscinvbit, avx, avx2, aes, erms, clmul, bmi1, bmi2, adx, fma, vzeroupper, clflush, clflushopt, hv
Processor Information for the first 8 processors :
  Max Mhz: 1800, Current Mhz: 1600, Mhz Limit: 1584

Memory: 4k page, system-wide physical 7998M (563M free)
TotalPageFile size 19588M (AvailPageFile size 10M)
current process WorkingSet (physical memory assigned to process): 307M, peak: 307M
current process commit charge ("private bytes"): 371M, peak: 382M

vm_info: OpenJDK 64-Bit Server VM (17.0.13+11-LTS) for windows-amd64 JRE (17.0.13+11-LTS), built on Oct 11 2024 23:25:05 by "MicrosoftCorporation" with unknown MS VC++:1939

END.
