#
# There is insufficient memory for the Java Runtime Environment to continue.
# Native memory allocation (malloc) failed to allocate 324208 bytes. Error detail: Chunk::new
# Possible reasons:
#   The system is out of physical RAM or swap space
#   This process is running with CompressedOops enabled, and the Java Heap may be blocking the growth of the native heap
# Possible solutions:
#   Reduce memory load on the system
#   Increase physical memory or swap space
#   Check if swap backing store is full
#   Decrease Java heap size (-Xmx/-Xms)
#   Decrease number of Java threads
#   Decrease Java thread stack sizes (-Xss)
#   Set larger code cache with -XX:ReservedCodeCacheSize=
#   JVM is running with Unscaled Compressed Oops mode in which the Java heap is
#     placed in the first 4GB address space. The Java Heap base address is the
#     maximum limit for the native heap growth. Please use -XX:HeapBaseMinAddress
#     to set the Java Heap base and to place the Java Heap above 4GB virtual address.
# This output file may be truncated or incomplete.
#
#  Out of Memory Error (arena.cpp:191), pid=24184, tid=8572
#
# JRE version: OpenJDK Runtime Environment Microsoft-10376486 (17.0.13+11) (build 17.0.13+11-LTS)
# Java VM: OpenJDK 64-Bit Server VM Microsoft-10376486 (17.0.13+11-LTS, mixed mode, sharing, tiered, compressed oops, compressed class ptrs, g1 gc, windows-amd64)
# No core dump will be written. Minidumps are not enabled by default on client versions of Windows
#

---------------  S U M M A R Y ------------

Command Line: -XX:MaxMetaspaceSize=512m --add-opens=java.base/java.util=ALL-UNNAMED --add-opens=java.base/java.lang=ALL-UNNAMED --add-opens=java.base/java.lang.invoke=ALL-UNNAMED --add-opens=java.prefs/java.util.prefs=ALL-UNNAMED --add-exports=jdk.compiler/com.sun.tools.javac.api=ALL-UNNAMED --add-exports=jdk.compiler/com.sun.tools.javac.util=ALL-UNNAMED --add-opens=java.base/java.nio.charset=ALL-UNNAMED --add-opens=java.base/java.net=ALL-UNNAMED --add-opens=java.base/java.util.concurrent.atomic=ALL-UNNAMED -Xmx2048m -Dfile.encoding=utf8 -Duser.country=US -Duser.language=en -Duser.variant -javaagent:C:\Users\Tayyab Sattar\.gradle\wrapper\dists\gradle-8.10.2-all\7iv73wktx1xtkvlq19urqw1wm\gradle-8.10.2\lib\agents\gradle-instrumentation-agent-8.10.2.jar org.gradle.launcher.daemon.bootstrap.GradleDaemon 8.10.2

Host: Intel(R) Core(TM) i5-8265U CPU @ 1.60GHz, 8 cores, 7G,  Windows 11 , 64 bit Build 22621 (10.0.22621.4391)
Time: Mon Jan 27 19:21:27 2025 Pakistan Standard Time elapsed time: 11.173794 seconds (0d 0h 0m 11s)

---------------  T H R E A D  ---------------

Current thread (0x00000161e2002a50):  JavaThread "C2 CompilerThread0" daemon [_thread_in_native, id=8572, stack(0x0000003f17500000,0x0000003f17600000)]


Current CompileTask:
C2:  11173 4833       4       sun.invoke.util.BytecodeDescriptor::unparseSig (49 bytes)

Stack: [0x0000003f17500000,0x0000003f17600000]
Native frames: (J=compiled Java code, j=interpreted, Vv=VM code, C=native code)
V  [jvm.dll+0x687fc9]
V  [jvm.dll+0x83eeb8]
V  [jvm.dll+0x840963]
V  [jvm.dll+0x840fd3]
V  [jvm.dll+0x24951f]
V  [jvm.dll+0xad0c4]
V  [jvm.dll+0xad75c]
V  [jvm.dll+0x36aafe]
V  [jvm.dll+0x1bcf75]
V  [jvm.dll+0x21a8bc]
V  [jvm.dll+0x219b7f]
V  [jvm.dll+0x1a5506]
V  [jvm.dll+0x22a1ca]
V  [jvm.dll+0x22830b]
V  [jvm.dll+0x7f4708]
V  [jvm.dll+0x7eea6c]
V  [jvm.dll+0x686ea7]
C  [ucrtbase.dll+0x29333]
C  [KERNEL32.DLL+0x1259d]
C  [ntdll.dll+0x5af38]


---------------  P R O C E S S  ---------------

Threads class SMR info:
_java_thread_list=0x0000016185a6eb30, length=43, elements={
0x00000161c3b6a190, 0x00000161e1fde920, 0x00000161e1fdff40, 0x00000161e1ff5150,
0x00000161e1ff9fe0, 0x00000161e1fff570, 0x00000161e1ffff30, 0x00000161e2002a50,
0x00000161e200ed70, 0x00000161e2019810, 0x00000161e2109b10, 0x00000161e21c5600,
0x00000161ff09c510, 0x00000161ff54e040, 0x00000161ff34dc00, 0x00000161e2a2ad00,
0x00000161fe9b23f0, 0x00000161fec8be50, 0x00000161fe783730, 0x00000161fe784660,
0x00000161fe7818d0, 0x00000161fe782d10, 0x00000161fe781de0, 0x00000161fe783220,
0x00000161fe784b70, 0x00000161fe783c40, 0x00000161ff4ab5a0, 0x00000161ff4abab0,
0x00000161ff4abfc0, 0x00000161ff4b06a0, 0x00000161ff4b0190, 0x00000161ff4ab090,
0x00000161ff4ac4d0, 0x00000161ff4b15d0, 0x00000161ff4afc80, 0x00000161ff4b1ff0,
0x00000161ff4ad910, 0x00000161ff4b0bb0, 0x00000161ff4b2a10, 0x00000161ff4b10c0,
0x00000161ff4af260, 0x00000161ff4ae330, 0x0000016186b8b4f0
}

Java Threads: ( => current thread )
  0x00000161c3b6a190 JavaThread "main" [_thread_blocked, id=13808, stack(0x0000003f16800000,0x0000003f16900000)]
  0x00000161e1fde920 JavaThread "Reference Handler" daemon [_thread_blocked, id=11936, stack(0x0000003f16f00000,0x0000003f17000000)]
  0x00000161e1fdff40 JavaThread "Finalizer" daemon [_thread_blocked, id=19600, stack(0x0000003f17000000,0x0000003f17100000)]
  0x00000161e1ff5150 JavaThread "Signal Dispatcher" daemon [_thread_blocked, id=5696, stack(0x0000003f17100000,0x0000003f17200000)]
  0x00000161e1ff9fe0 JavaThread "Attach Listener" daemon [_thread_blocked, id=20340, stack(0x0000003f17200000,0x0000003f17300000)]
  0x00000161e1fff570 JavaThread "Service Thread" daemon [_thread_blocked, id=7644, stack(0x0000003f17300000,0x0000003f17400000)]
  0x00000161e1ffff30 JavaThread "Monitor Deflation Thread" daemon [_thread_blocked, id=16056, stack(0x0000003f17400000,0x0000003f17500000)]
=>0x00000161e2002a50 JavaThread "C2 CompilerThread0" daemon [_thread_in_native, id=8572, stack(0x0000003f17500000,0x0000003f17600000)]
  0x00000161e200ed70 JavaThread "C1 CompilerThread0" daemon [_thread_blocked, id=19672, stack(0x0000003f17600000,0x0000003f17700000)]
  0x00000161e2019810 JavaThread "Sweeper thread" daemon [_thread_blocked, id=3244, stack(0x0000003f17700000,0x0000003f17800000)]
  0x00000161e2109b10 JavaThread "Common-Cleaner" daemon [_thread_blocked, id=1976, stack(0x0000003f17800000,0x0000003f17900000)]
  0x00000161e21c5600 JavaThread "Notification Thread" daemon [_thread_blocked, id=22564, stack(0x0000003f17900000,0x0000003f17a00000)]
  0x00000161ff09c510 JavaThread "C2 CompilerThread1" daemon [_thread_in_native, id=13052, stack(0x0000003f17b00000,0x0000003f17c00000)]
  0x00000161ff54e040 JavaThread "Daemon health stats" [_thread_blocked, id=19048, stack(0x0000003f18000000,0x0000003f18100000)]
  0x00000161ff34dc00 JavaThread "Incoming local TCP Connector on port 51000" [_thread_in_native, id=22128, stack(0x0000003f18100000,0x0000003f18200000)]
  0x00000161e2a2ad00 JavaThread "Daemon periodic checks" [_thread_blocked, id=17688, stack(0x0000003f18200000,0x0000003f18300000)]
  0x00000161fe9b23f0 JavaThread "Daemon" [_thread_blocked, id=18220, stack(0x0000003f18300000,0x0000003f18400000)]
  0x00000161fec8be50 JavaThread "Handler for socket connection from /127.0.0.1:51000 to /127.0.0.1:51001" [_thread_in_native, id=23464, stack(0x0000003f18400000,0x0000003f18500000)]
  0x00000161fe783730 JavaThread "Cancel handler" [_thread_blocked, id=19200, stack(0x0000003f18500000,0x0000003f18600000)]
  0x00000161fe784660 JavaThread "Daemon worker" [_thread_in_vm, id=19260, stack(0x0000003f18600000,0x0000003f18700000)]
  0x00000161fe7818d0 JavaThread "Asynchronous log dispatcher for DefaultDaemonConnection: socket connection from /127.0.0.1:51000 to /127.0.0.1:51001" [_thread_blocked, id=7828, stack(0x0000003f18700000,0x0000003f18800000)]
  0x00000161fe782d10 JavaThread "Stdin handler" [_thread_blocked, id=23544, stack(0x0000003f18800000,0x0000003f18900000)]
  0x00000161fe781de0 JavaThread "Daemon client event forwarder" [_thread_blocked, id=22568, stack(0x0000003f18900000,0x0000003f18a00000)]
  0x00000161fe783220 JavaThread "Cache worker for journal cache (C:\Users\Tayyab Sattar\.gradle\caches\journal-1)" [_thread_blocked, id=2840, stack(0x0000003f18a00000,0x0000003f18b00000)]
  0x00000161fe784b70 JavaThread "File lock request listener" [_thread_in_native, id=24140, stack(0x0000003f18b00000,0x0000003f18c00000)]
  0x00000161fe783c40 JavaThread "Cache worker for file hash cache (C:\Users\Tayyab Sattar\.gradle\caches\8.10.2\fileHashes)" [_thread_blocked, id=12256, stack(0x0000003f18c00000,0x0000003f18d00000)]
  0x00000161ff4ab5a0 JavaThread "Cache worker for file hash cache (D:\Bootcamp-Techloset\expense\android\.gradle\8.10.2\fileHashes)" [_thread_blocked, id=11024, stack(0x0000003f19000000,0x0000003f19100000)]
  0x00000161ff4abab0 JavaThread "Cache worker for Build Output Cleanup Cache (D:\Bootcamp-Techloset\expense\android\.gradle\buildOutputCleanup)" [_thread_blocked, id=21952, stack(0x0000003f19100000,0x0000003f19200000)]
  0x00000161ff4abfc0 JavaThread "File watcher server" daemon [_thread_in_native, id=19184, stack(0x0000003f19400000,0x0000003f19500000)]
  0x00000161ff4b06a0 JavaThread "File watcher consumer" daemon [_thread_blocked, id=23780, stack(0x0000003f19500000,0x0000003f19600000)]
  0x00000161ff4b0190 JavaThread "jar transforms" [_thread_blocked, id=5212, stack(0x0000003f19600000,0x0000003f19700000)]
  0x00000161ff4ab090 JavaThread "jar transforms Thread 2" [_thread_blocked, id=11020, stack(0x0000003f19700000,0x0000003f19800000)]
  0x00000161ff4ac4d0 JavaThread "jar transforms Thread 3" [_thread_blocked, id=14772, stack(0x0000003f19800000,0x0000003f19900000)]
  0x00000161ff4b15d0 JavaThread "Cache worker for checksums cache (D:\Bootcamp-Techloset\expense\android\.gradle\8.10.2\checksums)" [_thread_blocked, id=296, stack(0x0000003f19900000,0x0000003f19a00000)]
  0x00000161ff4afc80 JavaThread "Cache worker for file content cache (C:\Users\Tayyab Sattar\.gradle\caches\8.10.2\fileContent)" [_thread_blocked, id=17988, stack(0x0000003f19a00000,0x0000003f19b00000)]
  0x00000161ff4b1ff0 JavaThread "Cache worker for cache directory md-rule (C:\Users\Tayyab Sattar\.gradle\caches\8.10.2\md-rule)" [_thread_blocked, id=1876, stack(0x0000003f19300000,0x0000003f19400000)]
  0x00000161ff4ad910 JavaThread "Cache worker for cache directory md-supplier (C:\Users\Tayyab Sattar\.gradle\caches\8.10.2\md-supplier)" [_thread_blocked, id=19796, stack(0x0000003f19b00000,0x0000003f19c00000)]
  0x00000161ff4b0bb0 JavaThread "jar transforms Thread 4" [_thread_blocked, id=24520, stack(0x0000003f19c00000,0x0000003f19d00000)]
  0x00000161ff4b2a10 JavaThread "jar transforms Thread 5" [_thread_blocked, id=22144, stack(0x0000003f19d00000,0x0000003f19e00000)]
  0x00000161ff4b10c0 JavaThread "jar transforms Thread 6" [_thread_blocked, id=22676, stack(0x0000003f19e00000,0x0000003f19f00000)]
  0x00000161ff4af260 JavaThread "jar transforms Thread 7" [_thread_blocked, id=20668, stack(0x0000003f19f00000,0x0000003f1a000000)]
  0x00000161ff4ae330 JavaThread "jar transforms Thread 8" [_thread_blocked, id=19820, stack(0x0000003f1a000000,0x0000003f1a100000)]
  0x0000016186b8b4f0 JavaThread "Cache worker for Build Output Cleanup Cache (D:\Bootcamp-Techloset\expense\node_modules\@react-native\gradle-plugin\.gradle\buildOutputCleanup)" [_thread_blocked, id=20632, stack(0x0000003f1a100000,0x0000003f1a200000)]

Other Threads:
  0x00000161e1fd6b20 VMThread "VM Thread" [stack: 0x0000003f16e00000,0x0000003f16f00000] [id=14888]
  0x00000161c3b6b010 WatcherThread [stack: 0x0000003f17a00000,0x0000003f17b00000] [id=21588]
  0x00000161c3bc8240 GCTaskThread "GC Thread#0" [stack: 0x0000003f16900000,0x0000003f16a00000] [id=120]
  0x00000161e2a35890 GCTaskThread "GC Thread#1" [stack: 0x0000003f17d00000,0x0000003f17e00000] [id=15064]
  0x00000161e26bc920 GCTaskThread "GC Thread#2" [stack: 0x0000003f17e00000,0x0000003f17f00000] [id=16864]
  0x00000161fe9f1bf0 GCTaskThread "GC Thread#3" [stack: 0x0000003f17c00000,0x0000003f17d00000] [id=19056]
  0x00000161fe2b0a60 GCTaskThread "GC Thread#4" [stack: 0x0000003f17f00000,0x0000003f18000000] [id=19120]
  0x0000016185530a20 GCTaskThread "GC Thread#5" [stack: 0x0000003f18d00000,0x0000003f18e00000] [id=21280]
  0x0000016185530760 GCTaskThread "GC Thread#6" [stack: 0x0000003f18e00000,0x0000003f18f00000] [id=13100]
  0x0000016185530fa0 GCTaskThread "GC Thread#7" [stack: 0x0000003f18f00000,0x0000003f19000000] [id=9892]
  0x00000161c3bd9190 ConcurrentGCThread "G1 Main Marker" [stack: 0x0000003f16a00000,0x0000003f16b00000] [id=12444]
  0x00000161c3bda350 ConcurrentGCThread "G1 Conc#0" [stack: 0x0000003f16b00000,0x0000003f16c00000] [id=18984]
  0x0000016185531520 ConcurrentGCThread "G1 Conc#1" [stack: 0x0000003f19200000,0x0000003f19300000] [id=18072]
  0x00000161e1e944e0 ConcurrentGCThread "G1 Refine#0" [stack: 0x0000003f16c00000,0x0000003f16d00000] [id=11344]
  0x00000161e1e94f10 ConcurrentGCThread "G1 Service" [stack: 0x0000003f16d00000,0x0000003f16e00000] [id=21916]

Threads with active compile tasks:
C2 CompilerThread0    11205 4833       4       sun.invoke.util.BytecodeDescriptor::unparseSig (49 bytes)
C1 CompilerThread0    11205 4852       3       com.google.common.collect.Iterators$9::next (25 bytes)
C2 CompilerThread1    11205 4835       4       jdk.internal.org.objectweb.asm.ClassReader::readUtf (161 bytes)

VM state: not at safepoint (normal execution)

VM Mutex/Monitor currently owned by a thread: None

Heap address: 0x0000000080000000, size: 2048 MB, Compressed Oops mode: 32-bit

CDS archive(s) mapped at: [0x00000161e3000000-0x00000161e3bb0000-0x00000161e3bb0000), size 12255232, SharedBaseAddress: 0x00000161e3000000, ArchiveRelocationMode: 1.
Compressed class space mapped at: 0x00000161e4000000-0x00000161fe000000, reserved size: 436207616
Narrow klass base: 0x00000161e3000000, Narrow klass shift: 0, Narrow klass range: 0x100000000

GC Precious Log:
 CPUs: 8 total, 8 available
 Memory: 7998M
 Large Page Support: Disabled
 NUMA Support: Disabled
 Compressed Oops: Enabled (32-bit)
 Heap Region Size: 1M
 Heap Min Capacity: 8M
 Heap Initial Capacity: 126M
 Heap Max Capacity: 2G
 Pre-touch: Disabled
 Parallel Workers: 8
 Concurrent Workers: 2
 Concurrent Refinement Workers: 8
 Periodic GC: Disabled

Heap:
 garbage-first heap   total 89088K, used 67567K [0x0000000080000000, 0x0000000100000000)
  region size 1024K, 33 young (33792K), 5 survivors (5120K)
 Metaspace       used 40858K, committed 41408K, reserved 491520K
  class space    used 5706K, committed 5952K, reserved 425984K

Heap Regions: E=young(eden), S=young(survivor), O=old, HS=humongous(starts), HC=humongous(continues), CS=collection set, F=free, OA=open archive, CA=closed archive, TAMS=top-at-mark-start (previous, next)
|   0|0x0000000080000000, 0x0000000080100000, 0x0000000080100000|100%| O|  |TAMS 0x0000000080100000, 0x0000000080000000| Untracked 
|   1|0x0000000080100000, 0x0000000080200000, 0x0000000080200000|100%| O|  |TAMS 0x0000000080200000, 0x0000000080100000| Untracked 
|   2|0x0000000080200000, 0x0000000080300000, 0x0000000080300000|100%|HS|  |TAMS 0x0000000080300000, 0x0000000080200000| Complete 
|   3|0x0000000080300000, 0x0000000080400000, 0x0000000080400000|100%|HC|  |TAMS 0x0000000080400000, 0x0000000080300000| Complete 
|   4|0x0000000080400000, 0x0000000080500000, 0x0000000080500000|100%|HC|  |TAMS 0x0000000080500000, 0x0000000080400000| Complete 
|   5|0x0000000080500000, 0x0000000080600000, 0x0000000080600000|100%|HC|  |TAMS 0x0000000080600000, 0x0000000080500000| Complete 
|   6|0x0000000080600000, 0x0000000080700000, 0x0000000080700000|100%| O|  |TAMS 0x0000000080700000, 0x0000000080600000| Untracked 
|   7|0x0000000080700000, 0x0000000080800000, 0x0000000080800000|100%|HS|  |TAMS 0x0000000080800000, 0x0000000080700000| Complete 
|   8|0x0000000080800000, 0x0000000080900000, 0x0000000080900000|100%| O|  |TAMS 0x0000000080900000, 0x0000000080800000| Untracked 
|   9|0x0000000080900000, 0x0000000080a00000, 0x0000000080a00000|100%| O|  |TAMS 0x0000000080a00000, 0x0000000080900000| Untracked 
|  10|0x0000000080a00000, 0x0000000080b00000, 0x0000000080b00000|100%| O|  |TAMS 0x0000000080b00000, 0x0000000080a00000| Untracked 
|  11|0x0000000080b00000, 0x0000000080c00000, 0x0000000080c00000|100%| O|  |TAMS 0x0000000080c00000, 0x0000000080b00000| Untracked 
|  12|0x0000000080c00000, 0x0000000080d00000, 0x0000000080d00000|100%| O|  |TAMS 0x0000000080d00000, 0x0000000080c00000| Untracked 
|  13|0x0000000080d00000, 0x0000000080e00000, 0x0000000080e00000|100%| O|  |TAMS 0x0000000080e00000, 0x0000000080d00000| Untracked 
|  14|0x0000000080e00000, 0x0000000080f00000, 0x0000000080f00000|100%| O|  |TAMS 0x0000000080f00000, 0x0000000080e00000| Untracked 
|  15|0x0000000080f00000, 0x0000000081000000, 0x0000000081000000|100%| O|  |TAMS 0x0000000081000000, 0x0000000080f00000| Untracked 
|  16|0x0000000081000000, 0x0000000081100000, 0x0000000081100000|100%| O|  |TAMS 0x0000000081100000, 0x0000000081000000| Untracked 
|  17|0x0000000081100000, 0x0000000081200000, 0x0000000081200000|100%| O|  |TAMS 0x0000000081200000, 0x0000000081100000| Untracked 
|  18|0x0000000081200000, 0x0000000081300000, 0x0000000081300000|100%| O|  |TAMS 0x0000000081300000, 0x0000000081200000| Untracked 
|  19|0x0000000081300000, 0x0000000081400000, 0x0000000081400000|100%| O|  |TAMS 0x0000000081400000, 0x0000000081300000| Untracked 
|  20|0x0000000081400000, 0x0000000081500000, 0x0000000081500000|100%| O|  |TAMS 0x0000000081500000, 0x0000000081400000| Untracked 
|  21|0x0000000081500000, 0x00000000815bf400, 0x0000000081600000| 74%| O|  |TAMS 0x00000000815bf400, 0x0000000081500000| Untracked 
|  22|0x0000000081600000, 0x0000000081700000, 0x0000000081700000|100%| O|  |TAMS 0x0000000081700000, 0x0000000081600000| Untracked 
|  23|0x0000000081700000, 0x0000000081800000, 0x0000000081800000|100%| O|  |TAMS 0x0000000081800000, 0x0000000081700000| Untracked 
|  24|0x0000000081800000, 0x0000000081900000, 0x0000000081900000|100%| O|  |TAMS 0x0000000081900000, 0x0000000081800000| Untracked 
|  25|0x0000000081900000, 0x0000000081a00000, 0x0000000081a00000|100%| O|  |TAMS 0x0000000081a00000, 0x0000000081900000| Untracked 
|  26|0x0000000081a00000, 0x0000000081b00000, 0x0000000081b00000|100%| O|  |TAMS 0x0000000081b00000, 0x0000000081a00000| Untracked 
|  27|0x0000000081b00000, 0x0000000081c00000, 0x0000000081c00000|100%| O|  |TAMS 0x0000000081bc7200, 0x0000000081b00000| Untracked 
|  28|0x0000000081c00000, 0x0000000081d00000, 0x0000000081d00000|100%| O|  |TAMS 0x0000000081c00000, 0x0000000081c00000| Untracked 
|  29|0x0000000081d00000, 0x0000000081e00000, 0x0000000081e00000|100%| O|  |TAMS 0x0000000081d00000, 0x0000000081d00000| Untracked 
|  30|0x0000000081e00000, 0x0000000081e99a00, 0x0000000081f00000| 60%| O|  |TAMS 0x0000000081e00000, 0x0000000081e00000| Untracked 
|  31|0x0000000081f00000, 0x0000000081f00000, 0x0000000082000000|  0%| F|  |TAMS 0x0000000081f00000, 0x0000000081f00000| Untracked 
|  32|0x0000000082000000, 0x0000000082000000, 0x0000000082100000|  0%| F|  |TAMS 0x0000000082000000, 0x0000000082000000| Untracked 
|  33|0x0000000082100000, 0x0000000082100000, 0x0000000082200000|  0%| F|  |TAMS 0x0000000082100000, 0x0000000082100000| Untracked 
|  34|0x0000000082200000, 0x0000000082300000, 0x0000000082300000|100%| O|  |TAMS 0x0000000082200000, 0x0000000082200000| Untracked 
|  35|0x0000000082300000, 0x0000000082400000, 0x0000000082400000|100%| O|  |TAMS 0x0000000082300000, 0x0000000082300000| Untracked 
|  36|0x0000000082400000, 0x0000000082500000, 0x0000000082500000|100%| O|  |TAMS 0x0000000082400000, 0x0000000082400000| Untracked 
|  37|0x0000000082500000, 0x0000000082600000, 0x0000000082600000|100%| O|  |TAMS 0x0000000082500000, 0x0000000082500000| Untracked 
|  38|0x0000000082600000, 0x0000000082600000, 0x0000000082700000|  0%| F|  |TAMS 0x0000000082600000, 0x0000000082600000| Untracked 
|  39|0x0000000082700000, 0x0000000082700000, 0x0000000082800000|  0%| F|  |TAMS 0x0000000082700000, 0x0000000082700000| Untracked 
|  40|0x0000000082800000, 0x0000000082800000, 0x0000000082900000|  0%| F|  |TAMS 0x0000000082800000, 0x0000000082800000| Untracked 
|  41|0x0000000082900000, 0x0000000082900000, 0x0000000082a00000|  0%| F|  |TAMS 0x0000000082900000, 0x0000000082900000| Untracked 
|  42|0x0000000082a00000, 0x0000000082a00000, 0x0000000082b00000|  0%| F|  |TAMS 0x0000000082a00000, 0x0000000082a00000| Untracked 
|  43|0x0000000082b00000, 0x0000000082b00000, 0x0000000082c00000|  0%| F|  |TAMS 0x0000000082b00000, 0x0000000082b00000| Untracked 
|  44|0x0000000082c00000, 0x0000000082c00000, 0x0000000082d00000|  0%| F|  |TAMS 0x0000000082c00000, 0x0000000082c00000| Untracked 
|  45|0x0000000082d00000, 0x0000000082d00000, 0x0000000082e00000|  0%| F|  |TAMS 0x0000000082d00000, 0x0000000082d00000| Untracked 
|  46|0x0000000082e00000, 0x0000000082e00000, 0x0000000082f00000|  0%| F|  |TAMS 0x0000000082e00000, 0x0000000082e00000| Untracked 
|  47|0x0000000082f00000, 0x0000000082f00000, 0x0000000083000000|  0%| F|  |TAMS 0x0000000082f00000, 0x0000000082f00000| Untracked 
|  48|0x0000000083000000, 0x0000000083000000, 0x0000000083100000|  0%| F|  |TAMS 0x0000000083000000, 0x0000000083000000| Untracked 
|  49|0x0000000083100000, 0x0000000083100000, 0x0000000083200000|  0%| F|  |TAMS 0x0000000083100000, 0x0000000083100000| Untracked 
|  50|0x0000000083200000, 0x0000000083200000, 0x0000000083300000|  0%| F|  |TAMS 0x0000000083200000, 0x0000000083200000| Untracked 
|  51|0x0000000083300000, 0x0000000083300000, 0x0000000083400000|  0%| F|  |TAMS 0x0000000083300000, 0x0000000083300000| Untracked 
|  52|0x0000000083400000, 0x0000000083400000, 0x0000000083500000|  0%| F|  |TAMS 0x0000000083400000, 0x0000000083400000| Untracked 
|  53|0x0000000083500000, 0x00000000835a31e8, 0x0000000083600000| 63%| S|CS|TAMS 0x0000000083500000, 0x0000000083500000| Complete 
|  54|0x0000000083600000, 0x0000000083700000, 0x0000000083700000|100%| S|CS|TAMS 0x0000000083600000, 0x0000000083600000| Complete 
|  55|0x0000000083700000, 0x0000000083800000, 0x0000000083800000|100%| S|CS|TAMS 0x0000000083700000, 0x0000000083700000| Complete 
|  56|0x0000000083800000, 0x0000000083900000, 0x0000000083900000|100%| S|CS|TAMS 0x0000000083800000, 0x0000000083800000| Complete 
|  57|0x0000000083900000, 0x0000000083a00000, 0x0000000083a00000|100%| S|CS|TAMS 0x0000000083900000, 0x0000000083900000| Complete 
|  58|0x0000000083a00000, 0x0000000083a00000, 0x0000000083b00000|  0%| F|  |TAMS 0x0000000083a00000, 0x0000000083a00000| Untracked 
|  59|0x0000000083b00000, 0x0000000083b80000, 0x0000000083c00000| 50%| E|  |TAMS 0x0000000083b00000, 0x0000000083b00000| Complete 
|  60|0x0000000083c00000, 0x0000000083d00000, 0x0000000083d00000|100%| E|CS|TAMS 0x0000000083c00000, 0x0000000083c00000| Complete 
|  61|0x0000000083d00000, 0x0000000083e00000, 0x0000000083e00000|100%| E|CS|TAMS 0x0000000083d00000, 0x0000000083d00000| Complete 
|  62|0x0000000083e00000, 0x0000000083f00000, 0x0000000083f00000|100%| E|CS|TAMS 0x0000000083e00000, 0x0000000083e00000| Complete 
|  63|0x0000000083f00000, 0x0000000084000000, 0x0000000084000000|100%| E|CS|TAMS 0x0000000083f00000, 0x0000000083f00000| Complete 
|  64|0x0000000084000000, 0x0000000084100000, 0x0000000084100000|100%| E|CS|TAMS 0x0000000084000000, 0x0000000084000000| Complete 
|  65|0x0000000084100000, 0x0000000084200000, 0x0000000084200000|100%| E|CS|TAMS 0x0000000084100000, 0x0000000084100000| Complete 
|  66|0x0000000084200000, 0x0000000084300000, 0x0000000084300000|100%| E|CS|TAMS 0x0000000084200000, 0x0000000084200000| Complete 
|  67|0x0000000084300000, 0x0000000084400000, 0x0000000084400000|100%| E|CS|TAMS 0x0000000084300000, 0x0000000084300000| Complete 
|  68|0x0000000084400000, 0x0000000084500000, 0x0000000084500000|100%| E|CS|TAMS 0x0000000084400000, 0x0000000084400000| Complete 
|  69|0x0000000084500000, 0x0000000084600000, 0x0000000084600000|100%| E|CS|TAMS 0x0000000084500000, 0x0000000084500000| Complete 
|  70|0x0000000084600000, 0x0000000084700000, 0x0000000084700000|100%| E|CS|TAMS 0x0000000084600000, 0x0000000084600000| Complete 
|  71|0x0000000084700000, 0x0000000084800000, 0x0000000084800000|100%| E|CS|TAMS 0x0000000084700000, 0x0000000084700000| Complete 
|  72|0x0000000084800000, 0x0000000084900000, 0x0000000084900000|100%| E|CS|TAMS 0x0000000084800000, 0x0000000084800000| Complete 
|  73|0x0000000084900000, 0x0000000084a00000, 0x0000000084a00000|100%| E|CS|TAMS 0x0000000084900000, 0x0000000084900000| Complete 
|  74|0x0000000084a00000, 0x0000000084b00000, 0x0000000084b00000|100%| E|CS|TAMS 0x0000000084a00000, 0x0000000084a00000| Complete 
|  75|0x0000000084b00000, 0x0000000084c00000, 0x0000000084c00000|100%| E|CS|TAMS 0x0000000084b00000, 0x0000000084b00000| Complete 
|  76|0x0000000084c00000, 0x0000000084d00000, 0x0000000084d00000|100%| E|CS|TAMS 0x0000000084c00000, 0x0000000084c00000| Complete 
|  77|0x0000000084d00000, 0x0000000084e00000, 0x0000000084e00000|100%| E|CS|TAMS 0x0000000084d00000, 0x0000000084d00000| Complete 
|  78|0x0000000084e00000, 0x0000000084f00000, 0x0000000084f00000|100%| E|CS|TAMS 0x0000000084e00000, 0x0000000084e00000| Complete 
|  79|0x0000000084f00000, 0x0000000085000000, 0x0000000085000000|100%| E|CS|TAMS 0x0000000084f00000, 0x0000000084f00000| Complete 
|  80|0x0000000085000000, 0x0000000085100000, 0x0000000085100000|100%| E|CS|TAMS 0x0000000085000000, 0x0000000085000000| Complete 
|  81|0x0000000085100000, 0x0000000085200000, 0x0000000085200000|100%| E|CS|TAMS 0x0000000085100000, 0x0000000085100000| Complete 
|  82|0x0000000085200000, 0x0000000085300000, 0x0000000085300000|100%| E|CS|TAMS 0x0000000085200000, 0x0000000085200000| Complete 
|  86|0x0000000085600000, 0x0000000085700000, 0x0000000085700000|100%| E|CS|TAMS 0x0000000085600000, 0x0000000085600000| Complete 
|  87|0x0000000085700000, 0x0000000085800000, 0x0000000085800000|100%| E|CS|TAMS 0x0000000085700000, 0x0000000085700000| Complete 
|  88|0x0000000085800000, 0x0000000085900000, 0x0000000085900000|100%| E|CS|TAMS 0x0000000085800000, 0x0000000085800000| Complete 
| 125|0x0000000087d00000, 0x0000000087e00000, 0x0000000087e00000|100%| E|CS|TAMS 0x0000000087d00000, 0x0000000087d00000| Complete 

Card table byte_map: [0x00000161dadd0000,0x00000161db1d0000] _byte_map_base: 0x00000161da9d0000

Marking Bits (Prev, Next): (CMBitMap*) 0x00000161c3bc8860, (CMBitMap*) 0x00000161c3bc88a0
 Prev Bits: [0x00000161db5d0000, 0x00000161dd5d0000)
 Next Bits: [0x00000161dd5d0000, 0x00000161df5d0000)

Polling page: 0x00000161c1b20000

Metaspace:

Usage:
  Non-class:     34.33 MB used.
      Class:      5.57 MB used.
       Both:     39.90 MB used.

Virtual space:
  Non-class space:       64.00 MB reserved,      34.62 MB ( 54%) committed,  1 nodes.
      Class space:      416.00 MB reserved,       5.81 MB (  1%) committed,  1 nodes.
             Both:      480.00 MB reserved,      40.44 MB (  8%) committed. 

Chunk freelists:
   Non-Class:  13.23 MB
       Class:  10.01 MB
        Both:  23.24 MB

MaxMetaspaceSize: 512.00 MB
CompressedClassSpaceSize: 416.00 MB
Initial GC threshold: 21.00 MB
Current GC threshold: 58.75 MB
CDS: on
MetaspaceReclaimPolicy: balanced
 - commit_granule_bytes: 65536.
 - commit_granule_words: 8192.
 - virtual_space_node_default_size: 8388608.
 - enlarge_chunks_in_place: 1.
 - new_chunks_are_fully_committed: 0.
 - uncommit_free_chunks: 1.
 - use_allocation_guard: 0.
 - handle_deallocations: 1.


Internal statistics:

num_allocs_failed_limit: 6.
num_arena_births: 660.
num_arena_deaths: 0.
num_vsnodes_births: 2.
num_vsnodes_deaths: 0.
num_space_committed: 647.
num_space_uncommitted: 0.
num_chunks_returned_to_freelist: 6.
num_chunks_taken_from_freelist: 2269.
num_chunk_merges: 6.
num_chunk_splits: 1450.
num_chunks_enlarged: 958.
num_inconsistent_stats: 0.

CodeHeap 'non-profiled nmethods': size=120000Kb used=3012Kb max_used=3012Kb free=116987Kb
 bounds [0x00000161d3170000, 0x00000161d3470000, 0x00000161da6a0000]
CodeHeap 'profiled nmethods': size=120000Kb used=10004Kb max_used=10004Kb free=109996Kb
 bounds [0x00000161cb6a0000, 0x00000161cc070000, 0x00000161d2bd0000]
CodeHeap 'non-nmethods': size=5760Kb used=2310Kb max_used=2385Kb free=3450Kb
 bounds [0x00000161d2bd0000, 0x00000161d2e40000, 0x00000161d3170000]
 total_blobs=5663 nmethods=4846 adapters=729
 compilation: enabled
              stopped_count=0, restarted_count=0
 full_count=0

Compilation events (20 events):
Event: 11.100 Thread 0x00000161e200ed70 4830       1       org.gradle.internal.instantiation.generator.AsmBackedClassGenerator$ClassBuilderImpl::access$1300 (5 bytes)
Event: 11.101 Thread 0x00000161e200ed70 nmethod 4830 0x00000161d345c290 code [0x00000161d345c420, 0x00000161d345c4d8]
Event: 11.101 Thread 0x00000161e2002a50 4831       4       org.objectweb.asm.Label::resolve (259 bytes)
Event: 11.101 Thread 0x00000161e200ed70 4832       3       org.objectweb.asm.Frame::execute (2303 bytes)
Event: 11.105 Thread 0x00000161e2002a50 nmethod 4831 0x00000161d345c590 code [0x00000161d345c720, 0x00000161d345ca18]
Event: 11.107 Thread 0x00000161e200ed70 nmethod 4832 0x00000161cc054e10 code [0x00000161cc055d20, 0x00000161cc05c3c8]
Event: 11.110 Thread 0x00000161e2002a50 4833       4       sun.invoke.util.BytecodeDescriptor::unparseSig (49 bytes)
Event: 11.121 Thread 0x00000161e200ed70 4834       3       java.lang.invoke.MethodHandleImpl$IntrinsicMethodHandle::<init> (25 bytes)
Event: 11.122 Thread 0x00000161e200ed70 nmethod 4834 0x00000161cc05df90 code [0x00000161cc05e160, 0x00000161cc05e7b8]
Event: 11.138 Thread 0x00000161e200ed70 4836       3       java.lang.invoke.SimpleMethodHandle::make (10 bytes)
Event: 11.138 Thread 0x00000161e200ed70 nmethod 4836 0x00000161cc05e990 code [0x00000161cc05eb40, 0x00000161cc05ed48]
Event: 11.138 Thread 0x00000161e200ed70 4837       3       java.lang.invoke.SimpleMethodHandle::<init> (7 bytes)
Event: 11.138 Thread 0x00000161e200ed70 nmethod 4837 0x00000161cc05ee90 code [0x00000161cc05f040, 0x00000161cc05f208]
Event: 11.142 Thread 0x00000161e200ed70 4839       3       java.lang.invoke.MemberName::asConstructor (58 bytes)
Event: 11.143 Thread 0x00000161e200ed70 nmethod 4839 0x00000161cc05f310 code [0x00000161cc05f520, 0x00000161cc05fb28]
Event: 11.145 Thread 0x00000161e200ed70 4840       3       java.lang.reflect.Method::isSynthetic (5 bytes)
Event: 11.145 Thread 0x00000161e200ed70 nmethod 4840 0x00000161cc05fd90 code [0x00000161cc05ff40, 0x00000161cc060178]
Event: 11.149 Thread 0x00000161e200ed70 4843       3       com.google.common.collect.CollectPreconditions::checkNonnegative (37 bytes)
Event: 11.150 Thread 0x00000161e200ed70 nmethod 4843 0x00000161cc060290 code [0x00000161cc0604c0, 0x00000161cc060ba8]
Event: 11.171 Thread 0x00000161e200ed70 4844       3       java.lang.invoke.MethodHandles::makeIdentity (23 bytes)

GC Heap History (20 events):
Event: 0.737 GC heap before
{Heap before GC invocations=0 (full 0):
 garbage-first heap   total 129024K, used 22528K [0x0000000080000000, 0x0000000100000000)
  region size 1024K, 23 young (23552K), 0 survivors (0K)
 Metaspace       used 1098K, committed 1216K, reserved 491520K
  class space    used 73K, committed 128K, reserved 425984K
}
Event: 0.741 GC heap after
{Heap after GC invocations=1 (full 0):
 garbage-first heap   total 129024K, used 4611K [0x0000000080000000, 0x0000000100000000)
  region size 1024K, 3 young (3072K), 3 survivors (3072K)
 Metaspace       used 1098K, committed 1216K, reserved 491520K
  class space    used 73K, committed 128K, reserved 425984K
}
Event: 1.862 GC heap before
{Heap before GC invocations=1 (full 0):
 garbage-first heap   total 129024K, used 41475K [0x0000000080000000, 0x0000000100000000)
  region size 1024K, 35 young (35840K), 3 survivors (3072K)
 Metaspace       used 4374K, committed 4544K, reserved 491520K
  class space    used 541K, committed 640K, reserved 425984K
}
Event: 1.870 GC heap after
{Heap after GC invocations=2 (full 0):
 garbage-first heap   total 129024K, used 11973K [0x0000000080000000, 0x0000000100000000)
  region size 1024K, 5 young (5120K), 5 survivors (5120K)
 Metaspace       used 4374K, committed 4544K, reserved 491520K
  class space    used 541K, committed 640K, reserved 425984K
}
Event: 2.565 GC heap before
{Heap before GC invocations=2 (full 0):
 garbage-first heap   total 129024K, used 59077K [0x0000000080000000, 0x0000000100000000)
  region size 1024K, 49 young (50176K), 5 survivors (5120K)
 Metaspace       used 4651K, committed 4864K, reserved 491520K
  class space    used 583K, committed 704K, reserved 425984K
}
Event: 2.574 GC heap after
{Heap after GC invocations=3 (full 0):
 garbage-first heap   total 129024K, used 17145K [0x0000000080000000, 0x0000000100000000)
  region size 1024K, 7 young (7168K), 7 survivors (7168K)
 Metaspace       used 4651K, committed 4864K, reserved 491520K
  class space    used 583K, committed 704K, reserved 425984K
}
Event: 4.706 GC heap before
{Heap before GC invocations=3 (full 0):
 garbage-first heap   total 129024K, used 86777K [0x0000000080000000, 0x0000000100000000)
  region size 1024K, 75 young (76800K), 7 survivors (7168K)
 Metaspace       used 17034K, committed 17344K, reserved 491520K
  class space    used 2412K, committed 2560K, reserved 425984K
}
Event: 4.717 GC heap after
{Heap after GC invocations=4 (full 0):
 garbage-first heap   total 129024K, used 22678K [0x0000000080000000, 0x0000000100000000)
  region size 1024K, 10 young (10240K), 10 survivors (10240K)
 Metaspace       used 17034K, committed 17344K, reserved 491520K
  class space    used 2412K, committed 2560K, reserved 425984K
}
Event: 5.759 GC heap before
{Heap before GC invocations=4 (full 0):
 garbage-first heap   total 129024K, used 59542K [0x0000000080000000, 0x0000000100000000)
  region size 1024K, 47 young (48128K), 10 survivors (10240K)
 Metaspace       used 21169K, committed 21504K, reserved 491520K
  class space    used 3094K, committed 3264K, reserved 425984K
}
Event: 5.767 GC heap after
{Heap after GC invocations=5 (full 0):
 garbage-first heap   total 129024K, used 25116K [0x0000000080000000, 0x0000000100000000)
  region size 1024K, 3 young (3072K), 3 survivors (3072K)
 Metaspace       used 21169K, committed 21504K, reserved 491520K
  class space    used 3094K, committed 3264K, reserved 425984K
}
Event: 7.486 GC heap before
{Heap before GC invocations=6 (full 0):
 garbage-first heap   total 89088K, used 74268K [0x0000000080000000, 0x0000000100000000)
  region size 1024K, 52 young (53248K), 3 survivors (3072K)
 Metaspace       used 27111K, committed 27584K, reserved 491520K
  class space    used 3979K, committed 4224K, reserved 425984K
}
Event: 7.494 GC heap after
{Heap after GC invocations=7 (full 0):
 garbage-first heap   total 89088K, used 28413K [0x0000000080000000, 0x0000000100000000)
  region size 1024K, 6 young (6144K), 6 survivors (6144K)
 Metaspace       used 27111K, committed 27584K, reserved 491520K
  class space    used 3979K, committed 4224K, reserved 425984K
}
Event: 8.872 GC heap before
{Heap before GC invocations=7 (full 0):
 garbage-first heap   total 89088K, used 66301K [0x0000000080000000, 0x0000000100000000)
  region size 1024K, 44 young (45056K), 6 survivors (6144K)
 Metaspace       used 32375K, committed 32832K, reserved 491520K
  class space    used 4700K, committed 4928K, reserved 425984K
}
Event: 8.880 GC heap after
{Heap after GC invocations=8 (full 0):
 garbage-first heap   total 89088K, used 30966K [0x0000000080000000, 0x0000000100000000)
  region size 1024K, 3 young (3072K), 3 survivors (3072K)
 Metaspace       used 32375K, committed 32832K, reserved 491520K
  class space    used 4700K, committed 4928K, reserved 425984K
}
Event: 9.225 GC heap before
{Heap before GC invocations=8 (full 0):
 garbage-first heap   total 89088K, used 43254K [0x0000000080000000, 0x0000000100000000)
  region size 1024K, 17 young (17408K), 3 survivors (3072K)
 Metaspace       used 35522K, committed 35968K, reserved 491520K
  class space    used 5050K, committed 5248K, reserved 425984K
}
Event: 9.230 GC heap after
{Heap after GC invocations=9 (full 0):
 garbage-first heap   total 89088K, used 34060K [0x0000000080000000, 0x0000000100000000)
  region size 1024K, 5 young (5120K), 5 survivors (5120K)
 Metaspace       used 35522K, committed 35968K, reserved 491520K
  class space    used 5050K, committed 5248K, reserved 425984K
}
Event: 10.022 GC heap before
{Heap before GC invocations=10 (full 0):
 garbage-first heap   total 89088K, used 71948K [0x0000000080000000, 0x0000000100000000)
  region size 1024K, 37 young (37888K), 5 survivors (5120K)
 Metaspace       used 37601K, committed 38080K, reserved 491520K
  class space    used 5215K, committed 5440K, reserved 425984K
}
Event: 10.029 GC heap after
{Heap after GC invocations=11 (full 0):
 garbage-first heap   total 89088K, used 37747K [0x0000000080000000, 0x0000000100000000)
  region size 1024K, 5 young (5120K), 5 survivors (5120K)
 Metaspace       used 37601K, committed 38080K, reserved 491520K
  class space    used 5215K, committed 5440K, reserved 425984K
}
Event: 10.791 GC heap before
{Heap before GC invocations=11 (full 0):
 garbage-first heap   total 89088K, used 67443K [0x0000000080000000, 0x0000000100000000)
  region size 1024K, 34 young (34816K), 5 survivors (5120K)
 Metaspace       used 39524K, committed 40000K, reserved 491520K
  class space    used 5515K, committed 5760K, reserved 425984K
}
Event: 10.797 GC heap after
{Heap after GC invocations=12 (full 0):
 garbage-first heap   total 89088K, used 39919K [0x0000000080000000, 0x0000000100000000)
  region size 1024K, 5 young (5120K), 5 survivors (5120K)
 Metaspace       used 39524K, committed 40000K, reserved 491520K
  class space    used 5515K, committed 5760K, reserved 425984K
}

Dll operation events (15 events):
Event: 0.013 Loaded shared library C:\Program Files\Microsoft\jdk-17.0.13.11-hotspot\bin\java.dll
Event: 0.040 Loaded shared library C:\Program Files\Microsoft\jdk-17.0.13.11-hotspot\bin\jsvml.dll
Event: 0.142 Loaded shared library C:\Program Files\Microsoft\jdk-17.0.13.11-hotspot\bin\zip.dll
Event: 0.147 Loaded shared library C:\Program Files\Microsoft\jdk-17.0.13.11-hotspot\bin\instrument.dll
Event: 0.155 Loaded shared library C:\Program Files\Microsoft\jdk-17.0.13.11-hotspot\bin\net.dll
Event: 0.158 Loaded shared library C:\Program Files\Microsoft\jdk-17.0.13.11-hotspot\bin\nio.dll
Event: 0.161 Loaded shared library C:\Program Files\Microsoft\jdk-17.0.13.11-hotspot\bin\zip.dll
Event: 0.584 Loaded shared library C:\Program Files\Microsoft\jdk-17.0.13.11-hotspot\bin\jimage.dll
Event: 0.823 Loaded shared library C:\Program Files\Microsoft\jdk-17.0.13.11-hotspot\bin\verify.dll
Event: 1.132 Loaded shared library C:\Users\Tayyab Sattar\.gradle\native\c067742578af261105cb4f569cf0c3c89f3d7b1fecec35dd04571415982c5e48\windows-amd64\native-platform.dll
Event: 1.140 Loaded shared library C:\Users\Tayyab Sattar\.gradle\native\100fb08df4bc3b14c8652ba06237920a3bd2aa13389f12d3474272988ae205f9\windows-amd64\native-platform-file-events.dll
Event: 2.887 Loaded shared library C:\Program Files\Microsoft\jdk-17.0.13.11-hotspot\bin\management.dll
Event: 2.896 Loaded shared library C:\Program Files\Microsoft\jdk-17.0.13.11-hotspot\bin\management_ext.dll
Event: 3.215 Loaded shared library C:\Program Files\Microsoft\jdk-17.0.13.11-hotspot\bin\extnet.dll
Event: 3.535 Loaded shared library C:\Program Files\Microsoft\jdk-17.0.13.11-hotspot\bin\sunmscapi.dll

Deoptimization events (20 events):
Event: 10.854 Thread 0x00000161fe784660 DEOPT PACKING pc=0x00000161cbc88761 sp=0x0000003f186f6340
Event: 10.854 Thread 0x00000161fe784660 DEOPT UNPACKING pc=0x00000161d2c27143 sp=0x0000003f186f5838 mode 0
Event: 10.855 Thread 0x00000161fe784660 DEOPT PACKING pc=0x00000161cbc88761 sp=0x0000003f186f6340
Event: 10.855 Thread 0x00000161fe784660 DEOPT UNPACKING pc=0x00000161d2c27143 sp=0x0000003f186f5838 mode 0
Event: 10.857 Thread 0x00000161fe784660 DEOPT PACKING pc=0x00000161cbc88761 sp=0x0000003f186f63f0
Event: 10.857 Thread 0x00000161fe784660 DEOPT UNPACKING pc=0x00000161d2c27143 sp=0x0000003f186f58e8 mode 0
Event: 11.034 Thread 0x00000161fe784660 Uncommon trap: trap_request=0xffffff3d fr.pc=0x00000161d336c300 relative=0x0000000000000d60
Event: 11.034 Thread 0x00000161fe784660 Uncommon trap: reason=unstable_fused_if action=reinterpret pc=0x00000161d336c300 method=org.objectweb.asm.ByteVector.putUTF8(Ljava/lang/String;)Lorg/objectweb/asm/ByteVector; @ 93 c2
Event: 11.034 Thread 0x00000161fe784660 DEOPT PACKING pc=0x00000161d336c300 sp=0x0000003f186f4fa0
Event: 11.034 Thread 0x00000161fe784660 DEOPT UNPACKING pc=0x00000161d2c269a3 sp=0x0000003f186f4ef8 mode 2
Event: 11.068 Thread 0x00000161fe784660 Uncommon trap: trap_request=0xffffffcc fr.pc=0x00000161d3455b84 relative=0x0000000000000364
Event: 11.068 Thread 0x00000161fe784660 Uncommon trap: reason=intrinsic_or_type_checked_inlining action=make_not_entrant pc=0x00000161d3455b84 method=java.util.Arrays.copyOf([Ljava/lang/Object;ILjava/lang/Class;)[Ljava/lang/Object; @ 35 c2
Event: 11.068 Thread 0x00000161fe784660 DEOPT PACKING pc=0x00000161d3455b84 sp=0x0000003f186f4fe0
Event: 11.068 Thread 0x00000161fe784660 DEOPT UNPACKING pc=0x00000161d2c269a3 sp=0x0000003f186f4f70 mode 2
Event: 11.096 Thread 0x00000161fe784660 Uncommon trap: trap_request=0xffffff45 fr.pc=0x00000161d338ab1c relative=0x0000000000004cfc
Event: 11.096 Thread 0x00000161fe784660 Uncommon trap: reason=unstable_if action=reinterpret pc=0x00000161d338ab1c method=org.objectweb.asm.Frame.execute(IILorg/objectweb/asm/Symbol;Lorg/objectweb/asm/SymbolTable;)V @ 1 c2
Event: 11.096 Thread 0x00000161fe784660 DEOPT PACKING pc=0x00000161d338ab1c sp=0x0000003f186f6420
Event: 11.096 Thread 0x00000161fe784660 DEOPT UNPACKING pc=0x00000161d2c269a3 sp=0x0000003f186f63d8 mode 2
Event: 11.123 Thread 0x00000161fe784660 DEOPT PACKING pc=0x00000161cbace793 sp=0x0000003f186f4b20
Event: 11.123 Thread 0x00000161fe784660 DEOPT UNPACKING pc=0x00000161d2c27143 sp=0x0000003f186f3f90 mode 0

Classes loaded (20 events):
Event: 10.281 Loading class java/util/DualPivotQuicksort
Event: 10.281 Loading class java/util/DualPivotQuicksort done
Event: 10.393 Loading class java/util/PrimitiveIterator$OfInt
Event: 10.393 Loading class java/util/PrimitiveIterator
Event: 10.394 Loading class java/util/PrimitiveIterator done
Event: 10.394 Loading class java/util/PrimitiveIterator$OfInt done
Event: 10.413 Loading class java/util/concurrent/RecursiveAction
Event: 10.413 Loading class java/util/concurrent/RecursiveAction done
Event: 10.457 Loading class java/util/stream/ReduceOps$2
Event: 10.457 Loading class java/util/stream/ReduceOps$2 done
Event: 10.457 Loading class java/util/stream/ReduceOps$2ReducingSink
Event: 10.457 Loading class java/util/stream/ReduceOps$2ReducingSink done
Event: 10.635 Loading class java/util/Collections$SynchronizedRandomAccessList
Event: 10.635 Loading class java/util/Collections$SynchronizedList
Event: 10.635 Loading class java/util/Collections$SynchronizedList done
Event: 10.635 Loading class java/util/Collections$SynchronizedRandomAccessList done
Event: 10.689 Loading class java/lang/invoke/BoundMethodHandle$Species_LLLLLLLLLLLLLLLLLLLLLLLL
Event: 10.689 Loading class java/lang/invoke/BoundMethodHandle$Species_LLLLLLLLLLLLLLLLLLLLLLLL done
Event: 11.130 Loading class java/util/ArrayList$ListItr
Event: 11.131 Loading class java/util/ArrayList$ListItr done

Classes unloaded (0 events):
No events

Classes redefined (0 events):
No events

Internal exceptions (20 events):
Event: 10.292 Thread 0x00000161fe784660 Exception <a 'java/lang/NoSuchMethodError'{0x0000000084e2e180}: 'void java.lang.invoke.DirectMethodHandle$Holder.invokeStatic(java.lang.Object, java.lang.Object, java.lang.Object, java.lang.Object, java.lang.Object, java.lang.Object)'> (0x0000000084e2e180) 
thrown [s\src\hotspot\share\interpreter\linkResolver.cpp, line 759]
Event: 10.296 Thread 0x00000161fe784660 Exception <a 'java/lang/IncompatibleClassChangeError'{0x0000000084e55d70}: Found class java.lang.Object, but interface was expected> (0x0000000084e55d70) 
thrown [s\src\hotspot\share\interpreter\linkResolver.cpp, line 826]
Event: 10.376 Thread 0x00000161fe784660 Exception <a 'java/lang/NoSuchMethodError'{0x0000000084b904a8}: 'void java.lang.invoke.DirectMethodHandle$Holder.invokeInterface(java.lang.Object, java.lang.Object)'> (0x0000000084b904a8) 
thrown [s\src\hotspot\share\interpreter\linkResolver.cpp, line 759]
Event: 10.511 Thread 0x00000161fe784660 Implicit null exception at 0x00000161d322eb4e to 0x00000161d322ffe8
Event: 10.538 Thread 0x00000161fe784660 Exception <a 'sun/nio/fs/WindowsException'{0x0000000084850c98}> (0x0000000084850c98) 
thrown [s\src\hotspot\share\prims\jni.cpp, line 516]
Event: 10.539 Thread 0x00000161fe784660 Exception <a 'sun/nio/fs/WindowsException'{0x0000000084852a70}> (0x0000000084852a70) 
thrown [s\src\hotspot\share\prims\jni.cpp, line 516]
Event: 10.540 Thread 0x00000161fe784660 Exception <a 'sun/nio/fs/WindowsException'{0x0000000084854848}> (0x0000000084854848) 
thrown [s\src\hotspot\share\prims\jni.cpp, line 516]
Event: 10.541 Thread 0x00000161fe784660 Exception <a 'sun/nio/fs/WindowsException'{0x00000000848565f8}> (0x00000000848565f8) 
thrown [s\src\hotspot\share\prims\jni.cpp, line 516]
Event: 10.563 Thread 0x00000161fe784660 Exception <a 'java/lang/NoSuchMethodError'{0x000000008474b380}: 'java.lang.Object java.lang.invoke.Invokers$Holder.invoker(java.lang.Object, java.lang.Object, java.lang.Object, java.lang.Object, java.lang.Object, java.lang.Object)'> (0x000000008474b380) 
thrown [s\src\hotspot\share\interpreter\linkResolver.cpp, line 759]
Event: 10.631 Thread 0x00000161fe784660 Exception <a 'java/lang/NoSuchMethodError'{0x00000000847dfe00}: 'java.lang.Object java.lang.invoke.Invokers$Holder.invoker(java.lang.Object, java.lang.Object, java.lang.Object, java.lang.Object)'> (0x00000000847dfe00) 
thrown [s\src\hotspot\share\interpreter\linkResolver.cpp, line 759]
Event: 10.664 Thread 0x00000161fe784660 Exception <a 'java/lang/NoSuchMethodError'{0x00000000846a2fd8}: 'java.lang.Object java.lang.invoke.Invokers$Holder.invoker(java.lang.Object, java.lang.Object, java.lang.Object, java.lang.Object, java.lang.Object)'> (0x00000000846a2fd8) 
thrown [s\src\hotspot\share\interpreter\linkResolver.cpp, line 759]
Event: 10.669 Thread 0x00000161fe784660 Exception <a 'java/lang/NoSuchMethodError'{0x00000000846c1d38}: 'java.lang.Object java.lang.invoke.DirectMethodHandle$Holder.invokeSpecial(java.lang.Object, java.lang.Object, java.lang.Object, java.lang.Object, java.lang.Object, java.lang.Object, java.lang.Object, java.lang.Object, java.lang.Object, java.lang.Object, java.lang.Object, java.lang.Object, java.lang.Object, java.lang.Object, java.lang.Object, java.lang.Object, java.lang.Object, java.lang.Object, java.lang.Object, java.lang.Object, java.lang.Ob
Event: 10.669 Thread 0x00000161fe784660 Exception <a 'java/lang/NoSuchMethodError'{0x00000000846c84f0}: 'java.lang.Object java.lang.invoke.DelegatingMethodHandle$Holder.reinvoke_L(java.lang.Object, java.lang.Object, java.lang.Object, java.lang.Object, java.lang.Object, java.lang.Object, java.lang.Object, java.lang.Object, java.lang.Object, java.lang.Object, java.lang.Object, java.lang.Object, java.lang.Object, java.lang.Object, java.lang.Object, java.lang.Object, java.lang.Object, java.lang.Object, java.lang.Object, java.lang.Object, java.lang.O
Event: 10.670 Thread 0x00000161fe784660 Exception <a 'java/lang/NoSuchMethodError'{0x00000000846d4488}: 'java.lang.Object java.lang.invoke.Invokers$Holder.invoker(java.lang.Object, java.lang.Object, java.lang.Object, java.lang.Object, java.lang.Object, java.lang.Object, java.lang.Object, java.lang.Object, java.lang.Object, java.lang.Object, java.lang.Object, java.lang.Object, java.lang.Object, java.lang.Object, java.lang.Object, java.lang.Object, java.lang.Object, java.lang.Object, java.lang.Object, java.lang.Object, java.lang.Object, java.lang.
Event: 10.671 Thread 0x00000161fe784660 Exception <a 'java/lang/NoSuchMethodError'{0x00000000846db558}: 'java.lang.Object java.lang.invoke.DelegatingMethodHandle$Holder.delegate(java.lang.Object, java.lang.Object, java.lang.Object, java.lang.Object, java.lang.Object, java.lang.Object, java.lang.Object, java.lang.Object, java.lang.Object, java.lang.Object, java.lang.Object, java.lang.Object, java.lang.Object, java.lang.Object, java.lang.Object, java.lang.Object, java.lang.Object, java.lang.Object, java.lang.Object, java.lang.Object, java.lang.Obj
Event: 10.691 Thread 0x00000161fe784660 Exception <a 'java/lang/NoSuchMethodError'{0x00000000845a8398}: 'java.lang.Object java.lang.invoke.DirectMethodHandle$Holder.invokeStatic(java.lang.Object, java.lang.Object, java.lang.Object, java.lang.Object, java.lang.Object, java.lang.Object, java.lang.Object, java.lang.Object, java.lang.Object, java.lang.Object, java.lang.Object, java.lang.Object, java.lang.Object, java.lang.Object, java.lang.Object, java.lang.Object, java.lang.Object, java.lang.Object, java.lang.Object, java.lang.Object, java.lang.Obj
Event: 11.078 Thread 0x00000161fe784660 Exception <a 'java/lang/NoSuchMethodError'{0x00000000841dfbd8}: 'java.lang.Object java.lang.invoke.DirectMethodHandle$Holder.newInvokeSpecial(java.lang.Object, java.lang.Object, java.lang.Object, java.lang.Object, int)'> (0x00000000841dfbd8) 
thrown [s\src\hotspot\share\interpreter\linkResolver.cpp, line 759]
Event: 11.078 Thread 0x00000161fe784660 Exception <a 'java/lang/NoSuchMethodError'{0x00000000841e51a8}: 'java.lang.Object java.lang.invoke.DirectMethodHandle$Holder.invokeSpecial(java.lang.Object, java.lang.Object, java.lang.Object, java.lang.Object, java.lang.Object, int)'> (0x00000000841e51a8) 
thrown [s\src\hotspot\share\interpreter\linkResolver.cpp, line 759]
Event: 11.079 Thread 0x00000161fe784660 Exception <a 'java/lang/NoSuchMethodError'{0x00000000841ea128}: 'java.lang.Object java.lang.invoke.Invokers$Holder.linkToTargetMethod(java.lang.Object, java.lang.Object, java.lang.Object, int, java.lang.Object)'> (0x00000000841ea128) 
thrown [s\src\hotspot\share\interpreter\linkResolver.cpp, line 759]
Event: 11.142 Thread 0x00000161fe784660 Exception <a 'java/lang/NoSuchMethodError'{0x0000000083e5d9b8}: 'int java.lang.invoke.DirectMethodHandle$Holder.invokeInterface(java.lang.Object, java.lang.Object, java.lang.Object, java.lang.Object)'> (0x0000000083e5d9b8) 
thrown [s\src\hotspot\share\interpreter\linkResolver.cpp, line 759]

VM Operations (20 events):
Event: 9.225 Executing VM operation: CollectForMetadataAllocation
Event: 9.230 Executing VM operation: CollectForMetadataAllocation done
Event: 9.262 Executing VM operation: G1PauseRemark
Event: 9.264 Executing VM operation: G1PauseRemark done
Event: 9.278 Executing VM operation: G1PauseCleanup
Event: 9.278 Executing VM operation: G1PauseCleanup done
Event: 9.305 Executing VM operation: HandshakeAllThreads
Event: 9.305 Executing VM operation: HandshakeAllThreads done
Event: 9.837 Executing VM operation: ICBufferFull
Event: 9.837 Executing VM operation: ICBufferFull done
Event: 10.021 Executing VM operation: G1CollectForAllocation
Event: 10.029 Executing VM operation: G1CollectForAllocation done
Event: 10.791 Executing VM operation: G1CollectForAllocation
Event: 10.797 Executing VM operation: G1CollectForAllocation done
Event: 11.065 Executing VM operation: HandshakeAllThreads
Event: 11.065 Executing VM operation: HandshakeAllThreads done
Event: 11.131 Executing VM operation: HandshakeAllThreads
Event: 11.132 Executing VM operation: HandshakeAllThreads done
Event: 11.141 Executing VM operation: HandshakeAllThreads
Event: 11.141 Executing VM operation: HandshakeAllThreads done

Memory protections (0 events):
No events

Nmethod flushes (0 events):
No events

Events (20 events):
Event: 4.233 Thread 0x00000161fe784660 Thread added: 0x00000161fe783c40
Event: 5.544 Thread 0x00000161fe784660 Thread added: 0x00000161ff4ab5a0
Event: 5.571 Thread 0x00000161fe784660 Thread added: 0x00000161ff4abab0
Event: 5.867 Thread 0x00000161e200ed70 Thread added: 0x00000161ffc42a90
Event: 6.006 Thread 0x00000161fe784660 Thread added: 0x00000161ff4abfc0
Event: 6.021 Thread 0x00000161fe784660 Thread added: 0x00000161ff4b06a0
Event: 6.197 Thread 0x00000161fe784660 Thread added: 0x00000161ff4b0190
Event: 6.198 Thread 0x00000161fe784660 Thread added: 0x00000161ff4ab090
Event: 6.198 Thread 0x00000161fe784660 Thread added: 0x00000161ff4ac4d0
Event: 7.380 Thread 0x00000161fe784660 Thread added: 0x00000161ff4b15d0
Event: 7.446 Thread 0x00000161fe784660 Thread added: 0x00000161ff4afc80
Event: 7.454 Thread 0x00000161ffc42a90 Thread exited: 0x00000161ffc42a90
Event: 7.673 Thread 0x00000161fe784660 Thread added: 0x00000161ff4b1ff0
Event: 7.833 Thread 0x00000161fe784660 Thread added: 0x00000161ff4ad910
Event: 8.215 Thread 0x00000161fe784660 Thread added: 0x00000161ff4b0bb0
Event: 8.298 Thread 0x00000161fe784660 Thread added: 0x00000161ff4b2a10
Event: 9.844 Thread 0x00000161fe784660 Thread added: 0x00000161ff4b10c0
Event: 9.876 Thread 0x00000161fe784660 Thread added: 0x00000161ff4af260
Event: 9.927 Thread 0x00000161fe784660 Thread added: 0x00000161ff4ae330
Event: 10.476 Thread 0x00000161fe784660 Thread added: 0x0000016186b8b4f0


Dynamic libraries:
0x00007ff61e530000 - 0x00007ff61e53e000 	C:\Program Files\Microsoft\jdk-17.0.13.11-hotspot\bin\java.exe
0x00007ffa9c9b0000 - 0x00007ffa9cbc7000 	C:\Windows\SYSTEM32\ntdll.dll
0x00007ffa9b050000 - 0x00007ffa9b114000 	C:\Windows\System32\KERNEL32.DLL
0x00007ffa99f00000 - 0x00007ffa9a2ba000 	C:\Windows\System32\KERNELBASE.dll
0x00007ffa9a340000 - 0x00007ffa9a451000 	C:\Windows\System32\ucrtbase.dll
0x00007ffa35390000 - 0x00007ffa353ad000 	C:\Program Files\Microsoft\jdk-17.0.13.11-hotspot\bin\VCRUNTIME140.dll
0x00007ffa714f0000 - 0x00007ffa71507000 	C:\Program Files\Microsoft\jdk-17.0.13.11-hotspot\bin\jli.dll
0x00007ffa9a940000 - 0x00007ffa9aaee000 	C:\Windows\System32\USER32.dll
0x00007ffa9a600000 - 0x00007ffa9a626000 	C:\Windows\System32\win32u.dll
0x00007ffa761f0000 - 0x00007ffa76482000 	C:\Windows\WinSxS\amd64_microsoft.windows.common-controls_6595b64144ccf1df_6.0.22621.4541_none_2710d1c57384c085\COMCTL32.dll
0x00007ffa9b4c0000 - 0x00007ffa9b4e9000 	C:\Windows\System32\GDI32.dll
0x00007ffa9b9f0000 - 0x00007ffa9ba97000 	C:\Windows\System32\msvcrt.dll
0x00007ffa99de0000 - 0x00007ffa99efb000 	C:\Windows\System32\gdi32full.dll
0x00007ffa99c80000 - 0x00007ffa99d1a000 	C:\Windows\System32\msvcp_win.dll
0x00007ffa9c800000 - 0x00007ffa9c831000 	C:\Windows\System32\IMM32.DLL
0x00007ffa81250000 - 0x00007ffa8125c000 	C:\Program Files\Microsoft\jdk-17.0.13.11-hotspot\bin\vcruntime140_1.dll
0x00007ffa32f40000 - 0x00007ffa32fcd000 	C:\Program Files\Microsoft\jdk-17.0.13.11-hotspot\bin\msvcp140.dll
0x00007ffa30e70000 - 0x00007ffa31ae1000 	C:\Program Files\Microsoft\jdk-17.0.13.11-hotspot\bin\server\jvm.dll
0x00007ffa9c740000 - 0x00007ffa9c7f2000 	C:\Windows\System32\ADVAPI32.dll
0x00007ffa9c8c0000 - 0x00007ffa9c967000 	C:\Windows\System32\sechost.dll
0x00007ffa9a460000 - 0x00007ffa9a488000 	C:\Windows\System32\bcrypt.dll
0x00007ffa9a6c0000 - 0x00007ffa9a7d4000 	C:\Windows\System32\RPCRT4.dll
0x00007ffa9b120000 - 0x00007ffa9b191000 	C:\Windows\System32\WS2_32.dll
0x00007ffa92cf0000 - 0x00007ffa92d24000 	C:\Windows\SYSTEM32\WINMM.dll
0x00007ffa99b50000 - 0x00007ffa99b9d000 	C:\Windows\SYSTEM32\POWRPROF.dll
0x00007ffa953c0000 - 0x00007ffa953ca000 	C:\Windows\SYSTEM32\VERSION.dll
0x00007ffa99b30000 - 0x00007ffa99b43000 	C:\Windows\SYSTEM32\UMPDC.dll
0x00007ffa98c80000 - 0x00007ffa98c98000 	C:\Windows\SYSTEM32\kernel.appcore.dll
0x00007ffa70df0000 - 0x00007ffa70dfa000 	C:\Program Files\Microsoft\jdk-17.0.13.11-hotspot\bin\jimage.dll
0x00007ffa97490000 - 0x00007ffa976c2000 	C:\Windows\SYSTEM32\DBGHELP.DLL
0x00007ffa9c3b0000 - 0x00007ffa9c73f000 	C:\Windows\System32\combase.dll
0x00007ffa9b750000 - 0x00007ffa9b827000 	C:\Windows\System32\OLEAUT32.dll
0x00007ffa80fc0000 - 0x00007ffa80ff2000 	C:\Windows\SYSTEM32\dbgcore.DLL
0x00007ffa9a2c0000 - 0x00007ffa9a33b000 	C:\Windows\System32\bcryptPrimitives.dll
0x00007ffa32d60000 - 0x00007ffa32d6e000 	C:\Program Files\Microsoft\jdk-17.0.13.11-hotspot\bin\instrument.dll
0x00007ffa32f10000 - 0x00007ffa32f35000 	C:\Program Files\Microsoft\jdk-17.0.13.11-hotspot\bin\java.dll
0x00007ffa32e30000 - 0x00007ffa32f07000 	C:\Program Files\Microsoft\jdk-17.0.13.11-hotspot\bin\jsvml.dll
0x00007ffa9baa0000 - 0x00007ffa9c318000 	C:\Windows\System32\SHELL32.dll
0x00007ffa97b70000 - 0x00007ffa98478000 	C:\Windows\SYSTEM32\windows.storage.dll
0x00007ffa97a30000 - 0x00007ffa97b6f000 	C:\Windows\SYSTEM32\wintypes.dll
0x00007ffa9b3c0000 - 0x00007ffa9b4ba000 	C:\Windows\System32\SHCORE.dll
0x00007ffa9ab10000 - 0x00007ffa9ab6e000 	C:\Windows\System32\shlwapi.dll
0x00007ffa99bb0000 - 0x00007ffa99bdb000 	C:\Windows\SYSTEM32\profapi.dll
0x00007ffa32dd0000 - 0x00007ffa32de8000 	C:\Program Files\Microsoft\jdk-17.0.13.11-hotspot\bin\zip.dll
0x00007ffa32e10000 - 0x00007ffa32e2a000 	C:\Program Files\Microsoft\jdk-17.0.13.11-hotspot\bin\net.dll
0x00007ffa92670000 - 0x00007ffa927a6000 	C:\Windows\SYSTEM32\WINHTTP.dll
0x00007ffa990f0000 - 0x00007ffa99159000 	C:\Windows\system32\mswsock.dll
0x00007ffa32df0000 - 0x00007ffa32e06000 	C:\Program Files\Microsoft\jdk-17.0.13.11-hotspot\bin\nio.dll
0x00007ffa80810000 - 0x00007ffa80820000 	C:\Program Files\Microsoft\jdk-17.0.13.11-hotspot\bin\verify.dll
0x00007ffa32da0000 - 0x00007ffa32dc7000 	C:\Users\Tayyab Sattar\.gradle\native\c067742578af261105cb4f569cf0c3c89f3d7b1fecec35dd04571415982c5e48\windows-amd64\native-platform.dll
0x00007ffa32b40000 - 0x00007ffa32c84000 	C:\Users\Tayyab Sattar\.gradle\native\100fb08df4bc3b14c8652ba06237920a3bd2aa13389f12d3474272988ae205f9\windows-amd64\native-platform-file-events.dll
0x00007ffa32d90000 - 0x00007ffa32d9a000 	C:\Program Files\Microsoft\jdk-17.0.13.11-hotspot\bin\management.dll
0x00007ffa32d80000 - 0x00007ffa32d8b000 	C:\Program Files\Microsoft\jdk-17.0.13.11-hotspot\bin\management_ext.dll
0x00007ffa9b3b0000 - 0x00007ffa9b3b8000 	C:\Windows\System32\PSAPI.DLL
0x00007ffa99440000 - 0x00007ffa9945b000 	C:\Windows\SYSTEM32\CRYPTSP.dll
0x00007ffa98be0000 - 0x00007ffa98c15000 	C:\Windows\system32\rsaenh.dll
0x00007ffa99190000 - 0x00007ffa991b8000 	C:\Windows\SYSTEM32\USERENV.dll
0x00007ffa99420000 - 0x00007ffa9942c000 	C:\Windows\SYSTEM32\CRYPTBASE.dll
0x00007ffa986e0000 - 0x00007ffa9870d000 	C:\Windows\SYSTEM32\IPHLPAPI.DLL
0x00007ffa9a6b0000 - 0x00007ffa9a6b9000 	C:\Windows\System32\NSI.dll
0x00007ffa92590000 - 0x00007ffa925a9000 	C:\Windows\SYSTEM32\dhcpcsvc6.DLL
0x00007ffa92450000 - 0x00007ffa9246f000 	C:\Windows\SYSTEM32\dhcpcsvc.DLL
0x00007ffa98750000 - 0x00007ffa98852000 	C:\Windows\SYSTEM32\DNSAPI.dll
0x00007ffa32d70000 - 0x00007ffa32d79000 	C:\Program Files\Microsoft\jdk-17.0.13.11-hotspot\bin\extnet.dll
0x00007ffa32b30000 - 0x00007ffa32b3e000 	C:\Program Files\Microsoft\jdk-17.0.13.11-hotspot\bin\sunmscapi.dll
0x00007ffa9a490000 - 0x00007ffa9a5f6000 	C:\Windows\System32\CRYPT32.dll
0x00007ffa99530000 - 0x00007ffa9955d000 	C:\Windows\SYSTEM32\ncrypt.dll
0x00007ffa994f0000 - 0x00007ffa99527000 	C:\Windows\SYSTEM32\NTASN1.dll
0x00007ffa930d0000 - 0x00007ffa930d8000 	C:\Windows\system32\wshunix.dll

dbghelp: loaded successfully - version: 4.0.5 - missing functions: none
symbol engine: initialized successfully - sym options: 0x614 - pdb path: .;C:\Program Files\Microsoft\jdk-17.0.13.11-hotspot\bin;C:\Windows\SYSTEM32;C:\Windows\WinSxS\amd64_microsoft.windows.common-controls_6595b64144ccf1df_6.0.22621.4541_none_2710d1c57384c085;C:\Program Files\Microsoft\jdk-17.0.13.11-hotspot\bin\server;C:\Users\Tayyab Sattar\.gradle\native\c067742578af261105cb4f569cf0c3c89f3d7b1fecec35dd04571415982c5e48\windows-amd64;C:\Users\Tayyab Sattar\.gradle\native\100fb08df4bc3b14c8652ba06237920a3bd2aa13389f12d3474272988ae205f9\windows-amd64

VM Arguments:
jvm_args: -XX:MaxMetaspaceSize=512m --add-opens=java.base/java.util=ALL-UNNAMED --add-opens=java.base/java.lang=ALL-UNNAMED --add-opens=java.base/java.lang.invoke=ALL-UNNAMED --add-opens=java.prefs/java.util.prefs=ALL-UNNAMED --add-exports=jdk.compiler/com.sun.tools.javac.api=ALL-UNNAMED --add-exports=jdk.compiler/com.sun.tools.javac.util=ALL-UNNAMED --add-opens=java.base/java.nio.charset=ALL-UNNAMED --add-opens=java.base/java.net=ALL-UNNAMED --add-opens=java.base/java.util.concurrent.atomic=ALL-UNNAMED -Xmx2048m -Dfile.encoding=utf8 -Duser.country=US -Duser.language=en -Duser.variant -javaagent:C:\Users\Tayyab Sattar\.gradle\wrapper\dists\gradle-8.10.2-all\7iv73wktx1xtkvlq19urqw1wm\gradle-8.10.2\lib\agents\gradle-instrumentation-agent-8.10.2.jar 
java_command: org.gradle.launcher.daemon.bootstrap.GradleDaemon 8.10.2
java_class_path (initial): C:\Users\Tayyab Sattar\.gradle\wrapper\dists\gradle-8.10.2-all\7iv73wktx1xtkvlq19urqw1wm\gradle-8.10.2\lib\gradle-daemon-main-8.10.2.jar
Launcher Type: SUN_STANDARD

[Global flags]
     intx CICompilerCount                          = 4                                         {product} {ergonomic}
   size_t CompressedClassSpaceSize                 = 436207616                                 {product} {ergonomic}
     uint ConcGCThreads                            = 2                                         {product} {ergonomic}
     uint G1ConcRefinementThreads                  = 8                                         {product} {ergonomic}
   size_t G1HeapRegionSize                         = 1048576                                   {product} {ergonomic}
    uintx GCDrainStackTargetSize                   = 64                                        {product} {ergonomic}
   size_t InitialHeapSize                          = 132120576                                 {product} {ergonomic}
   size_t MarkStackSize                            = 4194304                                   {product} {ergonomic}
   size_t MaxHeapSize                              = 2147483648                                {product} {command line}
   size_t MaxMetaspaceSize                         = 536870912                                 {product} {command line}
   size_t MaxNewSize                               = 1287651328                                {product} {ergonomic}
   size_t MinHeapDeltaBytes                        = 1048576                                   {product} {ergonomic}
   size_t MinHeapSize                              = 8388608                                   {product} {ergonomic}
    uintx NonNMethodCodeHeapSize                   = 5839372                                {pd product} {ergonomic}
    uintx NonProfiledCodeHeapSize                  = 122909434                              {pd product} {ergonomic}
    uintx ProfiledCodeHeapSize                     = 122909434                              {pd product} {ergonomic}
    uintx ReservedCodeCacheSize                    = 251658240                              {pd product} {ergonomic}
     bool SegmentedCodeCache                       = true                                      {product} {ergonomic}
   size_t SoftMaxHeapSize                          = 2147483648                             {manageable} {ergonomic}
     bool UseCompressedClassPointers               = true                           {product lp64_product} {ergonomic}
     bool UseCompressedOops                        = true                           {product lp64_product} {ergonomic}
     bool UseG1GC                                  = true                                      {product} {ergonomic}
     bool UseLargePagesIndividualAllocation        = false                                  {pd product} {ergonomic}

Logging:
Log output configuration:
 #0: stdout all=warning uptime,level,tags
 #1: stderr all=off uptime,level,tags

Environment Variables:
JAVA_HOME=C:\Program Files\Microsoft\jdk-17.0.13.11-hotspot\
PATH=C:\Program Files\Microsoft\jdk-17.0.13.11-hotspot\bin;C:\Windows\system32;C:\Windows;C:\Windows\System32\Wbem;C:\Windows\System32\WindowsPowerShell\v1.0\;C:\Windows\System32\OpenSSH\;C:\Program Files\Git\cmd;C:\MinGW\bin;C:\MinGW\bin;C:\Program Files\Microsoft SQL Server\150\Tools\Binn\;C:\Program Files\Microsoft SQL Server\Client SDK\ODBC\170\Tools\Binn\;C:\Program Files\dotnet\;C:\Program Files (x86)\Microsoft SQL Server\160\DTS\Binn\;C:\Program Files (x86)\Microsoft SQL Server\160\Tools\Binn\;C:\Program Files\Microsoft SQL Server\160\Tools\Binn\;C:\Program Files\Microsoft SQL Server\160\DTS\Binn\;C:\ProgramData\chocolatey\bin;C:\Program Files\nodejs\;D:\software\Andriod_SDK\platform-tools
USERNAME=Tayyab Sattar
OS=Windows_NT
PROCESSOR_IDENTIFIER=Intel64 Family 6 Model 142 Stepping 12, GenuineIntel
TMP=C:\Users\TAYYAB~1\AppData\Local\Temp
TEMP=C:\Users\TAYYAB~1\AppData\Local\Temp



Periodic native trim disabled


---------------  S Y S T E M  ---------------

OS:
 Windows 11 , 64 bit Build 22621 (10.0.22621.4391)
OS uptime: 0 days 2:49 hours
Hyper-V role detected

CPU: total 8 (initial active 8) (4 cores per cpu, 2 threads per core) family 6 model 142 stepping 12 microcode 0xf8, cx8, cmov, fxsr, ht, mmx, 3dnowpref, sse, sse2, sse3, ssse3, sse4.1, sse4.2, popcnt, lzcnt, tsc, tscinvbit, avx, avx2, aes, erms, clmul, bmi1, bmi2, adx, fma, vzeroupper, clflush, clflushopt, hv
Processor Information for the first 8 processors :
  Max Mhz: 1800, Current Mhz: 1600, Mhz Limit: 1584

Memory: 4k page, system-wide physical 7998M (498M free)
TotalPageFile size 19588M (AvailPageFile size 1M)
current process WorkingSet (physical memory assigned to process): 244M, peak: 256M
current process commit charge ("private bytes"): 284M, peak: 313M

vm_info: OpenJDK 64-Bit Server VM (17.0.13+11-LTS) for windows-amd64 JRE (17.0.13+11-LTS), built on Oct 11 2024 23:25:05 by "MicrosoftCorporation" with unknown MS VC++:1939

END.
