#
# There is insufficient memory for the Java Runtime Environment to continue.
# Native memory allocation (malloc) failed to allocate 398496 bytes. Error detail: Chunk::new
# Possible reasons:
#   The system is out of physical RAM or swap space
#   This process is running with CompressedOops enabled, and the Java Heap may be blocking the growth of the native heap
# Possible solutions:
#   Reduce memory load on the system
#   Increase physical memory or swap space
#   Check if swap backing store is full
#   Decrease Java heap size (-Xmx/-Xms)
#   Decrease number of Java threads
#   Decrease Java thread stack sizes (-Xss)
#   Set larger code cache with -XX:ReservedCodeCacheSize=
#   JVM is running with Unscaled Compressed Oops mode in which the Java heap is
#     placed in the first 4GB address space. The Java Heap base address is the
#     maximum limit for the native heap growth. Please use -XX:HeapBaseMinAddress
#     to set the Java Heap base and to place the Java Heap above 4GB virtual address.
# This output file may be truncated or incomplete.
#
#  Out of Memory Error (arena.cpp:168), pid=5040, tid=20276
#
# JRE version: OpenJDK Runtime Environment Temurin-21.0.5+11 (21.0.5+11) (build 21.0.5+11-LTS)
# Java VM: OpenJDK 64-Bit Server VM Temurin-21.0.5+11 (21.0.5+11-LTS, mixed mode, sharing, tiered, compressed oops, compressed class ptrs, parallel gc, windows-amd64)
# No core dump will be written. Minidumps are not enabled by default on client versions of Windows
#

---------------  S U M M A R Y ------------

Command Line: --add-modules=ALL-SYSTEM --add-opens=java.base/java.util=ALL-UNNAMED --add-opens=java.base/java.lang=ALL-UNNAMED --add-opens=java.base/sun.nio.fs=ALL-UNNAMED -Declipse.application=org.eclipse.jdt.ls.core.id1 -Dosgi.bundles.defaultStartLevel=4 -Declipse.product=org.eclipse.jdt.ls.core.product -Djava.import.generatesMetadataFilesAtProjectRoot=false -DDetectVMInstallationsJob.disabled=true -Dfile.encoding=utf8 -XX:+UseParallelGC -XX:GCTimeRatio=4 -XX:AdaptiveSizePolicyWeight=90 -Dsun.zip.disableMemoryMapping=true -Xmx1G -Xms100m -Xlog:disable -javaagent:c:\Users\Tayyab Sattar\.vscode\extensions\redhat.java-1.39.0-win32-x64\lombok\lombok-1.18.34.jar -XX:+HeapDumpOnOutOfMemoryError -XX:HeapDumpPath=c:\Users\Tayyab Sattar\AppData\Roaming\Code\User\workspaceStorage\1ce230621ab0d52ed27e429712b24673\redhat.java -Daether.dependencyCollector.impl=bf c:\Users\Tayyab Sattar\.vscode\extensions\redhat.java-1.39.0-win32-x64\server\plugins\org.eclipse.equinox.launcher_1.6.900.v20240613-2009.jar -configuration c:\Users\Tayyab Sattar\AppData\Roaming\Code\User\globalStorage\redhat.java\1.39.0\config_win -data c:\Users\Tayyab Sattar\AppData\Roaming\Code\User\workspaceStorage\1ce230621ab0d52ed27e429712b24673\redhat.java\jdt_ws --pipe=\\.\pipe\lsp-a9fdaddb51ca3779b6b056aeeef47218-sock

Host: Intel(R) Core(TM) i5-8265U CPU @ 1.60GHz, 8 cores, 7G,  Windows 11 , 64 bit Build 22621 (10.0.22621.4391)
Time: Mon Jan 27 19:20:29 2025 Pakistan Standard Time elapsed time: 34.620822 seconds (0d 0h 0m 34s)

---------------  T H R E A D  ---------------

Current thread (0x000001c37b808f60):  JavaThread "C2 CompilerThread0" daemon [_thread_in_native, id=20276, stack(0x00000098c9100000,0x00000098c9200000) (1024K)]


Current CompileTask:
C2:34620 9057 %     4       org.eclipse.jdt.internal.core.index.DiskIndex::writeCategoryTable @ 22 (252 bytes)

Stack: [0x00000098c9100000,0x00000098c9200000]
Native frames: (J=compiled Java code, j=interpreted, Vv=VM code, C=native code)
V  [jvm.dll+0x6cd4e9]
V  [jvm.dll+0x8a7941]
V  [jvm.dll+0x8a9e6e]
V  [jvm.dll+0x8aa543]
V  [jvm.dll+0x27f6d6]
V  [jvm.dll+0xc500d]
V  [jvm.dll+0xc5543]
V  [jvm.dll+0x2f2a9d]
V  [jvm.dll+0x5f67ea]
V  [jvm.dll+0x250b82]
V  [jvm.dll+0x250f3f]
V  [jvm.dll+0x249814]
V  [jvm.dll+0x246ea4]
V  [jvm.dll+0x1c75ce]
V  [jvm.dll+0x25682a]
V  [jvm.dll+0x254dca]
V  [jvm.dll+0x3f00d6]
V  [jvm.dll+0x8514fb]
V  [jvm.dll+0x6cbbed]
C  [ucrtbase.dll+0x29333]
C  [KERNEL32.DLL+0x1259d]
C  [ntdll.dll+0x5af38]


---------------  P R O C E S S  ---------------

Threads class SMR info:
_java_thread_list=0x000001c360fb43b0, length=72, elements={
0x000001c3762ebe80, 0x000001c37b7fda10, 0x000001c37b7fef50, 0x000001c37b804030,
0x000001c37b804c80, 0x000001c37b8076e0, 0x000001c37b808130, 0x000001c37b808f60,
0x000001c37d31a8b0, 0x000001c37d3a68d0, 0x000001c37d54cd10, 0x000001c37dbbf150,
0x000001c37e070100, 0x000001c37dd17f70, 0x000001c37d9c63f0, 0x000001c37de74930,
0x000001c37d4d4f00, 0x000001c37de65c80, 0x000001c37de67030, 0x000001c37de66310,
0x000001c37de669a0, 0x000001c37ec756d0, 0x000001c37ec78b50, 0x000001c37ec749b0,
0x000001c37ec75040, 0x000001c37ec77110, 0x000001c37ec791e0, 0x000001c37ec73600,
0x000001c37ec763f0, 0x000001c37ec784c0, 0x000001c37ec79870, 0x000001c37ec777a0,
0x000001c37ec79f00, 0x000001c37ec77e30, 0x000001c37ec7a590, 0x000001c37ec75d60,
0x000001c37ec73c90, 0x000001c37ec7ac20, 0x000001c37ec74320, 0x000001c37ec76a80,
0x000001c3544cdfe0, 0x000001c3544cd950, 0x000001c3544c8400, 0x000001c3544ce670,
0x000001c3544c9e40, 0x000001c3544ced00, 0x000001c3544cb1f0, 0x000001c3544c8a90,
0x000001c3544cbf10, 0x000001c3544cc5a0, 0x000001c3544ccc30, 0x000001c3544c7d70,
0x000001c357016930, 0x000001c3570134b0, 0x000001c357013b40, 0x000001c357016fc0,
0x000001c357011a70, 0x000001c3570141d0, 0x000001c357014860, 0x000001c357010d50,
0x000001c357015c10, 0x000001c357014ef0, 0x000001c357015580, 0x000001c3570162a0,
0x000001c357010030, 0x000001c357017650, 0x000001c357012790, 0x000001c3570106c0,
0x000001c3570113e0, 0x000001c36036b220, 0x000001c36036e010, 0x000001c36036b8b0
}

Java Threads: ( => current thread )
  0x000001c3762ebe80 JavaThread "main"                              [_thread_blocked, id=3260, stack(0x00000098c8700000,0x00000098c8800000) (1024K)]
  0x000001c37b7fda10 JavaThread "Reference Handler"          daemon [_thread_blocked, id=22964, stack(0x00000098c8b00000,0x00000098c8c00000) (1024K)]
  0x000001c37b7fef50 JavaThread "Finalizer"                  daemon [_thread_blocked, id=10832, stack(0x00000098c8c00000,0x00000098c8d00000) (1024K)]
  0x000001c37b804030 JavaThread "Signal Dispatcher"          daemon [_thread_blocked, id=19256, stack(0x00000098c8d00000,0x00000098c8e00000) (1024K)]
  0x000001c37b804c80 JavaThread "Attach Listener"            daemon [_thread_blocked, id=13792, stack(0x00000098c8e00000,0x00000098c8f00000) (1024K)]
  0x000001c37b8076e0 JavaThread "Service Thread"             daemon [_thread_blocked, id=5616, stack(0x00000098c8f00000,0x00000098c9000000) (1024K)]
  0x000001c37b808130 JavaThread "Monitor Deflation Thread"   daemon [_thread_blocked, id=596, stack(0x00000098c9000000,0x00000098c9100000) (1024K)]
=>0x000001c37b808f60 JavaThread "C2 CompilerThread0"         daemon [_thread_in_native, id=20276, stack(0x00000098c9100000,0x00000098c9200000) (1024K)]
  0x000001c37d31a8b0 JavaThread "C1 CompilerThread0"         daemon [_thread_blocked, id=19768, stack(0x00000098c9200000,0x00000098c9300000) (1024K)]
  0x000001c37d3a68d0 JavaThread "Common-Cleaner"             daemon [_thread_blocked, id=11316, stack(0x00000098c9300000,0x00000098c9400000) (1024K)]
  0x000001c37d54cd10 JavaThread "Notification Thread"        daemon [_thread_blocked, id=18568, stack(0x00000098c9400000,0x00000098c9500000) (1024K)]
  0x000001c37dbbf150 JavaThread "Active Thread: Equinox Container: 15899ad4-67ee-49e6-8e10-5d400745872a"        [_thread_blocked, id=1536, stack(0x00000098c9b00000,0x00000098c9c00000) (1024K)]
  0x000001c37e070100 JavaThread "Refresh Thread: Equinox Container: 15899ad4-67ee-49e6-8e10-5d400745872a" daemon [_thread_blocked, id=5420, stack(0x00000098c9c00000,0x00000098c9d00000) (1024K)]
  0x000001c37dd17f70 JavaThread "Framework Event Dispatcher: Equinox Container: 15899ad4-67ee-49e6-8e10-5d400745872a" daemon [_thread_blocked, id=21216, stack(0x00000098c9e00000,0x00000098c9f00000) (1024K)]
  0x000001c37d9c63f0 JavaThread "Start Level: Equinox Container: 15899ad4-67ee-49e6-8e10-5d400745872a" daemon [_thread_blocked, id=8836, stack(0x00000098c9f00000,0x00000098ca000000) (1024K)]
  0x000001c37de74930 JavaThread "Bundle File Closer"         daemon [_thread_blocked, id=17768, stack(0x00000098ca100000,0x00000098ca200000) (1024K)]
  0x000001c37d4d4f00 JavaThread "SCR Component Actor"        daemon [_thread_blocked, id=22596, stack(0x00000098ca000000,0x00000098ca100000) (1024K)]
  0x000001c37de65c80 JavaThread "Worker-JM"                         [_thread_blocked, id=10084, stack(0x00000098ca300000,0x00000098ca400000) (1024K)]
  0x000001c37de67030 JavaThread "JNA Cleaner"                daemon [_thread_blocked, id=5528, stack(0x00000098ca400000,0x00000098ca500000) (1024K)]
  0x000001c37de66310 JavaThread "Worker-0"                          [_thread_blocked, id=2428, stack(0x00000098ca500000,0x00000098ca600000) (1024K)]
  0x000001c37de669a0 JavaThread "Worker-1: Java indexing... "        [_thread_blocked, id=21908, stack(0x00000098ca600000,0x00000098ca700000) (1024K)]
  0x000001c37ec756d0 JavaThread "Worker-2"                          [_thread_blocked, id=13672, stack(0x00000098ca700000,0x00000098ca800000) (1024K)]
  0x000001c37ec78b50 JavaThread "Worker-3"                          [_thread_blocked, id=10788, stack(0x00000098ca900000,0x00000098caa00000) (1024K)]
  0x000001c37ec749b0 JavaThread "Java indexing"              daemon [_thread_blocked, id=22504, stack(0x00000098caa00000,0x00000098cab00000) (1024K)]
  0x000001c37ec75040 JavaThread "Worker-4: Check JDK Index"         [_thread_blocked, id=18696, stack(0x00000098cad00000,0x00000098cae00000) (1024K)]
  0x000001c37ec77110 JavaThread "Worker-5"                          [_thread_blocked, id=13004, stack(0x00000098cae00000,0x00000098caf00000) (1024K)]
  0x000001c37ec791e0 JavaThread "Thread-2"                   daemon [_thread_in_native, id=4752, stack(0x00000098caf00000,0x00000098cb000000) (1024K)]
  0x000001c37ec73600 JavaThread "Thread-3"                   daemon [_thread_in_native, id=19972, stack(0x00000098cb000000,0x00000098cb100000) (1024K)]
  0x000001c37ec763f0 JavaThread "Thread-4"                   daemon [_thread_in_native, id=15272, stack(0x00000098cb100000,0x00000098cb200000) (1024K)]
  0x000001c37ec784c0 JavaThread "Thread-5"                   daemon [_thread_in_native, id=4180, stack(0x00000098cb200000,0x00000098cb300000) (1024K)]
  0x000001c37ec79870 JavaThread "Thread-6"                   daemon [_thread_in_native, id=8900, stack(0x00000098cb300000,0x00000098cb400000) (1024K)]
  0x000001c37ec777a0 JavaThread "Thread-7"                   daemon [_thread_in_native, id=7720, stack(0x00000098cb400000,0x00000098cb500000) (1024K)]
  0x000001c37ec79f00 JavaThread "Thread-8"                   daemon [_thread_in_native, id=22488, stack(0x00000098cb500000,0x00000098cb600000) (1024K)]
  0x000001c37ec77e30 JavaThread "Thread-9"                   daemon [_thread_in_native, id=22480, stack(0x00000098cb600000,0x00000098cb700000) (1024K)]
  0x000001c37ec7a590 JavaThread "Thread-10"                  daemon [_thread_in_native, id=17208, stack(0x00000098cb700000,0x00000098cb800000) (1024K)]
  0x000001c37ec75d60 JavaThread "pool-2-thread-1"                   [_thread_blocked, id=16568, stack(0x00000098cb800000,0x00000098cb900000) (1024K)]
  0x000001c37ec73c90 JavaThread "Timer-0"                           [_thread_blocked, id=19264, stack(0x00000098cb900000,0x00000098cba00000) (1024K)]
  0x000001c37ec7ac20 JavaThread "Timer-1"                           [_thread_blocked, id=6112, stack(0x00000098cba00000,0x00000098cbb00000) (1024K)]
  0x000001c37ec74320 JavaThread "WorkspaceEventsHandler"            [_thread_blocked, id=1108, stack(0x00000098cbb00000,0x00000098cbc00000) (1024K)]
  0x000001c37ec76a80 JavaThread "pool-1-thread-1"                   [_thread_blocked, id=22768, stack(0x00000098cbc00000,0x00000098cbd00000) (1024K)]
  0x000001c3544cdfe0 JavaThread "Timer-2"                           [_thread_blocked, id=23036, stack(0x00000098ca200000,0x00000098ca300000) (1024K)]
  0x000001c3544cd950 JavaThread "Exec process"                      [_thread_blocked, id=13224, stack(0x00000098cbf00000,0x00000098cc000000) (1024K)]
  0x000001c3544c8400 JavaThread "Exec process Thread 2"             [_thread_blocked, id=22040, stack(0x00000098cc000000,0x00000098cc100000) (1024K)]
  0x000001c3544ce670 JavaThread "Exec process Thread 3"             [_thread_blocked, id=10940, stack(0x00000098cc100000,0x00000098cc200000) (1024K)]
  0x000001c3544c9e40 JavaThread "Timer-3"                           [_thread_blocked, id=18212, stack(0x00000098cbd00000,0x00000098cbe00000) (1024K)]
  0x000001c3544ced00 JavaThread "Timer-4"                           [_thread_blocked, id=10352, stack(0x00000098cbe00000,0x00000098cbf00000) (1024K)]
  0x000001c3544cb1f0 JavaThread "Timer-5"                           [_thread_blocked, id=14992, stack(0x00000098cc200000,0x00000098cc300000) (1024K)]
  0x000001c3544c8a90 JavaThread "ForkJoinPool.commonPool-worker-1" daemon [_thread_blocked, id=18900, stack(0x00000098cc300000,0x00000098cc400000) (1024K)]
  0x000001c3544cbf10 JavaThread "ForkJoinPool.commonPool-worker-2" daemon [_thread_blocked, id=24128, stack(0x00000098cc400000,0x00000098cc500000) (1024K)]
  0x000001c3544cc5a0 JavaThread "ForkJoinPool.commonPool-worker-3" daemon [_thread_blocked, id=18304, stack(0x00000098cc500000,0x00000098cc600000) (1024K)]
  0x000001c3544ccc30 JavaThread "ForkJoinPool.commonPool-worker-4" daemon [_thread_blocked, id=19268, stack(0x00000098cc600000,0x00000098cc700000) (1024K)]
  0x000001c3544c7d70 JavaThread "LocalFile Deleter"          daemon [_thread_blocked, id=21856, stack(0x00000098cc700000,0x00000098cc800000) (1024K)]
  0x000001c357016930 JavaThread "LocalFile Deleter"          daemon [_thread_blocked, id=16676, stack(0x00000098cc800000,0x00000098cc900000) (1024K)]
  0x000001c3570134b0 JavaThread "LocalFile Deleter"          daemon [_thread_blocked, id=10008, stack(0x00000098cc900000,0x00000098cca00000) (1024K)]
  0x000001c357013b40 JavaThread "LocalFile Deleter"          daemon [_thread_blocked, id=13216, stack(0x00000098cca00000,0x00000098ccb00000) (1024K)]
  0x000001c357016fc0 JavaThread "LocalFile Deleter"          daemon [_thread_blocked, id=14780, stack(0x00000098ccb00000,0x00000098ccc00000) (1024K)]
  0x000001c357011a70 JavaThread "LocalFile Deleter"          daemon [_thread_blocked, id=5004, stack(0x00000098ccc00000,0x00000098ccd00000) (1024K)]
  0x000001c3570141d0 JavaThread "LocalFile Deleter"          daemon [_thread_blocked, id=15056, stack(0x00000098ccd00000,0x00000098cce00000) (1024K)]
  0x000001c357014860 JavaThread "LocalFile Deleter"          daemon [_thread_blocked, id=22212, stack(0x00000098cce00000,0x00000098ccf00000) (1024K)]
  0x000001c357010d50 JavaThread "Compiler Source File Reader" daemon [_thread_blocked, id=23920, stack(0x00000098ccf00000,0x00000098cd000000) (1024K)]
  0x000001c357015c10 JavaThread "Compiler Source File Reader" daemon [_thread_blocked, id=24000, stack(0x00000098cd000000,0x00000098cd100000) (1024K)]
  0x000001c357014ef0 JavaThread "Compiler Source File Reader" daemon [_thread_blocked, id=16808, stack(0x00000098cd100000,0x00000098cd200000) (1024K)]
  0x000001c357015580 JavaThread "Compiler Source File Reader" daemon [_thread_blocked, id=21840, stack(0x00000098cd200000,0x00000098cd300000) (1024K)]
  0x000001c3570162a0 JavaThread "Compiler Source File Reader" daemon [_thread_blocked, id=9868, stack(0x00000098cd300000,0x00000098cd400000) (1024K)]
  0x000001c357010030 JavaThread "Compiler Source File Reader" daemon [_thread_blocked, id=15384, stack(0x00000098cd400000,0x00000098cd500000) (1024K)]
  0x000001c357017650 JavaThread "Compiler Processing Task"   daemon [_thread_blocked, id=4252, stack(0x00000098cd500000,0x00000098cd600000) (1024K)]
  0x000001c357012790 JavaThread "Compiler Class File Writer" daemon [_thread_blocked, id=20236, stack(0x00000098cd600000,0x00000098cd700000) (1024K)]
  0x000001c3570106c0 JavaThread "Compiler Class File Writer" daemon [_thread_blocked, id=23240, stack(0x00000098cd700000,0x00000098cd800000) (1024K)]
  0x000001c3570113e0 JavaThread "Compiler Class File Writer" daemon [_thread_blocked, id=19476, stack(0x00000098cd800000,0x00000098cd900000) (1024K)]
  0x000001c36036b220 JavaThread "Compiler Class File Writer" daemon [_thread_blocked, id=20016, stack(0x00000098cd900000,0x00000098cda00000) (1024K)]
  0x000001c36036e010 JavaThread "Compiler Class File Writer" daemon [_thread_blocked, id=21540, stack(0x00000098cda00000,0x00000098cdb00000) (1024K)]
  0x000001c36036b8b0 JavaThread "Compiler Class File Writer" daemon [_thread_blocked, id=14580, stack(0x00000098cdb00000,0x00000098cdc00000) (1024K)]
Total: 72

Other Threads:
  0x000001c37b7e30f0 VMThread "VM Thread"                           [id=7920, stack(0x00000098c8a00000,0x00000098c8b00000) (1024K)]
  0x000001c37b71ca00 WatcherThread "VM Periodic Task Thread"        [id=23512, stack(0x00000098c8900000,0x00000098c8a00000) (1024K)]
  0x000001c37630bb30 WorkerThread "GC Thread#0"                     [id=3828, stack(0x00000098c8800000,0x00000098c8900000) (1024K)]
  0x000001c37db2d970 WorkerThread "GC Thread#1"                     [id=22692, stack(0x00000098c9500000,0x00000098c9600000) (1024K)]
  0x000001c37db2dd10 WorkerThread "GC Thread#2"                     [id=21480, stack(0x00000098c9600000,0x00000098c9700000) (1024K)]
  0x000001c37daaf470 WorkerThread "GC Thread#3"                     [id=6992, stack(0x00000098c9700000,0x00000098c9800000) (1024K)]
  0x000001c37daaf810 WorkerThread "GC Thread#4"                     [id=23072, stack(0x00000098c9800000,0x00000098c9900000) (1024K)]
  0x000001c37daafbb0 WorkerThread "GC Thread#5"                     [id=24280, stack(0x00000098c9900000,0x00000098c9a00000) (1024K)]
  0x000001c37dab0350 WorkerThread "GC Thread#6"                     [id=21732, stack(0x00000098c9a00000,0x00000098c9b00000) (1024K)]
  0x000001c37dd175a0 WorkerThread "GC Thread#7"                     [id=19448, stack(0x00000098c9d00000,0x00000098c9e00000) (1024K)]
Total: 10

Threads with active compile tasks:
C2 CompilerThread0  34694 9057 %     4       org.eclipse.jdt.internal.core.index.DiskIndex::writeCategoryTable @ 22 (252 bytes)
Total: 1

VM state: at safepoint (normal execution)

VM Mutex/Monitor currently owned by a thread:  ([mutex/lock_event])
[0x00007ffa3279d380] Threads_lock - owner thread: 0x000001c37b7e30f0
[0x00007ffa3279d480] Heap_lock - owner thread: 0x000001c37ec749b0

Heap address: 0x00000000c0000000, size: 1024 MB, Compressed Oops mode: 32-bit

CDS archive(s) mapped at: [0x000001c30f000000-0x000001c30fba0000-0x000001c30fba0000), size 12189696, SharedBaseAddress: 0x000001c30f000000, ArchiveRelocationMode: 1.
Compressed class space mapped at: 0x000001c310000000-0x000001c350000000, reserved size: 1073741824
Narrow klass base: 0x000001c30f000000, Narrow klass shift: 0, Narrow klass range: 0x100000000

GC Precious Log:
 CardTable entry size: 512
 CPUs: 8 total, 8 available
 Memory: 7998M
 Large Page Support: Disabled
 NUMA Support: Disabled
 Compressed Oops: Enabled (32-bit)
 Alignments: Space 512K, Generation 512K, Heap 2M
 Heap Min Capacity: 100M
 Heap Initial Capacity: 100M
 Heap Max Capacity: 1G
 Pre-touch: Disabled
 Parallel Workers: 8

Heap:
 PSYoungGen      total 2560K, used 2183K [0x00000000eab00000, 0x00000000eaf00000, 0x0000000100000000)
  eden space 1024K, 100% used [0x00000000eab00000,0x00000000eac00000,0x00000000eac00000)
  from space 1536K, 75% used [0x00000000eac00000,0x00000000ead21fa0,0x00000000ead80000)
  to   space 1536K, 60% used [0x00000000ead80000,0x00000000eae68000,0x00000000eaf00000)
 ParOldGen       total 382976K, used 382605K [0x00000000c0000000, 0x00000000d7600000, 0x00000000eab00000)
  object space 382976K, 99% used [0x00000000c0000000,0x00000000d75a3770,0x00000000d7600000)
 Metaspace       used 66170K, committed 67648K, reserved 1114112K
  class space    used 7469K, committed 8128K, reserved 1048576K

Card table byte_map: [0x000001c375c90000,0x000001c375ea0000] _byte_map_base: 0x000001c375690000

Marking Bits: (ParMarkBitMap*) 0x00007ffa327a2250
 Begin Bits: [0x000001c379640000, 0x000001c37a640000)
 End Bits:   [0x000001c37a640000, 0x000001c37b640000)

Polling page: 0x000001c374250000

Metaspace:

Usage:
  Non-class:     57.33 MB used.
      Class:      7.29 MB used.
       Both:     64.62 MB used.

Virtual space:
  Non-class space:       64.00 MB reserved,      58.12 MB ( 91%) committed,  1 nodes.
      Class space:        1.00 GB reserved,       7.94 MB ( <1%) committed,  1 nodes.
             Both:        1.06 GB reserved,      66.06 MB (  6%) committed. 

Chunk freelists:
   Non-Class:  5.11 MB
       Class:  7.91 MB
        Both:  13.02 MB

MaxMetaspaceSize: unlimited
CompressedClassSpaceSize: 1.00 GB
Initial GC threshold: 21.00 MB
Current GC threshold: 97.31 MB
CDS: on
 - commit_granule_bytes: 65536.
 - commit_granule_words: 8192.
 - virtual_space_node_default_size: 8388608.
 - enlarge_chunks_in_place: 1.
 - use_allocation_guard: 0.


Internal statistics:

num_allocs_failed_limit: 9.
num_arena_births: 1170.
num_arena_deaths: 42.
num_vsnodes_births: 2.
num_vsnodes_deaths: 0.
num_space_committed: 1057.
num_space_uncommitted: 0.
num_chunks_returned_to_freelist: 61.
num_chunks_taken_from_freelist: 4355.
num_chunk_merges: 19.
num_chunk_splits: 2648.
num_chunks_enlarged: 1478.
num_inconsistent_stats: 0.

CodeHeap 'non-profiled nmethods': size=120000Kb used=5862Kb max_used=5862Kb free=114137Kb
 bounds [0x000001c307ad0000, 0x000001c308090000, 0x000001c30f000000]
CodeHeap 'profiled nmethods': size=120000Kb used=17986Kb max_used=17986Kb free=102013Kb
 bounds [0x000001c300000000, 0x000001c3011a0000, 0x000001c307530000]
CodeHeap 'non-nmethods': size=5760Kb used=1420Kb max_used=1516Kb free=4339Kb
 bounds [0x000001c307530000, 0x000001c3077a0000, 0x000001c307ad0000]
 total_blobs=9038 nmethods=8303 adapters=641
 compilation: enabled
              stopped_count=0, restarted_count=0
 full_count=0

Compilation events (20 events):
Event: 34.528 Thread 0x000001c37d31a8b0 nmethod 9050% 0x000001c301181310 code [0x000001c301181ba0, 0x000001c301186dc0]
Event: 34.557 Thread 0x000001c37d31a8b0 9051       3       org.eclipse.jdt.internal.core.index.DiskIndex$IntList::asArray (23 bytes)
Event: 34.557 Thread 0x000001c37d31a8b0 nmethod 9051 0x000001c301189910 code [0x000001c301189ac0, 0x000001c301189d20]
Event: 34.560 Thread 0x000001c37d31a8b0 9052       3       org.eclipse.jdt.internal.core.util.Util::quickSort (101 bytes)
Event: 34.561 Thread 0x000001c37d31a8b0 nmethod 9052 0x000001c301189e10 code [0x000001c30118a000, 0x000001c30118a4c8]
Event: 34.563 Thread 0x000001c37b808f60 9053       4       org.eclipse.jdt.internal.core.util.Util::quickSort (101 bytes)
Event: 34.564 Thread 0x000001c37d31a8b0 9055 %     3       org.eclipse.jdt.internal.core.index.DiskIndex::writeCategoryTable @ 22 (252 bytes)
Event: 34.566 Thread 0x000001c37d31a8b0 nmethod 9055% 0x000001c30118a710 code [0x000001c30118aa20, 0x000001c30118bfc8]
Event: 34.566 Thread 0x000001c37d31a8b0 9056       3       org.eclipse.jdt.internal.core.index.DiskIndex::writeCategoryTable (252 bytes)
Event: 34.567 Thread 0x000001c37d31a8b0 nmethod 9056 0x000001c30118c710 code [0x000001c30118ca00, 0x000001c30118dce0]
Event: 34.570 Thread 0x000001c37d31a8b0 9058       3       org.eclipse.jdt.internal.core.index.DiskIndex::writeStreamInt (122 bytes)
Event: 34.570 Thread 0x000001c37d31a8b0 nmethod 9058 0x000001c30118e310 code [0x000001c30118e4c0, 0x000001c30118e748]
Event: 34.570 Thread 0x000001c37d31a8b0 9059       3       org.eclipse.jdt.internal.core.index.DiskIndex::writeDocumentNumbers (384 bytes)
Event: 34.571 Thread 0x000001c37d31a8b0 nmethod 9059 0x000001c30118e890 code [0x000001c30118eb20, 0x000001c30118f750]
Event: 34.571 Thread 0x000001c37d31a8b0 9060       3       org.eclipse.jdt.internal.core.util.Util::sort (16 bytes)
Event: 34.572 Thread 0x000001c37d31a8b0 nmethod 9060 0x000001c30118fd10 code [0x000001c30118fec0, 0x000001c301190028]
Event: 34.579 Thread 0x000001c37b808f60 nmethod 9053 0x000001c308088a10 code [0x000001c308088c00, 0x000001c3080892f0]
Event: 34.579 Thread 0x000001c37b808f60 9057 %     4       org.eclipse.jdt.internal.core.index.DiskIndex::writeCategoryTable @ 22 (252 bytes)
Event: 34.584 Thread 0x000001c37d31a8b0 9063       3       org.eclipse.jdt.internal.core.index.DiskIndex::writeStreamChars (220 bytes)
Event: 34.584 Thread 0x000001c37d31a8b0 nmethod 9063 0x000001c301190110 code [0x000001c301190320, 0x000001c301190890]

GC Heap History (20 events):
Event: 34.280 GC heap before
{Heap before GC invocations=291 (full 3):
 PSYoungGen      total 2560K, used 2145K [0x00000000eab00000, 0x00000000eaf00000, 0x0000000100000000)
  eden space 1024K, 98% used [0x00000000eab00000,0x00000000eabfb470,0x00000000eac00000)
  from space 1536K, 74% used [0x00000000eac00000,0x00000000ead1cfd0,0x00000000ead80000)
  to   space 1536K, 0% used [0x00000000ead80000,0x00000000ead80000,0x00000000eaf00000)
 ParOldGen       total 370176K, used 369992K [0x00000000c0000000, 0x00000000d6980000, 0x00000000eab00000)
  object space 370176K, 99% used [0x00000000c0000000,0x00000000d6952178,0x00000000d6980000)
 Metaspace       used 66147K, committed 67584K, reserved 1114112K
  class space    used 7469K, committed 8128K, reserved 1048576K
}
Event: 34.283 GC heap after
{Heap after GC invocations=291 (full 3):
 PSYoungGen      total 2560K, used 1127K [0x00000000eab00000, 0x00000000eaf00000, 0x0000000100000000)
  eden space 1024K, 0% used [0x00000000eab00000,0x00000000eab00000,0x00000000eac00000)
  from space 1536K, 73% used [0x00000000ead80000,0x00000000eae99fa0,0x00000000eaf00000)
  to   space 1536K, 0% used [0x00000000eac00000,0x00000000eac00000,0x00000000ead80000)
 ParOldGen       total 371200K, used 371030K [0x00000000c0000000, 0x00000000d6a80000, 0x00000000eab00000)
  object space 371200K, 99% used [0x00000000c0000000,0x00000000d6a55be8,0x00000000d6a80000)
 Metaspace       used 66147K, committed 67584K, reserved 1114112K
  class space    used 7469K, committed 8128K, reserved 1048576K
}
Event: 34.299 GC heap before
{Heap before GC invocations=292 (full 3):
 PSYoungGen      total 2560K, used 2074K [0x00000000eab00000, 0x00000000eaf00000, 0x0000000100000000)
  eden space 1024K, 92% used [0x00000000eab00000,0x00000000eabeca48,0x00000000eac00000)
  from space 1536K, 73% used [0x00000000ead80000,0x00000000eae99fa0,0x00000000eaf00000)
  to   space 1536K, 0% used [0x00000000eac00000,0x00000000eac00000,0x00000000ead80000)
 ParOldGen       total 371200K, used 371030K [0x00000000c0000000, 0x00000000d6a80000, 0x00000000eab00000)
  object space 371200K, 99% used [0x00000000c0000000,0x00000000d6a55be8,0x00000000d6a80000)
 Metaspace       used 66147K, committed 67584K, reserved 1114112K
  class space    used 7469K, committed 8128K, reserved 1048576K
}
Event: 34.303 GC heap after
{Heap after GC invocations=292 (full 3):
 PSYoungGen      total 2560K, used 1063K [0x00000000eab00000, 0x00000000eaf00000, 0x0000000100000000)
  eden space 1024K, 0% used [0x00000000eab00000,0x00000000eab00000,0x00000000eac00000)
  from space 1536K, 69% used [0x00000000eac00000,0x00000000ead09eb8,0x00000000ead80000)
  to   space 1536K, 0% used [0x00000000ead80000,0x00000000ead80000,0x00000000eaf00000)
 ParOldGen       total 372224K, used 372050K [0x00000000c0000000, 0x00000000d6b80000, 0x00000000eab00000)
  object space 372224K, 99% used [0x00000000c0000000,0x00000000d6b54ab0,0x00000000d6b80000)
 Metaspace       used 66147K, committed 67584K, reserved 1114112K
  class space    used 7469K, committed 8128K, reserved 1048576K
}
Event: 34.325 GC heap before
{Heap before GC invocations=293 (full 3):
 PSYoungGen      total 2560K, used 2001K [0x00000000eab00000, 0x00000000eaf00000, 0x0000000100000000)
  eden space 1024K, 91% used [0x00000000eab00000,0x00000000eabea6a0,0x00000000eac00000)
  from space 1536K, 69% used [0x00000000eac00000,0x00000000ead09eb8,0x00000000ead80000)
  to   space 1536K, 0% used [0x00000000ead80000,0x00000000ead80000,0x00000000eaf00000)
 ParOldGen       total 372224K, used 372050K [0x00000000c0000000, 0x00000000d6b80000, 0x00000000eab00000)
  object space 372224K, 99% used [0x00000000c0000000,0x00000000d6b54ab0,0x00000000d6b80000)
 Metaspace       used 66147K, committed 67584K, reserved 1114112K
  class space    used 7469K, committed 8128K, reserved 1048576K
}
Event: 34.328 GC heap after
{Heap after GC invocations=293 (full 3):
 PSYoungGen      total 2560K, used 1071K [0x00000000eab00000, 0x00000000eaf00000, 0x0000000100000000)
  eden space 1024K, 0% used [0x00000000eab00000,0x00000000eab00000,0x00000000eac00000)
  from space 1536K, 69% used [0x00000000ead80000,0x00000000eae8be58,0x00000000eaf00000)
  to   space 1536K, 0% used [0x00000000eac00000,0x00000000eac00000,0x00000000ead80000)
 ParOldGen       total 373248K, used 373025K [0x00000000c0000000, 0x00000000d6c80000, 0x00000000eab00000)
  object space 373248K, 99% used [0x00000000c0000000,0x00000000d6c48400,0x00000000d6c80000)
 Metaspace       used 66147K, committed 67584K, reserved 1114112K
  class space    used 7469K, committed 8128K, reserved 1048576K
}
Event: 34.347 GC heap before
{Heap before GC invocations=294 (full 3):
 PSYoungGen      total 2560K, used 2095K [0x00000000eab00000, 0x00000000eaf00000, 0x0000000100000000)
  eden space 1024K, 100% used [0x00000000eab00000,0x00000000eac00000,0x00000000eac00000)
  from space 1536K, 69% used [0x00000000ead80000,0x00000000eae8be58,0x00000000eaf00000)
  to   space 1536K, 0% used [0x00000000eac00000,0x00000000eac00000,0x00000000ead80000)
 ParOldGen       total 373248K, used 373025K [0x00000000c0000000, 0x00000000d6c80000, 0x00000000eab00000)
  object space 373248K, 99% used [0x00000000c0000000,0x00000000d6c48400,0x00000000d6c80000)
 Metaspace       used 66147K, committed 67584K, reserved 1114112K
  class space    used 7469K, committed 8128K, reserved 1048576K
}
Event: 34.350 GC heap after
{Heap after GC invocations=294 (full 3):
 PSYoungGen      total 2560K, used 1158K [0x00000000eab00000, 0x00000000eaf00000, 0x0000000100000000)
  eden space 1024K, 0% used [0x00000000eab00000,0x00000000eab00000,0x00000000eac00000)
  from space 1536K, 75% used [0x00000000eac00000,0x00000000ead21b60,0x00000000ead80000)
  to   space 1536K, 0% used [0x00000000ead80000,0x00000000ead80000,0x00000000eaf00000)
 ParOldGen       total 374272K, used 373989K [0x00000000c0000000, 0x00000000d6d80000, 0x00000000eab00000)
  object space 374272K, 99% used [0x00000000c0000000,0x00000000d6d397a8,0x00000000d6d80000)
 Metaspace       used 66147K, committed 67584K, reserved 1114112K
  class space    used 7469K, committed 8128K, reserved 1048576K
}
Event: 34.366 GC heap before
{Heap before GC invocations=295 (full 3):
 PSYoungGen      total 2560K, used 2080K [0x00000000eab00000, 0x00000000eaf00000, 0x0000000100000000)
  eden space 1024K, 90% used [0x00000000eab00000,0x00000000eabe6878,0x00000000eac00000)
  from space 1536K, 75% used [0x00000000eac00000,0x00000000ead21b60,0x00000000ead80000)
  to   space 1536K, 0% used [0x00000000ead80000,0x00000000ead80000,0x00000000eaf00000)
 ParOldGen       total 374272K, used 373989K [0x00000000c0000000, 0x00000000d6d80000, 0x00000000eab00000)
  object space 374272K, 99% used [0x00000000c0000000,0x00000000d6d397a8,0x00000000d6d80000)
 Metaspace       used 66147K, committed 67584K, reserved 1114112K
  class space    used 7469K, committed 8128K, reserved 1048576K
}
Event: 34.369 GC heap after
{Heap after GC invocations=295 (full 3):
 PSYoungGen      total 2560K, used 1015K [0x00000000eab00000, 0x00000000eaf00000, 0x0000000100000000)
  eden space 1024K, 0% used [0x00000000eab00000,0x00000000eab00000,0x00000000eac00000)
  from space 1536K, 66% used [0x00000000ead80000,0x00000000eae7dfa0,0x00000000eaf00000)
  to   space 1536K, 0% used [0x00000000eac00000,0x00000000eac00000,0x00000000ead80000)
 ParOldGen       total 375296K, used 375042K [0x00000000c0000000, 0x00000000d6e80000, 0x00000000eab00000)
  object space 375296K, 99% used [0x00000000c0000000,0x00000000d6e40820,0x00000000d6e80000)
 Metaspace       used 66147K, committed 67584K, reserved 1114112K
  class space    used 7469K, committed 8128K, reserved 1048576K
}
Event: 34.399 GC heap before
{Heap before GC invocations=296 (full 3):
 PSYoungGen      total 2560K, used 2039K [0x00000000eab00000, 0x00000000eaf00000, 0x0000000100000000)
  eden space 1024K, 99% used [0x00000000eab00000,0x00000000eabfffc8,0x00000000eac00000)
  from space 1536K, 66% used [0x00000000ead80000,0x00000000eae7dfa0,0x00000000eaf00000)
  to   space 1536K, 0% used [0x00000000eac00000,0x00000000eac00000,0x00000000ead80000)
 ParOldGen       total 375296K, used 375042K [0x00000000c0000000, 0x00000000d6e80000, 0x00000000eab00000)
  object space 375296K, 99% used [0x00000000c0000000,0x00000000d6e40820,0x00000000d6e80000)
 Metaspace       used 66147K, committed 67584K, reserved 1114112K
  class space    used 7469K, committed 8128K, reserved 1048576K
}
Event: 34.402 GC heap after
{Heap after GC invocations=296 (full 3):
 PSYoungGen      total 2560K, used 1175K [0x00000000eab00000, 0x00000000eaf00000, 0x0000000100000000)
  eden space 1024K, 0% used [0x00000000eab00000,0x00000000eab00000,0x00000000eac00000)
  from space 1536K, 76% used [0x00000000eac00000,0x00000000ead25fa0,0x00000000ead80000)
  to   space 1536K, 0% used [0x00000000ead80000,0x00000000ead80000,0x00000000eaf00000)
 ParOldGen       total 376320K, used 375955K [0x00000000c0000000, 0x00000000d6f80000, 0x00000000eab00000)
  object space 376320K, 99% used [0x00000000c0000000,0x00000000d6f24cd0,0x00000000d6f80000)
 Metaspace       used 66147K, committed 67584K, reserved 1114112K
  class space    used 7469K, committed 8128K, reserved 1048576K
}
Event: 34.433 GC heap before
{Heap before GC invocations=297 (full 3):
 PSYoungGen      total 2560K, used 2199K [0x00000000eab00000, 0x00000000eaf00000, 0x0000000100000000)
  eden space 1024K, 99% used [0x00000000eab00000,0x00000000eabfffd8,0x00000000eac00000)
  from space 1536K, 76% used [0x00000000eac00000,0x00000000ead25fa0,0x00000000ead80000)
  to   space 1536K, 0% used [0x00000000ead80000,0x00000000ead80000,0x00000000eaf00000)
 ParOldGen       total 376320K, used 375955K [0x00000000c0000000, 0x00000000d6f80000, 0x00000000eab00000)
  object space 376320K, 99% used [0x00000000c0000000,0x00000000d6f24cd0,0x00000000d6f80000)
 Metaspace       used 66147K, committed 67584K, reserved 1114112K
  class space    used 7469K, committed 8128K, reserved 1048576K
}
Event: 34.437 GC heap after
{Heap after GC invocations=297 (full 3):
 PSYoungGen      total 2560K, used 1139K [0x00000000eab00000, 0x00000000eaf00000, 0x0000000100000000)
  eden space 1024K, 0% used [0x00000000eab00000,0x00000000eab00000,0x00000000eac00000)
  from space 1536K, 74% used [0x00000000ead80000,0x00000000eae9cfd0,0x00000000eaf00000)
  to   space 1536K, 0% used [0x00000000eac00000,0x00000000eac00000,0x00000000ead80000)
 ParOldGen       total 377344K, used 377003K [0x00000000c0000000, 0x00000000d7080000, 0x00000000eab00000)
  object space 377344K, 99% used [0x00000000c0000000,0x00000000d702ac28,0x00000000d7080000)
 Metaspace       used 66147K, committed 67584K, reserved 1114112K
  class space    used 7469K, committed 8128K, reserved 1048576K
}
Event: 34.470 GC heap before
{Heap before GC invocations=298 (full 3):
 PSYoungGen      total 2560K, used 2149K [0x00000000eab00000, 0x00000000eaf00000, 0x0000000100000000)
  eden space 1024K, 98% used [0x00000000eab00000,0x00000000eabfc570,0x00000000eac00000)
  from space 1536K, 74% used [0x00000000ead80000,0x00000000eae9cfd0,0x00000000eaf00000)
  to   space 1536K, 0% used [0x00000000eac00000,0x00000000eac00000,0x00000000ead80000)
 ParOldGen       total 377344K, used 377003K [0x00000000c0000000, 0x00000000d7080000, 0x00000000eab00000)
  object space 377344K, 99% used [0x00000000c0000000,0x00000000d702ac28,0x00000000d7080000)
 Metaspace       used 66147K, committed 67584K, reserved 1114112K
  class space    used 7469K, committed 8128K, reserved 1048576K
}
Event: 34.473 GC heap after
{Heap after GC invocations=298 (full 3):
 PSYoungGen      total 2560K, used 1159K [0x00000000eab00000, 0x00000000eaf00000, 0x0000000100000000)
  eden space 1024K, 0% used [0x00000000eab00000,0x00000000eab00000,0x00000000eac00000)
  from space 1536K, 75% used [0x00000000eac00000,0x00000000ead21fa0,0x00000000ead80000)
  to   space 1536K, 0% used [0x00000000ead80000,0x00000000ead80000,0x00000000eaf00000)
 ParOldGen       total 378368K, used 378044K [0x00000000c0000000, 0x00000000d7180000, 0x00000000eab00000)
  object space 378368K, 99% used [0x00000000c0000000,0x00000000d712f138,0x00000000d7180000)
 Metaspace       used 66147K, committed 67584K, reserved 1114112K
  class space    used 7469K, committed 8128K, reserved 1048576K
}
Event: 34.499 GC heap before
{Heap before GC invocations=299 (full 3):
 PSYoungGen      total 2560K, used 2183K [0x00000000eab00000, 0x00000000eaf00000, 0x0000000100000000)
  eden space 1024K, 99% used [0x00000000eab00000,0x00000000eabffe20,0x00000000eac00000)
  from space 1536K, 75% used [0x00000000eac00000,0x00000000ead21fa0,0x00000000ead80000)
  to   space 1536K, 0% used [0x00000000ead80000,0x00000000ead80000,0x00000000eaf00000)
 ParOldGen       total 378368K, used 378044K [0x00000000c0000000, 0x00000000d7180000, 0x00000000eab00000)
  object space 378368K, 99% used [0x00000000c0000000,0x00000000d712f138,0x00000000d7180000)
 Metaspace       used 66147K, committed 67584K, reserved 1114112K
  class space    used 7469K, committed 8128K, reserved 1048576K
}
Event: 34.504 GC heap after
{Heap after GC invocations=299 (full 3):
 PSYoungGen      total 2560K, used 1147K [0x00000000eab00000, 0x00000000eaf00000, 0x0000000100000000)
  eden space 1024K, 0% used [0x00000000eab00000,0x00000000eab00000,0x00000000eac00000)
  from space 1536K, 74% used [0x00000000ead80000,0x00000000eae9ed50,0x00000000eaf00000)
  to   space 1536K, 0% used [0x00000000eac00000,0x00000000eac00000,0x00000000ead80000)
 ParOldGen       total 379392K, used 379065K [0x00000000c0000000, 0x00000000d7280000, 0x00000000eab00000)
  object space 379392K, 99% used [0x00000000c0000000,0x00000000d722e5b8,0x00000000d7280000)
 Metaspace       used 66147K, committed 67584K, reserved 1114112K
  class space    used 7469K, committed 8128K, reserved 1048576K
}
Event: 34.551 GC heap before
{Heap before GC invocations=300 (full 3):
 PSYoungGen      total 2560K, used 2171K [0x00000000eab00000, 0x00000000eaf00000, 0x0000000100000000)
  eden space 1024K, 100% used [0x00000000eab00000,0x00000000eac00000,0x00000000eac00000)
  from space 1536K, 74% used [0x00000000ead80000,0x00000000eae9ed50,0x00000000eaf00000)
  to   space 1536K, 0% used [0x00000000eac00000,0x00000000eac00000,0x00000000ead80000)
 ParOldGen       total 381440K, used 380577K [0x00000000c0000000, 0x00000000d7480000, 0x00000000eab00000)
  object space 381440K, 99% used [0x00000000c0000000,0x00000000d73a85b8,0x00000000d7480000)
 Metaspace       used 66165K, committed 67648K, reserved 1114112K
  class space    used 7469K, committed 8128K, reserved 1048576K
}
Event: 34.555 GC heap after
{Heap after GC invocations=300 (full 3):
 PSYoungGen      total 2560K, used 1159K [0x00000000eab00000, 0x00000000eaf00000, 0x0000000100000000)
  eden space 1024K, 0% used [0x00000000eab00000,0x00000000eab00000,0x00000000eac00000)
  from space 1536K, 75% used [0x00000000eac00000,0x00000000ead21fa0,0x00000000ead80000)
  to   space 1536K, 0% used [0x00000000ead80000,0x00000000ead80000,0x00000000eaf00000)
 ParOldGen       total 381952K, used 381624K [0x00000000c0000000, 0x00000000d7500000, 0x00000000eab00000)
  object space 381952K, 99% used [0x00000000c0000000,0x00000000d74ae2f0,0x00000000d7500000)
 Metaspace       used 66165K, committed 67648K, reserved 1114112K
  class space    used 7469K, committed 8128K, reserved 1048576K
}

Dll operation events (13 events):
Event: 0.030 Loaded shared library c:\Users\Tayyab Sattar\.vscode\extensions\redhat.java-1.39.0-win32-x64\jre\21.0.5-win32-x86_64\bin\java.dll
Event: 0.619 Loaded shared library c:\Users\Tayyab Sattar\.vscode\extensions\redhat.java-1.39.0-win32-x64\jre\21.0.5-win32-x86_64\bin\zip.dll
Event: 0.690 Loaded shared library C:\Users\Tayyab Sattar\.vscode\extensions\redhat.java-1.39.0-win32-x64\jre\21.0.5-win32-x86_64\bin\instrument.dll
Event: 0.701 Loaded shared library C:\Users\Tayyab Sattar\.vscode\extensions\redhat.java-1.39.0-win32-x64\jre\21.0.5-win32-x86_64\bin\net.dll
Event: 0.704 Loaded shared library C:\Users\Tayyab Sattar\.vscode\extensions\redhat.java-1.39.0-win32-x64\jre\21.0.5-win32-x86_64\bin\nio.dll
Event: 0.709 Loaded shared library C:\Users\Tayyab Sattar\.vscode\extensions\redhat.java-1.39.0-win32-x64\jre\21.0.5-win32-x86_64\bin\zip.dll
Event: 0.784 Loaded shared library C:\Users\Tayyab Sattar\.vscode\extensions\redhat.java-1.39.0-win32-x64\jre\21.0.5-win32-x86_64\bin\jimage.dll
Event: 1.171 Loaded shared library c:\Users\Tayyab Sattar\.vscode\extensions\redhat.java-1.39.0-win32-x64\jre\21.0.5-win32-x86_64\bin\verify.dll
Event: 6.185 Loaded shared library C:\Users\Tayyab Sattar\AppData\Roaming\Code\User\globalStorage\redhat.java\1.39.0\config_win\org.eclipse.equinox.launcher\org.eclipse.equinox.launcher.win32.win32.x86_64_1.2.1100.v20240722-2106\eclipse_11904.dll
Event: 11.922 Loaded shared library C:\Users\Tayyab Sattar\AppData\Local\Temp\jna-641008433\jna11777205803404703266.dll
Event: 18.351 Loaded shared library C:\Users\Tayyab Sattar\.gradle\native\c067742578af261105cb4f569cf0c3c89f3d7b1fecec35dd04571415982c5e48\windows-amd64\native-platform.dll
Event: 22.194 Loaded shared library C:\Users\Tayyab Sattar\.vscode\extensions\redhat.java-1.39.0-win32-x64\jre\21.0.5-win32-x86_64\bin\management.dll
Event: 22.206 Loaded shared library C:\Users\Tayyab Sattar\.vscode\extensions\redhat.java-1.39.0-win32-x64\jre\21.0.5-win32-x86_64\bin\management_ext.dll

Deoptimization events (20 events):
Event: 33.453 Thread 0x000001c37ec749b0 DEOPT PACKING pc=0x000001c30118008b sp=0x00000098caafed30
Event: 33.453 Thread 0x000001c37ec749b0 DEOPT UNPACKING pc=0x000001c307584242 sp=0x00000098caafe1f8 mode 0
Event: 33.455 Thread 0x000001c37ec749b0 DEOPT PACKING pc=0x000001c30118008b sp=0x00000098caafed30
Event: 33.455 Thread 0x000001c37ec749b0 DEOPT UNPACKING pc=0x000001c307584242 sp=0x00000098caafe1f8 mode 0
Event: 33.456 Thread 0x000001c37ec749b0 DEOPT PACKING pc=0x000001c30118008b sp=0x00000098caafed30
Event: 33.457 Thread 0x000001c37ec749b0 DEOPT UNPACKING pc=0x000001c307584242 sp=0x00000098caafe1f8 mode 0
Event: 33.459 Thread 0x000001c37ec749b0 DEOPT PACKING pc=0x000001c30118008b sp=0x00000098caafed30
Event: 33.459 Thread 0x000001c37ec749b0 DEOPT UNPACKING pc=0x000001c307584242 sp=0x00000098caafe1f8 mode 0
Event: 33.460 Thread 0x000001c37ec749b0 DEOPT PACKING pc=0x000001c30118008b sp=0x00000098caafed30
Event: 33.460 Thread 0x000001c37ec749b0 DEOPT UNPACKING pc=0x000001c307584242 sp=0x00000098caafe1f8 mode 0
Event: 33.462 Thread 0x000001c37ec749b0 DEOPT PACKING pc=0x000001c30118001a sp=0x00000098caafed30
Event: 33.462 Thread 0x000001c37ec749b0 DEOPT UNPACKING pc=0x000001c307584242 sp=0x00000098caafe1f8 mode 0
Event: 33.464 Thread 0x000001c37ec749b0 DEOPT PACKING pc=0x000001c30118001a sp=0x00000098caafed30
Event: 33.464 Thread 0x000001c37ec749b0 DEOPT UNPACKING pc=0x000001c307584242 sp=0x00000098caafe1f8 mode 0
Event: 33.469 Thread 0x000001c37ec749b0 DEOPT PACKING pc=0x000001c30118008b sp=0x00000098caafed30
Event: 33.469 Thread 0x000001c37ec749b0 DEOPT UNPACKING pc=0x000001c307584242 sp=0x00000098caafe1f8 mode 0
Event: 34.583 Thread 0x000001c37ec749b0 Uncommon trap: trap_request=0xffffff45 fr.pc=0x000001c308065514 relative=0x0000000000000454
Event: 34.583 Thread 0x000001c37ec749b0 Uncommon trap: reason=unstable_if action=reinterpret pc=0x000001c308065514 method=org.eclipse.jdt.internal.core.index.DiskIndex.writeStreamChars(Ljava/io/FileOutputStream;[C)V @ 9 c2
Event: 34.583 Thread 0x000001c37ec749b0 DEOPT PACKING pc=0x000001c308065514 sp=0x00000098caafebf0
Event: 34.583 Thread 0x000001c37ec749b0 DEOPT UNPACKING pc=0x000001c307583aa2 sp=0x00000098caafeb60 mode 2

Classes loaded (20 events):
Event: 26.961 Loading class java/util/stream/IntPipeline$StatelessOp done
Event: 26.961 Loading class java/util/stream/ReferencePipeline$4 done
Event: 26.963 Loading class java/util/stream/Nodes$IntFixedNodeBuilder
Event: 26.963 Loading class sun/nio/ch/ChannelOutputStream
Event: 26.963 Loading class sun/nio/ch/ChannelOutputStream done
Event: 26.964 Loading class java/util/stream/Node$Builder$OfInt
Event: 26.964 Loading class java/util/stream/Sink$OfInt
Event: 26.965 Loading class java/util/stream/Sink$OfInt done
Event: 26.965 Loading class java/util/stream/Node$Builder$OfInt done
Event: 26.965 Loading class java/util/stream/Nodes$IntArrayNode
Event: 26.965 Loading class java/util/stream/Nodes$IntArrayNode done
Event: 26.965 Loading class java/util/stream/Nodes$IntFixedNodeBuilder done
Event: 26.965 Loading class java/util/stream/ReferencePipeline$4$1
Event: 26.965 Loading class java/util/stream/ReferencePipeline$4$1 done
Event: 27.556 Loading class java/nio/charset/CharacterCodingException
Event: 27.556 Loading class java/nio/charset/CharacterCodingException done
Event: 27.556 Loading class java/io/SequenceInputStream
Event: 27.556 Loading class java/io/SequenceInputStream done
Event: 27.577 Loading class java/util/regex/PatternSyntaxException
Event: 27.578 Loading class java/util/regex/PatternSyntaxException done

Classes unloaded (20 events):
Event: 13.815 Thread 0x000001c37b7e30f0 Unloading class 0x000001c3101a0800 'java/lang/invoke/LambdaForm$MH+0x000001c3101a0800'
Event: 13.815 Thread 0x000001c37b7e30f0 Unloading class 0x000001c3101a0400 'java/lang/invoke/LambdaForm$MH+0x000001c3101a0400'
Event: 13.815 Thread 0x000001c37b7e30f0 Unloading class 0x000001c3101a0000 'java/lang/invoke/LambdaForm$MH+0x000001c3101a0000'
Event: 13.815 Thread 0x000001c37b7e30f0 Unloading class 0x000001c31019fc00 'java/lang/invoke/LambdaForm$BMH+0x000001c31019fc00'
Event: 13.815 Thread 0x000001c37b7e30f0 Unloading class 0x000001c31019f800 'java/lang/invoke/LambdaForm$DMH+0x000001c31019f800'
Event: 13.815 Thread 0x000001c37b7e30f0 Unloading class 0x000001c31019e400 'java/lang/invoke/LambdaForm$DMH+0x000001c31019e400'
Event: 15.953 Thread 0x000001c37b7e30f0 Unloading class 0x000001c3102b6000 'java/lang/invoke/LambdaForm$MH+0x000001c3102b6000'
Event: 15.953 Thread 0x000001c37b7e30f0 Unloading class 0x000001c3102b5400 'java/lang/invoke/LambdaForm$MH+0x000001c3102b5400'
Event: 15.953 Thread 0x000001c37b7e30f0 Unloading class 0x000001c3102b4c00 'java/lang/invoke/LambdaForm$MH+0x000001c3102b4c00'
Event: 15.953 Thread 0x000001c37b7e30f0 Unloading class 0x000001c3102b4800 'java/lang/invoke/LambdaForm$MH+0x000001c3102b4800'
Event: 15.953 Thread 0x000001c37b7e30f0 Unloading class 0x000001c3102b4000 'java/lang/invoke/LambdaForm$DMH+0x000001c3102b4000'
Event: 15.953 Thread 0x000001c37b7e30f0 Unloading class 0x000001c3102b3400 'java/lang/invoke/LambdaForm$MH+0x000001c3102b3400'
Event: 15.953 Thread 0x000001c37b7e30f0 Unloading class 0x000001c3102afc00 'java/lang/invoke/LambdaForm$MH+0x000001c3102afc00'
Event: 15.953 Thread 0x000001c37b7e30f0 Unloading class 0x000001c3102af800 'java/lang/invoke/LambdaForm$MH+0x000001c3102af800'
Event: 15.953 Thread 0x000001c37b7e30f0 Unloading class 0x000001c3102aec00 'java/lang/invoke/LambdaForm$MH+0x000001c3102aec00'
Event: 15.953 Thread 0x000001c37b7e30f0 Unloading class 0x000001c3102ae400 'java/lang/invoke/LambdaForm$MH+0x000001c3102ae400'
Event: 15.953 Thread 0x000001c37b7e30f0 Unloading class 0x000001c3102ae000 'java/lang/invoke/LambdaForm$MH+0x000001c3102ae000'
Event: 15.953 Thread 0x000001c37b7e30f0 Unloading class 0x000001c3102ad400 'java/lang/invoke/LambdaForm$MH+0x000001c3102ad400'
Event: 15.953 Thread 0x000001c37b7e30f0 Unloading class 0x000001c3102acc00 'java/lang/invoke/LambdaForm$MH+0x000001c3102acc00'
Event: 15.953 Thread 0x000001c37b7e30f0 Unloading class 0x000001c3102ac800 'java/lang/invoke/LambdaForm$MH+0x000001c3102ac800'

Classes redefined (0 events):
No events

Internal exceptions (20 events):
Event: 24.248 Thread 0x000001c37de66310 Exception <a 'java/io/FileNotFoundException'{0x00000000eb476d00}> (0x00000000eb476d00) 
thrown [s\src\hotspot\share\prims\jni.cpp, line 520]
Event: 24.249 Thread 0x000001c37de66310 Exception <a 'java/io/FileNotFoundException'{0x00000000eb4784f0}> (0x00000000eb4784f0) 
thrown [s\src\hotspot\share\prims\jni.cpp, line 520]
Event: 24.249 Thread 0x000001c37de66310 Exception <a 'java/io/FileNotFoundException'{0x00000000eb4797f8}> (0x00000000eb4797f8) 
thrown [s\src\hotspot\share\prims\jni.cpp, line 520]
Event: 24.249 Thread 0x000001c37de66310 Exception <a 'java/io/FileNotFoundException'{0x00000000eb47a850}> (0x00000000eb47a850) 
thrown [s\src\hotspot\share\prims\jni.cpp, line 520]
Event: 24.911 Thread 0x000001c37de66310 Exception <a 'sun/nio/fs/WindowsException'{0x00000000eae29ab8}> (0x00000000eae29ab8) 
thrown [s\src\hotspot\share\prims\jni.cpp, line 520]
Event: 24.916 Thread 0x000001c3544c7d70 Exception <a 'sun/nio/fs/WindowsException'{0x00000000eaee02a0}> (0x00000000eaee02a0) 
thrown [s\src\hotspot\share\prims\jni.cpp, line 520]
Event: 24.916 Thread 0x000001c357016930 Exception <a 'sun/nio/fs/WindowsException'{0x00000000eaeeb7e8}> (0x00000000eaeeb7e8) 
thrown [s\src\hotspot\share\prims\jni.cpp, line 520]
Event: 24.917 Thread 0x000001c3570134b0 Exception <a 'sun/nio/fs/WindowsException'{0x00000000eaf1d778}> (0x00000000eaf1d778) 
thrown [s\src\hotspot\share\prims\jni.cpp, line 520]
Event: 24.917 Thread 0x000001c3544c7d70 Exception <a 'sun/nio/fs/WindowsException'{0x00000000eaee5cf0}> (0x00000000eaee5cf0) 
thrown [s\src\hotspot\share\prims\jni.cpp, line 520]
Event: 24.918 Thread 0x000001c3544c7d70 Exception <a 'sun/nio/fs/WindowsException'{0x00000000eaee7658}> (0x00000000eaee7658) 
thrown [s\src\hotspot\share\prims\jni.cpp, line 520]
Event: 24.920 Thread 0x000001c357011a70 Exception <a 'sun/nio/fs/WindowsException'{0x00000000eaf28c88}> (0x00000000eaf28c88) 
thrown [s\src\hotspot\share\prims\jni.cpp, line 520]
Event: 24.921 Thread 0x000001c357016930 Exception <a 'sun/nio/fs/WindowsException'{0x00000000eaeed5a0}> (0x00000000eaeed5a0) 
thrown [s\src\hotspot\share\prims\jni.cpp, line 520]
Event: 26.670 Thread 0x000001c37de66310 Exception <a 'java/lang/NoSuchMethodError'{0x00000000eab16a20}: 'int java.lang.invoke.DirectMethodHandle$Holder.invokeSpecialIFC(java.lang.Object, java.lang.Object, java.lang.Object)'> (0x00000000eab16a20) 
thrown [s\src\hotspot\share\interpreter\linkResolver.cpp, line 773]
Event: 26.954 Thread 0x000001c37de66310 Exception <a 'java/lang/NoSuchMethodError'{0x00000000eb0b1dc0}: 'java.lang.Object java.lang.invoke.DirectMethodHandle$Holder.newInvokeSpecial(java.lang.Object, java.lang.Object, int, int, java.lang.Object)'> (0x00000000eb0b1dc0) 
thrown [s\src\hotspot\share\interpreter\linkResolver.cpp, line 773]
Event: 27.125 Thread 0x000001c37ec749b0 Implicit null exception at 0x000001c307f1d394 to 0x000001c307f227a8
Event: 27.431 Thread 0x000001c37de66310 Exception <a 'sun/nio/fs/WindowsException'{0x00000000eab2cd88}> (0x00000000eab2cd88) 
thrown [s\src\hotspot\share\prims\jni.cpp, line 520]
Event: 27.431 Thread 0x000001c37de66310 Exception <a 'sun/nio/fs/WindowsException'{0x00000000eab2d478}> (0x00000000eab2d478) 
thrown [s\src\hotspot\share\prims\jni.cpp, line 520]
Event: 27.491 Thread 0x000001c37ec77110 Exception <a 'java/lang/NoSuchMethodError'{0x00000000ead0ad70}: 'java.lang.Object java.lang.invoke.DirectMethodHandle$Holder.invokeStatic(java.lang.Object, java.lang.Object, int, java.lang.Object)'> (0x00000000ead0ad70) 
thrown [s\src\hotspot\share\interpreter\linkResolver.cpp, line 773]
Event: 27.592 Thread 0x000001c37ec77110 Exception <a 'java/io/FileNotFoundException'{0x00000000eadffcc8}> (0x00000000eadffcc8) 
thrown [s\src\hotspot\share\prims\jni.cpp, line 520]
Event: 27.592 Thread 0x000001c37ec77110 Exception <a 'java/io/FileNotFoundException'{0x00000000eae21208}> (0x00000000eae21208) 
thrown [s\src\hotspot\share\prims\jni.cpp, line 520]

ZGC Phase Switch (0 events):
No events

VM Operations (20 events):
Event: 34.280 Executing VM operation: ParallelGCFailedAllocation (Allocation Failure)
Event: 34.283 Executing VM operation: ParallelGCFailedAllocation (Allocation Failure) done
Event: 34.299 Executing VM operation: ParallelGCFailedAllocation (Allocation Failure)
Event: 34.303 Executing VM operation: ParallelGCFailedAllocation (Allocation Failure) done
Event: 34.325 Executing VM operation: ParallelGCFailedAllocation (Allocation Failure)
Event: 34.328 Executing VM operation: ParallelGCFailedAllocation (Allocation Failure) done
Event: 34.347 Executing VM operation: ParallelGCFailedAllocation (Allocation Failure)
Event: 34.350 Executing VM operation: ParallelGCFailedAllocation (Allocation Failure) done
Event: 34.366 Executing VM operation: ParallelGCFailedAllocation (Allocation Failure)
Event: 34.369 Executing VM operation: ParallelGCFailedAllocation (Allocation Failure) done
Event: 34.399 Executing VM operation: ParallelGCFailedAllocation (Allocation Failure)
Event: 34.402 Executing VM operation: ParallelGCFailedAllocation (Allocation Failure) done
Event: 34.433 Executing VM operation: ParallelGCFailedAllocation (Allocation Failure)
Event: 34.437 Executing VM operation: ParallelGCFailedAllocation (Allocation Failure) done
Event: 34.470 Executing VM operation: ParallelGCFailedAllocation (Allocation Failure)
Event: 34.473 Executing VM operation: ParallelGCFailedAllocation (Allocation Failure) done
Event: 34.499 Executing VM operation: ParallelGCFailedAllocation (Allocation Failure)
Event: 34.504 Executing VM operation: ParallelGCFailedAllocation (Allocation Failure) done
Event: 34.551 Executing VM operation: ParallelGCFailedAllocation (Allocation Failure)
Event: 34.555 Executing VM operation: ParallelGCFailedAllocation (Allocation Failure) done

Memory protections (0 events):
No events

Nmethod flushes (20 events):
Event: 24.398 Thread 0x000001c37b7e30f0 flushing  nmethod 0x000001c30090c090
Event: 24.398 Thread 0x000001c37b7e30f0 flushing  nmethod 0x000001c30090c410
Event: 24.398 Thread 0x000001c37b7e30f0 flushing  nmethod 0x000001c30090c910
Event: 24.398 Thread 0x000001c37b7e30f0 flushing  nmethod 0x000001c30090cd10
Event: 24.398 Thread 0x000001c37b7e30f0 flushing  nmethod 0x000001c30090d590
Event: 24.398 Thread 0x000001c37b7e30f0 flushing  nmethod 0x000001c30090da10
Event: 24.398 Thread 0x000001c37b7e30f0 flushing  nmethod 0x000001c30090e790
Event: 24.398 Thread 0x000001c37b7e30f0 flushing  nmethod 0x000001c30090f290
Event: 24.398 Thread 0x000001c37b7e30f0 flushing  nmethod 0x000001c30090f810
Event: 24.398 Thread 0x000001c37b7e30f0 flushing  nmethod 0x000001c300910d90
Event: 24.398 Thread 0x000001c37b7e30f0 flushing  nmethod 0x000001c300911390
Event: 24.398 Thread 0x000001c37b7e30f0 flushing  nmethod 0x000001c300912990
Event: 24.398 Thread 0x000001c37b7e30f0 flushing  nmethod 0x000001c300912d10
Event: 24.398 Thread 0x000001c37b7e30f0 flushing  nmethod 0x000001c300913510
Event: 24.398 Thread 0x000001c37b7e30f0 flushing  nmethod 0x000001c300932c10
Event: 24.398 Thread 0x000001c37b7e30f0 flushing  nmethod 0x000001c300960110
Event: 24.398 Thread 0x000001c37b7e30f0 flushing  nmethod 0x000001c30096ef10
Event: 24.398 Thread 0x000001c37b7e30f0 flushing  nmethod 0x000001c300970110
Event: 24.398 Thread 0x000001c37b7e30f0 flushing  nmethod 0x000001c300970d10
Event: 24.398 Thread 0x000001c37b7e30f0 flushing  nmethod 0x000001c30097c390

Events (20 events):
Event: 25.011 Thread 0x000001c37de66310 Thread added: 0x000001c357014ef0
Event: 25.011 Thread 0x000001c37de66310 Thread added: 0x000001c357015580
Event: 25.012 Thread 0x000001c37de66310 Thread added: 0x000001c3570162a0
Event: 25.012 Thread 0x000001c37de66310 Thread added: 0x000001c357010030
Event: 26.806 Thread 0x000001c37de66310 Thread added: 0x000001c357017650
Event: 26.955 Thread 0x000001c37de66310 Thread added: 0x000001c357012790
Event: 26.970 Thread 0x000001c37de66310 Thread added: 0x000001c3570106c0
Event: 27.004 Thread 0x000001c37de66310 Thread added: 0x000001c3570113e0
Event: 27.025 Thread 0x000001c37de66310 Thread added: 0x000001c36036b220
Event: 27.026 Thread 0x000001c37de66310 Thread added: 0x000001c36036e010
Event: 27.026 Thread 0x000001c37de66310 Thread added: 0x000001c36036b8b0
Event: 31.081 Thread 0x000001c354146f80 Thread exited: 0x000001c354146f80
Event: 32.070 Thread 0x000001c37b808f60 Thread added: 0x000001c35fb8ae50
Event: 32.437 Thread 0x000001c35fb8ae50 Thread exited: 0x000001c35fb8ae50
Event: 32.448 Thread 0x000001c37d31a8b0 Thread added: 0x000001c354156f60
Event: 32.736 Thread 0x000001c354156f60 Thread exited: 0x000001c354156f60
Event: 33.069 Thread 0x000001c37d31a8b0 Thread added: 0x000001c354156f60
Event: 33.171 Thread 0x000001c37d31a8b0 Thread added: 0x000001c3575944b0
Event: 33.594 Thread 0x000001c3575944b0 Thread exited: 0x000001c3575944b0
Event: 34.520 Thread 0x000001c354156f60 Thread exited: 0x000001c354156f60


Dynamic libraries:
0x00007ff7a2d90000 - 0x00007ff7a2d9e000 	c:\Users\Tayyab Sattar\.vscode\extensions\redhat.java-1.39.0-win32-x64\jre\21.0.5-win32-x86_64\bin\java.exe
0x00007ffa9c9b0000 - 0x00007ffa9cbc7000 	C:\Windows\SYSTEM32\ntdll.dll
0x00007ffa9b050000 - 0x00007ffa9b114000 	C:\Windows\System32\KERNEL32.DLL
0x00007ffa99f00000 - 0x00007ffa9a2ba000 	C:\Windows\System32\KERNELBASE.dll
0x00007ffa9a340000 - 0x00007ffa9a451000 	C:\Windows\System32\ucrtbase.dll
0x00007ffa950c0000 - 0x00007ffa950d8000 	c:\Users\Tayyab Sattar\.vscode\extensions\redhat.java-1.39.0-win32-x64\jre\21.0.5-win32-x86_64\bin\jli.dll
0x00007ffa9a940000 - 0x00007ffa9aaee000 	C:\Windows\System32\USER32.dll
0x00007ffa950a0000 - 0x00007ffa950be000 	c:\Users\Tayyab Sattar\.vscode\extensions\redhat.java-1.39.0-win32-x64\jre\21.0.5-win32-x86_64\bin\VCRUNTIME140.dll
0x00007ffa9a600000 - 0x00007ffa9a626000 	C:\Windows\System32\win32u.dll
0x00007ffa9b4c0000 - 0x00007ffa9b4e9000 	C:\Windows\System32\GDI32.dll
0x00007ffa99de0000 - 0x00007ffa99efb000 	C:\Windows\System32\gdi32full.dll
0x00007ffa99c80000 - 0x00007ffa99d1a000 	C:\Windows\System32\msvcp_win.dll
0x00007ffa761f0000 - 0x00007ffa76482000 	C:\Windows\WinSxS\amd64_microsoft.windows.common-controls_6595b64144ccf1df_6.0.22621.4541_none_2710d1c57384c085\COMCTL32.dll
0x00007ffa9b9f0000 - 0x00007ffa9ba97000 	C:\Windows\System32\msvcrt.dll
0x00007ffa9c800000 - 0x00007ffa9c831000 	C:\Windows\System32\IMM32.DLL
0x00007ffa95090000 - 0x00007ffa9509c000 	c:\Users\Tayyab Sattar\.vscode\extensions\redhat.java-1.39.0-win32-x64\jre\21.0.5-win32-x86_64\bin\vcruntime140_1.dll
0x00007ffa95000000 - 0x00007ffa9508d000 	c:\Users\Tayyab Sattar\.vscode\extensions\redhat.java-1.39.0-win32-x64\jre\21.0.5-win32-x86_64\bin\msvcp140.dll
0x00007ffa31af0000 - 0x00007ffa3287f000 	c:\Users\Tayyab Sattar\.vscode\extensions\redhat.java-1.39.0-win32-x64\jre\21.0.5-win32-x86_64\bin\server\jvm.dll
0x00007ffa9c740000 - 0x00007ffa9c7f2000 	C:\Windows\System32\ADVAPI32.dll
0x00007ffa9c8c0000 - 0x00007ffa9c967000 	C:\Windows\System32\sechost.dll
0x00007ffa9a460000 - 0x00007ffa9a488000 	C:\Windows\System32\bcrypt.dll
0x00007ffa9a6c0000 - 0x00007ffa9a7d4000 	C:\Windows\System32\RPCRT4.dll
0x00007ffa9b120000 - 0x00007ffa9b191000 	C:\Windows\System32\WS2_32.dll
0x00007ffa99b50000 - 0x00007ffa99b9d000 	C:\Windows\SYSTEM32\POWRPROF.dll
0x00007ffa92cf0000 - 0x00007ffa92d24000 	C:\Windows\SYSTEM32\WINMM.dll
0x00007ffa953c0000 - 0x00007ffa953ca000 	C:\Windows\SYSTEM32\VERSION.dll
0x00007ffa99b30000 - 0x00007ffa99b43000 	C:\Windows\SYSTEM32\UMPDC.dll
0x00007ffa98c80000 - 0x00007ffa98c98000 	C:\Windows\SYSTEM32\kernel.appcore.dll
0x00007ffa94ff0000 - 0x00007ffa94ffa000 	c:\Users\Tayyab Sattar\.vscode\extensions\redhat.java-1.39.0-win32-x64\jre\21.0.5-win32-x86_64\bin\jimage.dll
0x00007ffa97490000 - 0x00007ffa976c2000 	C:\Windows\SYSTEM32\DBGHELP.DLL
0x00007ffa9c3b0000 - 0x00007ffa9c73f000 	C:\Windows\System32\combase.dll
0x00007ffa9b750000 - 0x00007ffa9b827000 	C:\Windows\System32\OLEAUT32.dll
0x00007ffa80fc0000 - 0x00007ffa80ff2000 	C:\Windows\SYSTEM32\dbgcore.DLL
0x00007ffa9a2c0000 - 0x00007ffa9a33b000 	C:\Windows\System32\bcryptPrimitives.dll
0x00007ffa94fe0000 - 0x00007ffa94fef000 	c:\Users\Tayyab Sattar\.vscode\extensions\redhat.java-1.39.0-win32-x64\jre\21.0.5-win32-x86_64\bin\instrument.dll
0x00007ffa94fc0000 - 0x00007ffa94fdf000 	c:\Users\Tayyab Sattar\.vscode\extensions\redhat.java-1.39.0-win32-x64\jre\21.0.5-win32-x86_64\bin\java.dll
0x00007ffa9baa0000 - 0x00007ffa9c318000 	C:\Windows\System32\SHELL32.dll
0x00007ffa97b70000 - 0x00007ffa98478000 	C:\Windows\SYSTEM32\windows.storage.dll
0x00007ffa97a30000 - 0x00007ffa97b6f000 	C:\Windows\SYSTEM32\wintypes.dll
0x00007ffa9b3c0000 - 0x00007ffa9b4ba000 	C:\Windows\System32\SHCORE.dll
0x00007ffa9ab10000 - 0x00007ffa9ab6e000 	C:\Windows\System32\shlwapi.dll
0x00007ffa99bb0000 - 0x00007ffa99bdb000 	C:\Windows\SYSTEM32\profapi.dll
0x00007ffa94fa0000 - 0x00007ffa94fb8000 	c:\Users\Tayyab Sattar\.vscode\extensions\redhat.java-1.39.0-win32-x64\jre\21.0.5-win32-x86_64\bin\zip.dll
0x00007ffa94f90000 - 0x00007ffa94fa0000 	C:\Users\Tayyab Sattar\.vscode\extensions\redhat.java-1.39.0-win32-x64\jre\21.0.5-win32-x86_64\bin\net.dll
0x00007ffa92670000 - 0x00007ffa927a6000 	C:\Windows\SYSTEM32\WINHTTP.dll
0x00007ffa990f0000 - 0x00007ffa99159000 	C:\Windows\system32\mswsock.dll
0x00007ffa930f0000 - 0x00007ffa93106000 	C:\Users\Tayyab Sattar\.vscode\extensions\redhat.java-1.39.0-win32-x64\jre\21.0.5-win32-x86_64\bin\nio.dll
0x00007ffa930e0000 - 0x00007ffa930f0000 	c:\Users\Tayyab Sattar\.vscode\extensions\redhat.java-1.39.0-win32-x64\jre\21.0.5-win32-x86_64\bin\verify.dll
0x00007ffa84170000 - 0x00007ffa841b5000 	C:\Users\Tayyab Sattar\AppData\Roaming\Code\User\globalStorage\redhat.java\1.39.0\config_win\org.eclipse.equinox.launcher\org.eclipse.equinox.launcher.win32.win32.x86_64_1.2.1100.v20240722-2106\eclipse_11904.dll
0x00007ffa9b5a0000 - 0x00007ffa9b745000 	C:\Windows\System32\ole32.dll
0x00007ffa99440000 - 0x00007ffa9945b000 	C:\Windows\SYSTEM32\CRYPTSP.dll
0x00007ffa98be0000 - 0x00007ffa98c15000 	C:\Windows\system32\rsaenh.dll
0x00007ffa99190000 - 0x00007ffa991b8000 	C:\Windows\SYSTEM32\USERENV.dll
0x00007ffa99420000 - 0x00007ffa9942c000 	C:\Windows\SYSTEM32\CRYPTBASE.dll
0x00007ffa986e0000 - 0x00007ffa9870d000 	C:\Windows\SYSTEM32\IPHLPAPI.DLL
0x00007ffa9a6b0000 - 0x00007ffa9a6b9000 	C:\Windows\System32\NSI.dll
0x00007ffa844e0000 - 0x00007ffa84529000 	C:\Users\Tayyab Sattar\AppData\Local\Temp\jna-641008433\jna11777205803404703266.dll
0x00007ffa9b3b0000 - 0x00007ffa9b3b8000 	C:\Windows\System32\PSAPI.DLL
0x00007ffa92590000 - 0x00007ffa925a9000 	C:\Windows\SYSTEM32\dhcpcsvc6.DLL
0x00007ffa92450000 - 0x00007ffa9246f000 	C:\Windows\SYSTEM32\dhcpcsvc.DLL
0x00007ffa32da0000 - 0x00007ffa32dc7000 	C:\Users\Tayyab Sattar\.gradle\native\c067742578af261105cb4f569cf0c3c89f3d7b1fecec35dd04571415982c5e48\windows-amd64\native-platform.dll
0x00007ffa92e20000 - 0x00007ffa92e2a000 	C:\Users\Tayyab Sattar\.vscode\extensions\redhat.java-1.39.0-win32-x64\jre\21.0.5-win32-x86_64\bin\management.dll
0x00007ffa927d0000 - 0x00007ffa927db000 	C:\Users\Tayyab Sattar\.vscode\extensions\redhat.java-1.39.0-win32-x64\jre\21.0.5-win32-x86_64\bin\management_ext.dll

dbghelp: loaded successfully - version: 4.0.5 - missing functions: none
symbol engine: initialized successfully - sym options: 0x614 - pdb path: .;c:\Users\Tayyab Sattar\.vscode\extensions\redhat.java-1.39.0-win32-x64\jre\21.0.5-win32-x86_64\bin;C:\Windows\SYSTEM32;C:\Windows\WinSxS\amd64_microsoft.windows.common-controls_6595b64144ccf1df_6.0.22621.4541_none_2710d1c57384c085;c:\Users\Tayyab Sattar\.vscode\extensions\redhat.java-1.39.0-win32-x64\jre\21.0.5-win32-x86_64\bin\server;C:\Users\Tayyab Sattar\AppData\Roaming\Code\User\globalStorage\redhat.java\1.39.0\config_win\org.eclipse.equinox.launcher\org.eclipse.equinox.launcher.win32.win32.x86_64_1.2.1100.v20240722-2106;C:\Users\Tayyab Sattar\AppData\Local\Temp\jna-641008433;C:\Users\Tayyab Sattar\.gradle\native\c067742578af261105cb4f569cf0c3c89f3d7b1fecec35dd04571415982c5e48\windows-amd64

VM Arguments:
jvm_args: --add-modules=ALL-SYSTEM --add-opens=java.base/java.util=ALL-UNNAMED --add-opens=java.base/java.lang=ALL-UNNAMED --add-opens=java.base/sun.nio.fs=ALL-UNNAMED -Declipse.application=org.eclipse.jdt.ls.core.id1 -Dosgi.bundles.defaultStartLevel=4 -Declipse.product=org.eclipse.jdt.ls.core.product -Djava.import.generatesMetadataFilesAtProjectRoot=false -DDetectVMInstallationsJob.disabled=true -Dfile.encoding=utf8 -XX:+UseParallelGC -XX:GCTimeRatio=4 -XX:AdaptiveSizePolicyWeight=90 -Dsun.zip.disableMemoryMapping=true -Xmx1G -Xms100m -Xlog:disable -javaagent:c:\Users\Tayyab Sattar\.vscode\extensions\redhat.java-1.39.0-win32-x64\lombok\lombok-1.18.34.jar -XX:+HeapDumpOnOutOfMemoryError -XX:HeapDumpPath=c:\Users\Tayyab Sattar\AppData\Roaming\Code\User\workspaceStorage\1ce230621ab0d52ed27e429712b24673\redhat.java -Daether.dependencyCollector.impl=bf 
java_command: c:\Users\Tayyab Sattar\.vscode\extensions\redhat.java-1.39.0-win32-x64\server\plugins\org.eclipse.equinox.launcher_1.6.900.v20240613-2009.jar -configuration c:\Users\Tayyab Sattar\AppData\Roaming\Code\User\globalStorage\redhat.java\1.39.0\config_win -data c:\Users\Tayyab Sattar\AppData\Roaming\Code\User\workspaceStorage\1ce230621ab0d52ed27e429712b24673\redhat.java\jdt_ws --pipe=\\.\pipe\lsp-a9fdaddb51ca3779b6b056aeeef47218-sock
java_class_path (initial): c:\Users\Tayyab Sattar\.vscode\extensions\redhat.java-1.39.0-win32-x64\server\plugins\org.eclipse.equinox.launcher_1.6.900.v20240613-2009.jar
Launcher Type: SUN_STANDARD

[Global flags]
    uintx AdaptiveSizePolicyWeight                 = 90                                        {product} {command line}
     intx CICompilerCount                          = 4                                         {product} {ergonomic}
    uintx GCTimeRatio                              = 4                                         {product} {command line}
     bool HeapDumpOnOutOfMemoryError               = true                                   {manageable} {command line}
    ccstr HeapDumpPath                             = c:\Users\Tayyab Sattar\AppData\Roaming\Code\User\workspaceStorage\1ce230621ab0d52ed27e429712b24673\redhat.java         {manageable} {command line}
   size_t InitialHeapSize                          = 104857600                                 {product} {command line}
   size_t MaxHeapSize                              = 1073741824                                {product} {command line}
   size_t MaxNewSize                               = 357564416                                 {product} {ergonomic}
   size_t MinHeapDeltaBytes                        = 524288                                    {product} {ergonomic}
   size_t MinHeapSize                              = 104857600                                 {product} {command line}
   size_t NewSize                                  = 34603008                                  {product} {ergonomic}
    uintx NonNMethodCodeHeapSize                   = 5839372                                {pd product} {ergonomic}
    uintx NonProfiledCodeHeapSize                  = 122909434                              {pd product} {ergonomic}
   size_t OldSize                                  = 70254592                                  {product} {ergonomic}
    uintx ProfiledCodeHeapSize                     = 122909434                              {pd product} {ergonomic}
    uintx ReservedCodeCacheSize                    = 251658240                              {pd product} {ergonomic}
     bool SegmentedCodeCache                       = true                                      {product} {ergonomic}
   size_t SoftMaxHeapSize                          = 1073741824                             {manageable} {ergonomic}
     bool UseCompressedOops                        = true                           {product lp64_product} {ergonomic}
     bool UseLargePagesIndividualAllocation        = false                                  {pd product} {ergonomic}
     bool UseParallelGC                            = true                                      {product} {command line}

Logging:
Log output configuration:
 #0: stdout all=off uptime,level,tags foldmultilines=false
 #1: stderr all=off uptime,level,tags foldmultilines=false

Environment Variables:
JAVA_HOME=C:\Program Files\Microsoft\jdk-17.0.13.11-hotspot\
PATH=C:\Program Files\Microsoft\jdk-17.0.13.11-hotspot\bin;C:\Windows\system32;C:\Windows;C:\Windows\System32\Wbem;C:\Windows\System32\WindowsPowerShell\v1.0\;C:\Windows\System32\OpenSSH\;C:\Program Files\Git\cmd;C:\MinGW\bin;C:\MinGW\bin;C:\Program Files\Microsoft SQL Server\150\Tools\Binn\;C:\Program Files\Microsoft SQL Server\Client SDK\ODBC\170\Tools\Binn\;C:\Program Files\dotnet\;C:\Program Files (x86)\Microsoft SQL Server\160\DTS\Binn\;C:\Program Files (x86)\Microsoft SQL Server\160\Tools\Binn\;C:\Program Files\Microsoft SQL Server\160\Tools\Binn\;C:\Program Files\Microsoft SQL Server\160\DTS\Binn\;C:\ProgramData\chocolatey\bin;C:\Program Files\nodejs\;D:\software\Andriod_SDK\platform-tools
USERNAME=Tayyab Sattar
OS=Windows_NT
PROCESSOR_IDENTIFIER=Intel64 Family 6 Model 142 Stepping 12, GenuineIntel
TMP=C:\Users\TAYYAB~1\AppData\Local\Temp
TEMP=C:\Users\TAYYAB~1\AppData\Local\Temp




Periodic native trim disabled

---------------  S Y S T E M  ---------------

OS:
 Windows 11 , 64 bit Build 22621 (10.0.22621.4391)
OS uptime: 0 days 2:48 hours
Hyper-V role detected

CPU: total 8 (initial active 8) (4 cores per cpu, 2 threads per core) family 6 model 142 stepping 12 microcode 0xf8, cx8, cmov, fxsr, ht, mmx, 3dnowpref, sse, sse2, sse3, ssse3, sse4.1, sse4.2, popcnt, lzcnt, tsc, tscinvbit, avx, avx2, aes, erms, clmul, bmi1, bmi2, adx, fma, vzeroupper, clflush, clflushopt, hv, rdtscp, f16c
Processor Information for all 8 processors :
  Max Mhz: 1800, Current Mhz: 1600, Mhz Limit: 1584

Memory: 4k page, system-wide physical 7998M (801M free)
TotalPageFile size 19588M (AvailPageFile size 0M)
current process WorkingSet (physical memory assigned to process): 724M, peak: 724M
current process commit charge ("private bytes"): 639M, peak: 948M

vm_info: OpenJDK 64-Bit Server VM (21.0.5+11-LTS) for windows-amd64 JRE (21.0.5+11-LTS), built on 2024-10-15T00:00:00Z by "admin" with MS VC++ 17.7 (VS2022)

END.
